Log file open, 11/19/19 19:34:29
LogWindows: Failed to load 'aqProf.dll' (GetLastError=126)
LogWindows: File 'aqProf.dll' does not exist
LogWindows: Failed to load 'VtuneApi.dll' (GetLastError=126)
LogWindows: File 'VtuneApi.dll' does not exist
LogWindows: Failed to load 'VtuneApi32e.dll' (GetLastError=126)
LogWindows: File 'VtuneApi32e.dll' does not exist
LogConsoleResponse: Display: Failed to find resolution value strings in scalability ini. Falling back to default.
LogInit: Display: Running engine for game: WAR
LogPakFile: Registered encryption key '00000000000000000000000000000000': 0 pak files mounted, 0 remain pending
LogPlatformFile: Not using cached read wrapper
LogTaskGraph: Started task graph with 5 named threads and 23 total threads with 3 sets of task threads.
LogStats: Stats thread started at 4.556468
LogD3D11RHI: Loaded GFSDK_Aftermath_Lib.x64.dll
LogICUInternationalization: ICU TimeZone Detection - Raw Offset: -6:00, Platform Override: ''
LogPluginManager: Mounting plugin Paper2D
LogPluginManager: Mounting plugin AISupport
LogPluginManager: Mounting plugin LightPropagationVolume
LogPluginManager: Mounting plugin ActorLayerUtilities
LogPluginManager: Mounting plugin AnimationSharing
LogPluginManager: Mounting plugin CLionSourceCodeAccess
LogPluginManager: Mounting plugin CodeLiteSourceCodeAccess
LogPluginManager: Mounting plugin GitSourceControl
LogPluginManager: Mounting plugin KDevelopSourceCodeAccess
LogPluginManager: Mounting plugin NullSourceCodeAccess
LogPluginManager: Mounting plugin PerforceSourceControl
LogPluginManager: Mounting plugin SubversionSourceControl
LogPluginManager: Mounting plugin UObjectPlugin
LogPluginManager: Mounting plugin VisualStudioCodeSourceCodeAccess
LogPluginManager: Mounting plugin VisualStudioSourceCodeAccess
LogPluginManager: Mounting plugin XCodeSourceCodeAccess
LogPluginManager: Mounting plugin AssetManagerEditor
LogPluginManager: Mounting plugin CryptoKeys
LogPluginManager: Mounting plugin DataValidation
LogPluginManager: Mounting plugin FacialAnimation
LogPluginManager: Mounting plugin GameplayTagsEditor
LogPluginManager: Mounting plugin MacGraphicsSwitching
LogPluginManager: Mounting plugin MaterialAnalyzer
LogPluginManager: Mounting plugin MobileLauncherProfileWizard
LogPluginManager: Mounting plugin PluginBrowser
LogPluginManager: Mounting plugin SpeedTreeImporter
LogPluginManager: Mounting plugin DatasmithContent
LogPluginManager: Mounting plugin VariantManagerContent
LogPluginManager: Mounting plugin AlembicImporter
LogPluginManager: Mounting plugin AppleImageUtils
LogPluginManager: Mounting plugin AppleVision
LogPluginManager: Mounting plugin BackChannel
LogPluginManager: Mounting plugin CharacterAI
LogPluginManager: Mounting plugin GeometryCache
LogPluginManager: Mounting plugin HTML5Networking
LogPluginManager: Mounting plugin ProxyLODPlugin
LogPluginManager: Mounting plugin SkeletalReduction
LogPluginManager: Mounting plugin MagicLeap
LogPluginManager: Mounting plugin MagicLeapMedia
LogPluginManager: Mounting plugin AndroidMedia
LogPluginManager: Mounting plugin AvfMedia
LogPluginManager: Mounting plugin ImgMedia
LogPluginManager: Mounting plugin LinearTimecode
LogPluginManager: Mounting plugin MediaCompositing
LogPluginManager: Mounting plugin MediaPlayerEditor
LogPluginManager: Mounting plugin WebMMedia
LogPluginManager: Mounting plugin WmfMedia
LogPluginManager: Mounting plugin TcpMessaging
LogPluginManager: Mounting plugin UdpMessaging
LogPluginManager: Mounting plugin ActorSequence
LogPluginManager: Mounting plugin LevelSequenceEditor
LogPluginManager: Mounting plugin MatineeToLevelSequence
LogPluginManager: Mounting plugin NetcodeUnitTest
LogPluginManager: Mounting plugin NUTUnrealEngine4
LogPluginManager: Mounting plugin OnlineSubsystemGooglePlay
LogPluginManager: Mounting plugin OnlineSubsystemIOS
LogPluginManager: Mounting plugin OnlineSubsystem
LogPluginManager: Mounting plugin OnlineSubsystemNull
LogPluginManager: Mounting plugin OnlineSubsystemUtils
LogPluginManager: Mounting plugin LauncherChunkInstaller
LogPluginManager: Mounting plugin AndroidDeviceProfileSelector
LogPluginManager: Mounting plugin AndroidMoviePlayer
LogPluginManager: Mounting plugin AndroidPermission
LogPluginManager: Mounting plugin AppleMoviePlayer
LogPluginManager: Mounting plugin ArchVisCharacter
LogPluginManager: Mounting plugin AudioCapture
LogPluginManager: Mounting plugin CableComponent
LogPluginManager: Mounting plugin CustomMeshComponent
LogPluginManager: Mounting plugin EditableMesh
LogPluginManager: Mounting plugin ExampleDeviceProfileSelector
LogPluginManager: Mounting plugin Firebase
LogPluginManager: Mounting plugin GoogleCloudMessaging
LogPluginManager: Mounting plugin IOSDeviceProfileSelector
LogPluginManager: Mounting plugin LinuxDeviceProfileSelector
LogPluginManager: Mounting plugin LocationServicesBPLibrary
LogPluginManager: Mounting plugin MobilePatchingUtils
LogPluginManager: Mounting plugin OculusVR
LogPluginManager: Mounting plugin PhysXVehicles
LogPluginManager: Mounting plugin ProceduralMeshComponent
LogPluginManager: Mounting plugin RuntimePhysXCooking
LogPluginManager: Mounting plugin SignificanceManager
LogPluginManager: Mounting plugin SteamVR
LogPluginManager: Mounting plugin WebMMoviePlayer
LogPluginManager: Mounting plugin WindowsMoviePlayer
LogInit: Using libcurl 7.55.1-DEV
LogInit:  - built for x86_64-pc-win32
LogInit:  - supports SSL with OpenSSL/1.1.1
LogInit:  - supports HTTP deflate (compression) using libz 1.2.8
LogInit:  - other features:
LogInit:      CURL_VERSION_SSL
LogInit:      CURL_VERSION_LIBZ
LogInit:      CURL_VERSION_IPV6
LogInit:      CURL_VERSION_ASYNCHDNS
LogInit:      CURL_VERSION_LARGEFILE
LogInit:      CURL_VERSION_IDN
LogInit:  CurlRequestOptions (configurable via config and command line):
LogInit:  - bVerifyPeer = true  - Libcurl will verify peer certificate
LogInit:  - bUseHttpProxy = false  - Libcurl will NOT use HTTP proxy
LogInit:  - bDontReuseConnections = false  - Libcurl will reuse connections
LogInit:  - MaxHostConnections = 16  - Libcurl will limit the number of connections to a host
LogInit:  - LocalHostAddr = Default
LogInit:  - BufferSize = 65536
LogInit: WinSock: version 1.1 (2.2), MaxSocks=32767, MaxUdp=65467
LogHMD: Failed initializing OVRPlugin 1.32.0
LogInit: Build: ++UE4+Release-4.22-CL-7053642
LogInit: Engine Version: 4.22.3-7053642+++UE4+Release-4.22
LogInit: Compatible Engine Version: 4.22.0-5660361+++UE4+Release-4.22
LogInit: Net CL: 5660361
LogInit: OS: Windows 10 (Release 1703) (), CPU: Intel(R) Core(TM) i7-4770 CPU @ 3.40GHz, GPU: AMD Radeon HD 8570
LogInit: Compiled (64-bit): Jun 18 2019 03:09:11
LogInit: Compiled with Visual C++: 19.16.27025.01
LogInit: Build Configuration: Development
LogInit: Branch Name: ++UE4+Release-4.22
LogInit: Command Line: 
LogInit: Base Directory: C:/UE_4.22/Engine/Binaries/Win64/
LogInit: Installed Engine Build: 1
LogDevObjectVersion: Number of dev versions registered: 23
LogDevObjectVersion:   Dev-Blueprints (B0D832E4-1F89-4F0D-ACCF-7EB736FD4AA2): 10
LogDevObjectVersion:   Dev-Build (E1C64328-A22C-4D53-A36C-8E866417BD8C): 0
LogDevObjectVersion:   Dev-Core (375EC13C-06E4-48FB-B500-84F0262A717E): 3
LogDevObjectVersion:   Dev-Editor (E4B068ED-F494-42E9-A231-DA0B2E46BB41): 30
LogDevObjectVersion:   Dev-Framework (CFFC743F-43B0-4480-9391-14DF171D2073): 35
LogDevObjectVersion:   Dev-Mobile (B02B49B5-BB20-44E9-A304-32B752E40360): 2
LogDevObjectVersion:   Dev-Networking (A4E4105C-59A1-49B5-A7C5-40C4547EDFEE): 0
LogDevObjectVersion:   Dev-Online (39C831C9-5AE6-47DC-9A44-9C173E1C8E7C): 0
LogDevObjectVersion:   Dev-Physics (78F01B33-EBEA-4F98-B9B4-84EACCB95AA2): 0
LogDevObjectVersion:   Dev-Platform (6631380F-2D4D-43E0-8009-CF276956A95A): 0
LogDevObjectVersion:   Dev-Rendering (12F88B9F-8875-4AFC-A67C-D90C383ABD29): 28
LogDevObjectVersion:   Dev-Sequencer (7B5AE74C-D270-4C10-A958-57980B212A5A): 11
LogDevObjectVersion:   Dev-VR (D7296918-1DD6-4BDD-9DE2-64A83CC13884): 2
LogDevObjectVersion:   Dev-LoadTimes (C2A15278-BFE7-4AFE-6C17-90FF531DF755): 1
LogDevObjectVersion:   Private-Geometry (6EACA3D4-40EC-4CC1-B786-8BED09428FC5): 3
LogDevObjectVersion:   Dev-AnimPhys (29E575DD-E0A3-4627-9D10-D276232CDCEA): 17
LogDevObjectVersion:   Dev-Anim (AF43A65D-7FD3-4947-9873-3E8ED9C1BB05): 2
LogDevObjectVersion:   Dev-ReflectionCapture (6B266CEC-1EC7-4B8F-A30B-E4D90942FC07): 1
LogDevObjectVersion:   Dev-Automation (0DF73D61-A23F-47EA-B727-89E90C41499A): 1
LogDevObjectVersion:   FortniteMain (601D1886-AC64-4F84-AA16-D3DE0DEAC7D6): 25
LogDevObjectVersion:   Dev-Enterprise (9DFFBCD6-494F-0158-E221-12823C92A888): 6
LogDevObjectVersion:   Dev-Niagara (F2AED0AC-9AFE-416F-8664-AA7FFA26D6FC): 1
LogDevObjectVersion:   Dev-Destruction (174F1F0B-B4C6-45A5-B13F-2EE8D0FB917D): 2
LogInit: Presizing for max 16777216 objects, including 0 objects not considered by GC, pre-allocating 0 bytes for permanent pool.
LogInit: Object subsystem initialized
LogConfig: Setting CVar [[con.DebugEarlyDefault:1]]
LogConfig: Setting CVar [[r.setres:1280x720]]
[2019.11.20-01.34.32:334][  0]LogConfig: Setting CVar [[r.VSync:0]]
[2019.11.20-01.34.32:334][  0]LogConfig: Setting CVar [[r.RHICmdBypass:0]]
[2019.11.20-01.34.32:336][  0]LogConfig: Applying CVar settings from Section [/Script/Engine.RendererSettings] File [C:/Users/W207542133/Desktop/WAR/WAR/Saved/Config/Windows/Engine.ini]
[2019.11.20-01.34.32:336][  0]LogConfig: Setting CVar [[r.GPUCrashDebugging:0]]
[2019.11.20-01.34.32:336][  0]LogConfig: Applying CVar settings from Section [/Script/Engine.RendererOverrideSettings] File [C:/Users/W207542133/Desktop/WAR/WAR/Saved/Config/Windows/Engine.ini]
[2019.11.20-01.34.32:336][  0]LogConfig: Applying CVar settings from Section [/Script/Engine.StreamingSettings] File [C:/Users/W207542133/Desktop/WAR/WAR/Saved/Config/Windows/Engine.ini]
[2019.11.20-01.34.32:336][  0]LogConfig: Setting CVar [[s.MinBulkDataSizeForAsyncLoading:131072]]
[2019.11.20-01.34.32:336][  0]LogConfig: Setting CVar [[s.AsyncLoadingThreadEnabled:0]]
[2019.11.20-01.34.32:336][  0]LogConfig: Setting CVar [[s.EventDrivenLoaderEnabled:1]]
[2019.11.20-01.34.32:337][  0]LogConfig: Setting CVar [[s.WarnIfTimeLimitExceeded:0]]
[2019.11.20-01.34.32:337][  0]LogConfig: Setting CVar [[s.TimeLimitExceededMultiplier:1.5]]
[2019.11.20-01.34.32:337][  0]LogConfig: Setting CVar [[s.TimeLimitExceededMinTime:0.005]]
[2019.11.20-01.34.32:337][  0]LogConfig: Setting CVar [[s.UseBackgroundLevelStreaming:1]]
[2019.11.20-01.34.32:337][  0]LogConfig: Setting CVar [[s.PriorityAsyncLoadingExtraTime:15.0]]
[2019.11.20-01.34.32:337][  0]LogConfig: Setting CVar [[s.LevelStreamingActorsUpdateTimeLimit:5.0]]
[2019.11.20-01.34.32:337][  0]LogConfig: Setting CVar [[s.PriorityLevelStreamingActorsUpdateExtraTime:5.0]]
[2019.11.20-01.34.32:337][  0]LogConfig: Setting CVar [[s.LevelStreamingComponentsRegistrationGranularity:10]]
[2019.11.20-01.34.32:337][  0]LogConfig: Setting CVar [[s.UnregisterComponentsTimeLimit:1.0]]
[2019.11.20-01.34.32:338][  0]LogConfig: Setting CVar [[s.LevelStreamingComponentsUnregistrationGranularity:5]]
[2019.11.20-01.34.32:338][  0]LogConfig: Applying CVar settings from Section [/Script/Engine.GarbageCollectionSettings] File [C:/Users/W207542133/Desktop/WAR/WAR/Saved/Config/Windows/Engine.ini]
[2019.11.20-01.34.32:338][  0]LogConfig: Setting CVar [[gc.MaxObjectsNotConsideredByGC:1]]
[2019.11.20-01.34.32:338][  0]LogConfig: Setting CVar [[gc.SizeOfPermanentObjectPool:0]]
[2019.11.20-01.34.32:338][  0]LogConfig: Setting CVar [[gc.FlushStreamingOnGC:0]]
[2019.11.20-01.34.32:338][  0]LogConfig: Setting CVar [[gc.NumRetriesBeforeForcingGC:10]]
[2019.11.20-01.34.32:338][  0]LogConfig: Setting CVar [[gc.AllowParallelGC:1]]
[2019.11.20-01.34.32:338][  0]LogConfig: Setting CVar [[gc.TimeBetweenPurgingPendingKillObjects:61.1]]
[2019.11.20-01.34.32:338][  0]LogConfig: Setting CVar [[gc.MaxObjectsInEditor:16777216]]
[2019.11.20-01.34.32:338][  0]LogConfig: Setting CVar [[gc.IncrementalBeginDestroyEnabled:1]]
[2019.11.20-01.34.32:338][  0]LogConfig: Setting CVar [[gc.CreateGCClusters:1]]
[2019.11.20-01.34.32:338][  0]LogConfig: Setting CVar [[gc.MinGCClusterSize:5]]
[2019.11.20-01.34.32:339][  0]LogConfig: Setting CVar [[gc.ActorClusteringEnabled:0]]
[2019.11.20-01.34.32:339][  0]LogConfig: Setting CVar [[gc.BlueprintClusteringEnabled:0]]
[2019.11.20-01.34.32:339][  0]LogConfig: Setting CVar [[gc.UseDisregardForGCOnDedicatedServers:0]]
[2019.11.20-01.34.32:339][  0]LogConfig: Applying CVar settings from Section [/Script/Engine.NetworkSettings] File [C:/Users/W207542133/Desktop/WAR/WAR/Saved/Config/Windows/Engine.ini]
[2019.11.20-01.34.32:339][  0]LogConfig: Applying CVar settings from Section [/Script/UnrealEd.CookerSettings] File [C:/Users/W207542133/Desktop/WAR/WAR/Saved/Config/Windows/Engine.ini]
[2019.11.20-01.34.32:392][  0]LogConfig: Applying CVar settings from Section [ViewDistanceQuality@3] File [C:/Users/W207542133/Desktop/WAR/WAR/Saved/Config/Windows/Scalability.ini]
[2019.11.20-01.34.32:392][  0]LogConfig: Setting CVar [[r.SkeletalMeshLODBias:0]]
[2019.11.20-01.34.32:392][  0]LogConfig: Setting CVar [[r.ViewDistanceScale:1.0]]
[2019.11.20-01.34.32:392][  0]LogConfig: Applying CVar settings from Section [AntiAliasingQuality@3] File [C:/Users/W207542133/Desktop/WAR/WAR/Saved/Config/Windows/Scalability.ini]
[2019.11.20-01.34.32:392][  0]LogConfig: Setting CVar [[r.PostProcessAAQuality:4]]
[2019.11.20-01.34.32:392][  0]LogConfig: Applying CVar settings from Section [ShadowQuality@3] File [C:/Users/W207542133/Desktop/WAR/WAR/Saved/Config/Windows/Scalability.ini]
[2019.11.20-01.34.32:392][  0]LogConfig: Setting CVar [[r.LightFunctionQuality:1]]
[2019.11.20-01.34.32:392][  0]LogConfig: Setting CVar [[r.ShadowQuality:5]]
[2019.11.20-01.34.32:392][  0]LogConfig: Setting CVar [[r.Shadow.CSM.MaxCascades:10]]
[2019.11.20-01.34.32:392][  0]LogConfig: Setting CVar [[r.Shadow.MaxResolution:2048]]
[2019.11.20-01.34.32:392][  0]LogConfig: Setting CVar [[r.Shadow.MaxCSMResolution:2048]]
[2019.11.20-01.34.32:392][  0]LogConfig: Setting CVar [[r.Shadow.RadiusThreshold:0.01]]
[2019.11.20-01.34.32:392][  0]LogConfig: Setting CVar [[r.Shadow.DistanceScale:1.0]]
[2019.11.20-01.34.32:392][  0]LogConfig: Setting CVar [[r.Shadow.CSM.TransitionScale:1.0]]
[2019.11.20-01.34.32:392][  0]LogConfig: Setting CVar [[r.Shadow.PreShadowResolutionFactor:1.0]]
[2019.11.20-01.34.32:392][  0]LogConfig: Setting CVar [[r.DistanceFieldShadowing:1]]
[2019.11.20-01.34.32:392][  0]LogConfig: Setting CVar [[r.DistanceFieldAO:1]]
[2019.11.20-01.34.32:392][  0]LogConfig: Setting CVar [[r.AOQuality:2]]
[2019.11.20-01.34.32:392][  0]LogConfig: Setting CVar [[r.VolumetricFog:1]]
[2019.11.20-01.34.32:392][  0]LogConfig: Setting CVar [[r.VolumetricFog.GridPixelSize:8]]
[2019.11.20-01.34.32:392][  0]LogConfig: Setting CVar [[r.VolumetricFog.GridSizeZ:128]]
[2019.11.20-01.34.32:392][  0]LogConfig: Setting CVar [[r.VolumetricFog.HistoryMissSupersampleCount:4]]
[2019.11.20-01.34.32:393][  0]LogConfig: Setting CVar [[r.LightMaxDrawDistanceScale:1]]
[2019.11.20-01.34.32:393][  0]LogConfig: Setting CVar [[r.CapsuleShadows:1]]
[2019.11.20-01.34.32:393][  0]LogConfig: Applying CVar settings from Section [PostProcessQuality@3] File [C:/Users/W207542133/Desktop/WAR/WAR/Saved/Config/Windows/Scalability.ini]
[2019.11.20-01.34.32:393][  0]LogConfig: Setting CVar [[r.MotionBlurQuality:4]]
[2019.11.20-01.34.32:393][  0]LogConfig: Setting CVar [[r.AmbientOcclusionMipLevelFactor:0.4]]
[2019.11.20-01.34.32:393][  0]LogConfig: Setting CVar [[r.AmbientOcclusionMaxQuality:100]]
[2019.11.20-01.34.32:393][  0]LogConfig: Setting CVar [[r.AmbientOcclusionLevels:-1]]
[2019.11.20-01.34.32:393][  0]LogConfig: Setting CVar [[r.AmbientOcclusionRadiusScale:1.0]]
[2019.11.20-01.34.32:393][  0]LogConfig: Setting CVar [[r.DepthOfFieldQuality:2]]
[2019.11.20-01.34.32:393][  0]LogConfig: Setting CVar [[r.RenderTargetPoolMin:400]]
[2019.11.20-01.34.32:393][  0]LogConfig: Setting CVar [[r.LensFlareQuality:2]]
[2019.11.20-01.34.32:393][  0]LogConfig: Setting CVar [[r.SceneColorFringeQuality:1]]
[2019.11.20-01.34.32:393][  0]LogConfig: Setting CVar [[r.EyeAdaptationQuality:2]]
[2019.11.20-01.34.32:393][  0]LogConfig: Setting CVar [[r.BloomQuality:5]]
[2019.11.20-01.34.32:393][  0]LogConfig: Setting CVar [[r.FastBlurThreshold:100]]
[2019.11.20-01.34.32:393][  0]LogConfig: Setting CVar [[r.Upscale.Quality:3]]
[2019.11.20-01.34.32:393][  0]LogConfig: Setting CVar [[r.Tonemapper.GrainQuantization:1]]
[2019.11.20-01.34.32:393][  0]LogConfig: Setting CVar [[r.LightShaftQuality:1]]
[2019.11.20-01.34.32:393][  0]LogConfig: Setting CVar [[r.Filter.SizeScale:1]]
[2019.11.20-01.34.32:393][  0]LogConfig: Setting CVar [[r.Tonemapper.Quality:5]]
[2019.11.20-01.34.32:393][  0]LogConfig: Setting CVar [[r.DOF.Gather.AccumulatorQuality:1        ; higher gathering accumulator quality]]
[2019.11.20-01.34.32:393][  0]LogConfig: Setting CVar [[r.DOF.Gather.PostfilterMethod:1          ; Median3x3 postfilering method]]
[2019.11.20-01.34.32:393][  0]LogConfig: Setting CVar [[r.DOF.Gather.EnableBokehSettings:0       ; no bokeh simulation when gathering]]
[2019.11.20-01.34.32:393][  0]LogConfig: Setting CVar [[r.DOF.Gather.RingCount:4                 ; medium number of samples when gathering]]
[2019.11.20-01.34.32:393][  0]LogConfig: Setting CVar [[r.DOF.Scatter.ForegroundCompositing:1    ; additive foreground scattering]]
[2019.11.20-01.34.32:393][  0]LogConfig: Setting CVar [[r.DOF.Scatter.BackgroundCompositing:2    ; additive background scattering]]
[2019.11.20-01.34.32:393][  0]LogConfig: Setting CVar [[r.DOF.Scatter.EnableBokehSettings:1      ; bokeh simulation when scattering]]
[2019.11.20-01.34.32:393][  0]LogConfig: Setting CVar [[r.DOF.Scatter.MaxSpriteRatio:0.1         ; only a maximum of 10% of scattered bokeh]]
[2019.11.20-01.34.32:393][  0]LogConfig: Setting CVar [[r.DOF.Recombine.Quality:1                ; cheap slight out of focus]]
[2019.11.20-01.34.32:393][  0]LogConfig: Setting CVar [[r.DOF.Recombine.EnableBokehSettings:0    ; no bokeh simulation on slight out of focus]]
[2019.11.20-01.34.32:394][  0]LogConfig: Setting CVar [[r.DOF.TemporalAAQuality:1                ; more stable temporal accumulation]]
[2019.11.20-01.34.32:394][  0]LogConfig: Setting CVar [[r.DOF.Kernel.MaxForegroundRadius:0.025]]
[2019.11.20-01.34.32:394][  0]LogConfig: Setting CVar [[r.DOF.Kernel.MaxBackgroundRadius:0.025]]
[2019.11.20-01.34.32:394][  0]LogConfig: Applying CVar settings from Section [TextureQuality@3] File [C:/Users/W207542133/Desktop/WAR/WAR/Saved/Config/Windows/Scalability.ini]
[2019.11.20-01.34.32:394][  0]LogConfig: Setting CVar [[r.Streaming.MipBias:0]]
[2019.11.20-01.34.32:394][  0]LogConfig: Setting CVar [[r.Streaming.AmortizeCPUToGPUCopy:0]]
[2019.11.20-01.34.32:394][  0]LogConfig: Setting CVar [[r.Streaming.MaxNumTexturesToStreamPerFrame:0]]
[2019.11.20-01.34.32:394][  0]LogConfig: Setting CVar [[r.Streaming.Boost:1]]
[2019.11.20-01.34.32:394][  0]LogConfig: Setting CVar [[r.MaxAnisotropy:8]]
[2019.11.20-01.34.32:394][  0]LogConfig: Setting CVar [[r.Streaming.LimitPoolSizeToVRAM:0]]
[2019.11.20-01.34.32:394][  0]LogConfig: Setting CVar [[r.Streaming.PoolSize:1000]]
[2019.11.20-01.34.32:394][  0]LogConfig: Setting CVar [[r.Streaming.MaxEffectiveScreenSize:0]]
[2019.11.20-01.34.32:394][  0]LogConfig: Applying CVar settings from Section [EffectsQuality@3] File [C:/Users/W207542133/Desktop/WAR/WAR/Saved/Config/Windows/Scalability.ini]
[2019.11.20-01.34.32:394][  0]LogConfig: Setting CVar [[r.TranslucencyLightingVolumeDim:64]]
[2019.11.20-01.34.32:394][  0]LogConfig: Setting CVar [[r.RefractionQuality:2]]
[2019.11.20-01.34.32:394][  0]LogConfig: Setting CVar [[r.SSR.Quality:3]]
[2019.11.20-01.34.32:394][  0]LogConfig: Setting CVar [[r.SceneColorFormat:4]]
[2019.11.20-01.34.32:394][  0]LogConfig: Setting CVar [[r.DetailMode:2]]
[2019.11.20-01.34.32:394][  0]LogConfig: Setting CVar [[r.TranslucencyVolumeBlur:1]]
[2019.11.20-01.34.32:394][  0]LogConfig: Setting CVar [[r.MaterialQualityLevel:1 ; High quality]]
[2019.11.20-01.34.32:394][  0]LogConfig: Setting CVar [[r.SSS.Scale:1]]
[2019.11.20-01.34.32:394][  0]LogConfig: Setting CVar [[r.SSS.SampleSet:2]]
[2019.11.20-01.34.32:394][  0]LogConfig: Setting CVar [[r.SSS.Quality:1]]
[2019.11.20-01.34.32:394][  0]LogConfig: Setting CVar [[r.SSS.HalfRes:1]]
[2019.11.20-01.34.32:394][  0]LogConfig: Setting CVar [[r.EmitterSpawnRateScale:1.0]]
[2019.11.20-01.34.32:394][  0]LogConfig: Setting CVar [[r.ParticleLightQuality:2]]
[2019.11.20-01.34.32:394][  0]LogConfig: Applying CVar settings from Section [FoliageQuality@3] File [C:/Users/W207542133/Desktop/WAR/WAR/Saved/Config/Windows/Scalability.ini]
[2019.11.20-01.34.32:394][  0]LogConfig: Setting CVar [[foliage.DensityScale:1.0]]
[2019.11.20-01.34.32:394][  0]LogConfig: Setting CVar [[grass.DensityScale:1.0]]
[2019.11.20-01.34.32:406][  0]LogInit: Selected Device Profile: [Windows]
[2019.11.20-01.34.32:406][  0]LogInit: Applying CVar settings loaded from the selected device profile: [Windows]
[2019.11.20-01.34.32:488][  0]LogHAL: Display: Platform has ~ 16 GB [17119154176 / 17179869184 / 16], which maps to Larger [LargestMinGB=32, LargerMinGB=12, DefaultMinGB=8, SmallerMinGB=6, SmallestMinGB=0)
[2019.11.20-01.34.32:500][  0]LogConfig: Setting CVar [[r.Vulkan.UseRealUBs:0		; Required until we fix HLR fall-out]]
[2019.11.20-01.34.32:500][  0]LogInit: Going up to parent DeviceProfile []
[2019.11.20-01.34.32:500][  0]LogConfig: Applying CVar settings from Section [ViewDistanceQuality@3] File [C:/Users/W207542133/Desktop/WAR/WAR/Saved/Config/Windows/Scalability.ini]
[2019.11.20-01.34.32:500][  0]LogConfig: Setting CVar [[r.SkeletalMeshLODBias:0]]
[2019.11.20-01.34.32:500][  0]LogConfig: Setting CVar [[r.ViewDistanceScale:1.0]]
[2019.11.20-01.34.32:500][  0]LogConfig: Applying CVar settings from Section [AntiAliasingQuality@3] File [C:/Users/W207542133/Desktop/WAR/WAR/Saved/Config/Windows/Scalability.ini]
[2019.11.20-01.34.32:500][  0]LogConfig: Setting CVar [[r.PostProcessAAQuality:4]]
[2019.11.20-01.34.32:500][  0]LogConfig: Applying CVar settings from Section [ShadowQuality@3] File [C:/Users/W207542133/Desktop/WAR/WAR/Saved/Config/Windows/Scalability.ini]
[2019.11.20-01.34.32:500][  0]LogConfig: Setting CVar [[r.LightFunctionQuality:1]]
[2019.11.20-01.34.32:500][  0]LogConfig: Setting CVar [[r.ShadowQuality:5]]
[2019.11.20-01.34.32:500][  0]LogConfig: Setting CVar [[r.Shadow.CSM.MaxCascades:10]]
[2019.11.20-01.34.32:500][  0]LogConfig: Setting CVar [[r.Shadow.MaxResolution:2048]]
[2019.11.20-01.34.32:501][  0]LogConfig: Setting CVar [[r.Shadow.MaxCSMResolution:2048]]
[2019.11.20-01.34.32:501][  0]LogConfig: Setting CVar [[r.Shadow.RadiusThreshold:0.01]]
[2019.11.20-01.34.32:501][  0]LogConfig: Setting CVar [[r.Shadow.DistanceScale:1.0]]
[2019.11.20-01.34.32:501][  0]LogConfig: Setting CVar [[r.Shadow.CSM.TransitionScale:1.0]]
[2019.11.20-01.34.32:501][  0]LogConfig: Setting CVar [[r.Shadow.PreShadowResolutionFactor:1.0]]
[2019.11.20-01.34.32:501][  0]LogConfig: Setting CVar [[r.DistanceFieldShadowing:1]]
[2019.11.20-01.34.32:501][  0]LogConfig: Setting CVar [[r.DistanceFieldAO:1]]
[2019.11.20-01.34.32:501][  0]LogConfig: Setting CVar [[r.AOQuality:2]]
[2019.11.20-01.34.32:501][  0]LogConfig: Setting CVar [[r.VolumetricFog:1]]
[2019.11.20-01.34.32:501][  0]LogConfig: Setting CVar [[r.VolumetricFog.GridPixelSize:8]]
[2019.11.20-01.34.32:501][  0]LogConfig: Setting CVar [[r.VolumetricFog.GridSizeZ:128]]
[2019.11.20-01.34.32:501][  0]LogConfig: Setting CVar [[r.VolumetricFog.HistoryMissSupersampleCount:4]]
[2019.11.20-01.34.32:501][  0]LogConfig: Setting CVar [[r.LightMaxDrawDistanceScale:1]]
[2019.11.20-01.34.32:501][  0]LogConfig: Setting CVar [[r.CapsuleShadows:1]]
[2019.11.20-01.34.32:501][  0]LogConfig: Applying CVar settings from Section [PostProcessQuality@3] File [C:/Users/W207542133/Desktop/WAR/WAR/Saved/Config/Windows/Scalability.ini]
[2019.11.20-01.34.32:501][  0]LogConfig: Setting CVar [[r.MotionBlurQuality:4]]
[2019.11.20-01.34.32:501][  0]LogConfig: Setting CVar [[r.AmbientOcclusionMipLevelFactor:0.4]]
[2019.11.20-01.34.32:501][  0]LogConfig: Setting CVar [[r.AmbientOcclusionMaxQuality:100]]
[2019.11.20-01.34.32:501][  0]LogConfig: Setting CVar [[r.AmbientOcclusionLevels:-1]]
[2019.11.20-01.34.32:501][  0]LogConfig: Setting CVar [[r.AmbientOcclusionRadiusScale:1.0]]
[2019.11.20-01.34.32:501][  0]LogConfig: Setting CVar [[r.DepthOfFieldQuality:2]]
[2019.11.20-01.34.32:501][  0]LogConfig: Setting CVar [[r.RenderTargetPoolMin:400]]
[2019.11.20-01.34.32:501][  0]LogConfig: Setting CVar [[r.LensFlareQuality:2]]
[2019.11.20-01.34.32:501][  0]LogConfig: Setting CVar [[r.SceneColorFringeQuality:1]]
[2019.11.20-01.34.32:501][  0]LogConfig: Setting CVar [[r.EyeAdaptationQuality:2]]
[2019.11.20-01.34.32:501][  0]LogConfig: Setting CVar [[r.BloomQuality:5]]
[2019.11.20-01.34.32:501][  0]LogConfig: Setting CVar [[r.FastBlurThreshold:100]]
[2019.11.20-01.34.32:501][  0]LogConfig: Setting CVar [[r.Upscale.Quality:3]]
[2019.11.20-01.34.32:501][  0]LogConfig: Setting CVar [[r.Tonemapper.GrainQuantization:1]]
[2019.11.20-01.34.32:501][  0]LogConfig: Setting CVar [[r.LightShaftQuality:1]]
[2019.11.20-01.34.32:501][  0]LogConfig: Setting CVar [[r.Filter.SizeScale:1]]
[2019.11.20-01.34.32:501][  0]LogConfig: Setting CVar [[r.Tonemapper.Quality:5]]
[2019.11.20-01.34.32:501][  0]LogConfig: Setting CVar [[r.DOF.Gather.AccumulatorQuality:1        ; higher gathering accumulator quality]]
[2019.11.20-01.34.32:501][  0]LogConfig: Setting CVar [[r.DOF.Gather.PostfilterMethod:1          ; Median3x3 postfilering method]]
[2019.11.20-01.34.32:501][  0]LogConfig: Setting CVar [[r.DOF.Gather.EnableBokehSettings:0       ; no bokeh simulation when gathering]]
[2019.11.20-01.34.32:501][  0]LogConfig: Setting CVar [[r.DOF.Gather.RingCount:4                 ; medium number of samples when gathering]]
[2019.11.20-01.34.32:501][  0]LogConfig: Setting CVar [[r.DOF.Scatter.ForegroundCompositing:1    ; additive foreground scattering]]
[2019.11.20-01.34.32:501][  0]LogConfig: Setting CVar [[r.DOF.Scatter.BackgroundCompositing:2    ; additive background scattering]]
[2019.11.20-01.34.32:501][  0]LogConfig: Setting CVar [[r.DOF.Scatter.EnableBokehSettings:1      ; bokeh simulation when scattering]]
[2019.11.20-01.34.32:501][  0]LogConfig: Setting CVar [[r.DOF.Scatter.MaxSpriteRatio:0.1         ; only a maximum of 10% of scattered bokeh]]
[2019.11.20-01.34.32:502][  0]LogConfig: Setting CVar [[r.DOF.Recombine.Quality:1                ; cheap slight out of focus]]
[2019.11.20-01.34.32:502][  0]LogConfig: Setting CVar [[r.DOF.Recombine.EnableBokehSettings:0    ; no bokeh simulation on slight out of focus]]
[2019.11.20-01.34.32:502][  0]LogConfig: Setting CVar [[r.DOF.TemporalAAQuality:1                ; more stable temporal accumulation]]
[2019.11.20-01.34.32:502][  0]LogConfig: Setting CVar [[r.DOF.Kernel.MaxForegroundRadius:0.025]]
[2019.11.20-01.34.32:502][  0]LogConfig: Setting CVar [[r.DOF.Kernel.MaxBackgroundRadius:0.025]]
[2019.11.20-01.34.32:502][  0]LogConfig: Applying CVar settings from Section [TextureQuality@3] File [C:/Users/W207542133/Desktop/WAR/WAR/Saved/Config/Windows/Scalability.ini]
[2019.11.20-01.34.32:502][  0]LogConfig: Setting CVar [[r.Streaming.MipBias:0]]
[2019.11.20-01.34.32:502][  0]LogConfig: Setting CVar [[r.Streaming.AmortizeCPUToGPUCopy:0]]
[2019.11.20-01.34.32:502][  0]LogConfig: Setting CVar [[r.Streaming.MaxNumTexturesToStreamPerFrame:0]]
[2019.11.20-01.34.32:502][  0]LogConfig: Setting CVar [[r.Streaming.Boost:1]]
[2019.11.20-01.34.32:502][  0]LogConfig: Setting CVar [[r.MaxAnisotropy:8]]
[2019.11.20-01.34.32:502][  0]LogConfig: Setting CVar [[r.Streaming.LimitPoolSizeToVRAM:0]]
[2019.11.20-01.34.32:502][  0]LogConfig: Setting CVar [[r.Streaming.PoolSize:1000]]
[2019.11.20-01.34.32:502][  0]LogConfig: Setting CVar [[r.Streaming.MaxEffectiveScreenSize:0]]
[2019.11.20-01.34.32:502][  0]LogConfig: Applying CVar settings from Section [EffectsQuality@3] File [C:/Users/W207542133/Desktop/WAR/WAR/Saved/Config/Windows/Scalability.ini]
[2019.11.20-01.34.32:502][  0]LogConfig: Setting CVar [[r.TranslucencyLightingVolumeDim:64]]
[2019.11.20-01.34.32:502][  0]LogConfig: Setting CVar [[r.RefractionQuality:2]]
[2019.11.20-01.34.32:502][  0]LogConfig: Setting CVar [[r.SSR.Quality:3]]
[2019.11.20-01.34.32:502][  0]LogConfig: Setting CVar [[r.SceneColorFormat:4]]
[2019.11.20-01.34.32:502][  0]LogConfig: Setting CVar [[r.DetailMode:2]]
[2019.11.20-01.34.32:502][  0]LogConfig: Setting CVar [[r.TranslucencyVolumeBlur:1]]
[2019.11.20-01.34.32:502][  0]LogConfig: Setting CVar [[r.MaterialQualityLevel:1 ; High quality]]
[2019.11.20-01.34.32:502][  0]LogConfig: Setting CVar [[r.SSS.Scale:1]]
[2019.11.20-01.34.32:502][  0]LogConfig: Setting CVar [[r.SSS.SampleSet:2]]
[2019.11.20-01.34.32:502][  0]LogConfig: Setting CVar [[r.SSS.Quality:1]]
[2019.11.20-01.34.32:502][  0]LogConfig: Setting CVar [[r.SSS.HalfRes:1]]
[2019.11.20-01.34.32:502][  0]LogConfig: Setting CVar [[r.EmitterSpawnRateScale:1.0]]
[2019.11.20-01.34.32:502][  0]LogConfig: Setting CVar [[r.ParticleLightQuality:2]]
[2019.11.20-01.34.32:502][  0]LogConfig: Applying CVar settings from Section [FoliageQuality@3] File [C:/Users/W207542133/Desktop/WAR/WAR/Saved/Config/Windows/Scalability.ini]
[2019.11.20-01.34.32:502][  0]LogConfig: Setting CVar [[foliage.DensityScale:1.0]]
[2019.11.20-01.34.32:502][  0]LogConfig: Setting CVar [[grass.DensityScale:1.0]]
[2019.11.20-01.34.32:502][  0]LogConfig: Applying CVar settings from Section [Startup] File [../../../Engine/Config/ConsoleVariables.ini]
[2019.11.20-01.34.32:519][  0]LogConfig: Setting CVar [[net.UseAdaptiveNetUpdateFrequency:0]]
[2019.11.20-01.34.32:519][  0]LogConfig: Setting CVar [[p.chaos.AllowCreatePhysxBodies:1]]
[2019.11.20-01.34.32:519][  0]LogConfig: Applying CVar settings from Section [ConsoleVariables] File [C:/Users/W207542133/Desktop/WAR/WAR/Saved/Config/Windows/Engine.ini]
[2019.11.20-01.34.32:552][  0]LogInit: Computer: SW-WLC124-09
[2019.11.20-01.34.32:552][  0]LogInit: User: W207542133
[2019.11.20-01.34.32:552][  0]LogInit: CPU Page size=4096, Cores=4
[2019.11.20-01.34.32:552][  0]LogInit: High frequency timer resolution =3.312659 MHz
[2019.11.20-01.34.32:553][  0]LogMemory: Memory total: Physical=15.9GB (16GB approx)
[2019.11.20-01.34.32:553][  0]LogMemory: Platform Memory Stats for Windows
[2019.11.20-01.34.32:553][  0]LogMemory: Process Physical Memory: 97.32 MB used, 97.32 MB peak
[2019.11.20-01.34.32:554][  0]LogMemory: Process Virtual Memory: 92.98 MB used, 92.98 MB peak
[2019.11.20-01.34.32:554][  0]LogMemory: Physical Memory: 6786.43 MB used,  9539.67 MB free, 16326.10 MB total
[2019.11.20-01.34.32:554][  0]LogMemory: Virtual Memory: 532.30 MB used,  134217192.00 MB free, 134217728.00 MB total
[2019.11.20-01.34.33:245][  0]LogInit: Using OS detected language (en-US).
[2019.11.20-01.34.33:245][  0]LogInit: Using OS detected locale (en-US).
[2019.11.20-01.34.33:262][  0]LogTextLocalizationManager: No specific localization for 'en-US' exists, so the 'en' localization will be used.
[2019.11.20-01.34.33:862][  0]LogInit: Setting process to per monitor DPI aware
[2019.11.20-01.34.34:345][  0]LogSlate: New Slate User Created.  User Index 0, Is Virtual User: 0
[2019.11.20-01.34.34:345][  0]LogSlate: Slate User Registered.  User Index 0, Is Virtual User: 0
[2019.11.20-01.34.37:633][  0]LogHMD: Failed to initialize OpenVR with code 110
[2019.11.20-01.34.37:633][  0]LogD3D11RHI: D3D11 adapters:
[2019.11.20-01.34.37:707][  0]LogD3D11RHI:    0. 'AMD Radeon HD 8570' (Feature Level 11_0)
[2019.11.20-01.34.37:707][  0]LogD3D11RHI:       1005/0/8163 MB DedicatedVideo/DedicatedSystem/SharedSystem, Outputs:1, VendorId:0x1002
[2019.11.20-01.34.37:711][  0]LogD3D11RHI:    1. 'Microsoft Basic Render Driver' (Feature Level 11_0)
[2019.11.20-01.34.37:711][  0]LogD3D11RHI:       0/0/8163 MB DedicatedVideo/DedicatedSystem/SharedSystem, Outputs:0, VendorId:0x1414
[2019.11.20-01.34.37:711][  0]LogD3D11RHI: Chosen D3D11 Adapter: 0
[2019.11.20-01.34.37:737][  0]LogD3D11RHI: Creating new Direct3DDevice
[2019.11.20-01.34.37:737][  0]LogD3D11RHI:     GPU DeviceId: 0x6611 (for the marketing name, search the web for "GPU Device Id")
[2019.11.20-01.34.37:737][  0]LogWindows: EnumDisplayDevices:
[2019.11.20-01.34.37:737][  0]LogWindows:    0. 'AMD Radeon HD 8570' (P:1 D:1)
[2019.11.20-01.34.37:738][  0]LogWindows:    1. 'AMD Radeon HD 8570' (P:0 D:0)
[2019.11.20-01.34.37:739][  0]LogWindows: DebugString: FoundDriverCount:2 
[2019.11.20-01.34.37:739][  0]LogD3D11RHI:     Adapter Name: AMD Radeon HD 8570
[2019.11.20-01.34.37:739][  0]LogD3D11RHI:   Driver Version: Crimson 16.6 (internal:21.19.144.32768, unified:21.19.144.32768)
[2019.11.20-01.34.37:739][  0]LogD3D11RHI:      Driver Date: 10-25-2016
[2019.11.20-01.34.37:739][  0]LogRHI: Texture pool is 703 MB (70% of 1005 MB)
[2019.11.20-01.34.37:828][  0]LogD3D11RHI: Async texture creation enabled
[2019.11.20-01.34.37:960][  0]LogRendererCore: FGlobalReadBuffer::InitRHI
[2019.11.20-01.34.37:977][  0]LogRendererCore: FGlobalReadBuffer::InitRHI
[2019.11.20-01.34.37:977][  0]LogRendererCore: FGlobalReadBuffer::InitRHI
[2019.11.20-01.34.38:033][  0]LogD3D11RHI: GPU Timing Frequency: 27.000000 (Debug: 2 1)
[2019.11.20-01.34.39:042][  0]LogTemp: Display: Module 'AllDesktopTargetPlatform' loaded TargetPlatform 'AllDesktop'
[2019.11.20-01.34.39:091][  0]LogTemp: Display: Module 'MacClientTargetPlatform' loaded TargetPlatform 'MacClient'
[2019.11.20-01.34.39:122][  0]LogTemp: Display: Module 'MacNoEditorTargetPlatform' loaded TargetPlatform 'MacNoEditor'
[2019.11.20-01.34.39:161][  0]LogTemp: Display: Module 'MacServerTargetPlatform' loaded TargetPlatform 'MacServer'
[2019.11.20-01.34.39:214][  0]LogTemp: Display: Module 'MacTargetPlatform' loaded TargetPlatform 'Mac'
[2019.11.20-01.34.39:268][  0]LogTemp: Display: Module 'WindowsClientTargetPlatform' loaded TargetPlatform 'WindowsClient'
[2019.11.20-01.34.39:294][  0]LogTemp: Display: Module 'WindowsNoEditorTargetPlatform' loaded TargetPlatform 'WindowsNoEditor'
[2019.11.20-01.34.39:320][  0]LogTemp: Display: Module 'WindowsServerTargetPlatform' loaded TargetPlatform 'WindowsServer'
[2019.11.20-01.34.39:351][  0]LogTemp: Display: Module 'WindowsTargetPlatform' loaded TargetPlatform 'Windows'
[2019.11.20-01.34.39:477][  0]LogTemp: Display: Module 'AndroidTargetPlatform' loaded TargetPlatform 'Android'
[2019.11.20-01.34.39:477][  0]LogTemp: Display: Module 'AndroidTargetPlatform' loaded TargetPlatform 'Android_ASTC'
[2019.11.20-01.34.39:477][  0]LogTemp: Display: Module 'AndroidTargetPlatform' loaded TargetPlatform 'Android_ATC'
[2019.11.20-01.34.39:477][  0]LogTemp: Display: Module 'AndroidTargetPlatform' loaded TargetPlatform 'Android_DXT'
[2019.11.20-01.34.39:477][  0]LogTemp: Display: Module 'AndroidTargetPlatform' loaded TargetPlatform 'Android_ETC1'
[2019.11.20-01.34.39:477][  0]LogTemp: Display: Module 'AndroidTargetPlatform' loaded TargetPlatform 'Android_ETC1a'
[2019.11.20-01.34.39:477][  0]LogTemp: Display: Module 'AndroidTargetPlatform' loaded TargetPlatform 'Android_ETC2'
[2019.11.20-01.34.39:477][  0]LogTemp: Display: Module 'AndroidTargetPlatform' loaded TargetPlatform 'Android_PVRTC'
[2019.11.20-01.34.39:477][  0]LogTemp: Display: Module 'AndroidTargetPlatform' loaded TargetPlatform 'AndroidClient'
[2019.11.20-01.34.39:477][  0]LogTemp: Display: Module 'AndroidTargetPlatform' loaded TargetPlatform 'Android_ASTCClient'
[2019.11.20-01.34.39:477][  0]LogTemp: Display: Module 'AndroidTargetPlatform' loaded TargetPlatform 'Android_ATCClient'
[2019.11.20-01.34.39:477][  0]LogTemp: Display: Module 'AndroidTargetPlatform' loaded TargetPlatform 'Android_DXTClient'
[2019.11.20-01.34.39:477][  0]LogTemp: Display: Module 'AndroidTargetPlatform' loaded TargetPlatform 'Android_ETC1Client'
[2019.11.20-01.34.39:477][  0]LogTemp: Display: Module 'AndroidTargetPlatform' loaded TargetPlatform 'Android_ETC1aClient'
[2019.11.20-01.34.39:477][  0]LogTemp: Display: Module 'AndroidTargetPlatform' loaded TargetPlatform 'Android_ETC2Client'
[2019.11.20-01.34.39:477][  0]LogTemp: Display: Module 'AndroidTargetPlatform' loaded TargetPlatform 'Android_PVRTCClient'
[2019.11.20-01.34.39:477][  0]LogTemp: Display: Module 'AndroidTargetPlatform' loaded TargetPlatform 'Android_Multi'
[2019.11.20-01.34.39:477][  0]LogTemp: Display: Module 'AndroidTargetPlatform' loaded TargetPlatform 'Android_MultiClient'
[2019.11.20-01.34.39:494][  0]LogTemp: Display: Module 'HTML5TargetPlatform' loaded TargetPlatform 'HTML5'
[2019.11.20-01.34.39:618][  0]LogTemp: Display: Module 'IOSTargetPlatform' loaded TargetPlatform 'IOSClient'
[2019.11.20-01.34.39:618][  0]LogTemp: Display: Module 'IOSTargetPlatform' loaded TargetPlatform 'IOS'
[2019.11.20-01.34.39:661][  0]LogTemp: Display: Module 'TVOSTargetPlatform' loaded TargetPlatform 'TVOSClient'
[2019.11.20-01.34.39:661][  0]LogTemp: Display: Module 'TVOSTargetPlatform' loaded TargetPlatform 'TVOS'
[2019.11.20-01.34.39:692][  0]LogTemp: Display: Module 'LinuxClientTargetPlatform' loaded TargetPlatform 'LinuxClient'
[2019.11.20-01.34.39:708][  0]LogTemp: Display: Module 'LinuxNoEditorTargetPlatform' loaded TargetPlatform 'LinuxNoEditor'
[2019.11.20-01.34.39:730][  0]LogTemp: Display: Module 'LinuxServerTargetPlatform' loaded TargetPlatform 'LinuxServer'
[2019.11.20-01.34.39:767][  0]LogTemp: Display: Module 'LinuxTargetPlatform' loaded TargetPlatform 'Linux'
[2019.11.20-01.34.39:817][  0]LogTemp: Display: Module 'LuminTargetPlatform' loaded TargetPlatform 'Lumin'
[2019.11.20-01.34.39:817][  0]LogTemp: Display: Module 'LuminTargetPlatform' loaded TargetPlatform 'LuminClient'
[2019.11.20-01.34.39:817][  0]LogTargetPlatformManager: Display: Building Assets For Windows
[2019.11.20-01.34.39:940][  0]LogAudioDebug: Display: Lib vorbis DLL was dynamically loaded.
[2019.11.20-01.34.40:663][  0]LogShaderCompilers: Guid format shader working directory is 7 characters bigger than the processId version (../../../../Users/W207542133/Desktop/WAR/WAR/Intermediate/Shaders/WorkingDirectory/6984/).
[2019.11.20-01.34.40:664][  0]LogShaderCompilers: Cleaned the shader compiler working directory 'C:/Users/W207542133/AppData/Local/Temp/UnrealShaderWorkingDir/5604423B46A7F30B002888AEBCCD284D/'.
[2019.11.20-01.34.40:696][  0]LogXGEController: Cleaning working directory: C:/Users/W207542133/AppData/Local/Temp/UnrealXGEWorkingDir/
[2019.11.20-01.34.40:708][  0]LogShaderCompilers: Display: Using XGE Shader Compiler (Interception Interface).
[2019.11.20-01.34.45:256][  0]LogDerivedDataCache: Display: Max Cache Size: 512 MB
[2019.11.20-01.34.46:772][  0]LogDerivedDataCache: Loaded boot cache 1.52s 71MB C:/Users/W207542133/AppData/Local/UnrealEngine/4.22/DerivedDataCache/Boot.ddc.
[2019.11.20-01.34.46:772][  0]LogDerivedDataCache: Display: Loaded Boot cache: C:/Users/W207542133/AppData/Local/UnrealEngine/4.22/DerivedDataCache/Boot.ddc
[2019.11.20-01.34.46:773][  0]LogDerivedDataCache: FDerivedDataBackendGraph:  Pak pak cache file ../../../../Users/W207542133/Desktop/WAR/WAR/DerivedDataCache/DDC.ddp not found, will not use a pak cache.
[2019.11.20-01.34.46:773][  0]LogDerivedDataCache: Unable to find inner node Pak for hierarchical cache Hierarchy.
[2019.11.20-01.34.46:773][  0]LogDerivedDataCache: FDerivedDataBackendGraph:  CompressedPak pak cache file ../../../../Users/W207542133/Desktop/WAR/WAR/DerivedDataCache/Compressed.ddp not found, will not use a pak cache.
[2019.11.20-01.34.46:773][  0]LogDerivedDataCache: Unable to find inner node CompressedPak for hierarchical cache Hierarchy.
[2019.11.20-01.34.46:823][  0]LogDerivedDataCache: Display: Pak cache opened for reading ../../../Engine/DerivedDataCache/Compressed.ddp.
[2019.11.20-01.34.46:823][  0]LogDerivedDataCache: FDerivedDataBackendGraph:  EnterprisePak pak cache file ../../../Enterprise/DerivedDataCache/Compressed.ddp not found, will not use a pak cache.
[2019.11.20-01.34.46:823][  0]LogDerivedDataCache: Unable to find inner node EnterprisePak for hierarchical cache Hierarchy.
[2019.11.20-01.34.46:836][  0]LogDerivedDataCache: Using Local data cache path C:/Users/W207542133/AppData/Local/UnrealEngine/Common/DerivedDataCache: Writable
[2019.11.20-01.34.46:836][  0]LogDerivedDataCache: Shared data cache path not found in *engine.ini, will not use an Shared cache.
[2019.11.20-01.34.46:836][  0]LogDerivedDataCache: Unable to find inner node Shared for hierarchical cache Hierarchy.
[2019.11.20-01.34.46:900][  0]LogMaterial: Verifying Global Shaders for PCD3D_SM5
[2019.11.20-01.34.46:964][  0]LogSlate: Using FreeType 2.6.0
[2019.11.20-01.34.47:013][  0]LogSlate: SlateFontServices - WITH_FREETYPE: 1, WITH_HARFBUZZ: 1
[2019.11.20-01.34.49:027][  0]LogAssetRegistry: FAssetRegistry took 0.0758 seconds to start up
[2019.11.20-01.34.51:418][  0]LogPackageName: Warning: Asset path "S_ClothTarps_03.SM.Mesh.S_ClothTarps_03" is in short form, which is unsupported and -- even if valid -- resolving it will be really slow.
[2019.11.20-01.34.51:418][  0]LogPackageName: Warning: Please consider resaving package in order to speed-up loading.
[2019.11.20-01.34.51:418][  0]LogPackageName: SearchForPackageOnDisk took   0.186s, but failed to resolve S_ClothTarps_03.
[2019.11.20-01.34.51:418][  0]LogPackageName: Warning: Asset path "S_ClothTarps_03.SM.Mesh.S_ClothTarps_03" could not be resolved.
[2019.11.20-01.34.51:418][  0]LogInit: Selected Device Profile: [Windows]
[2019.11.20-01.34.52:805][  0]LogMeshReduction: Using QuadricMeshReduction for automatic static mesh reduction
[2019.11.20-01.34.52:805][  0]LogMeshReduction: Using SimplygonMeshReduction for automatic skeletal mesh reduction
[2019.11.20-01.34.52:805][  0]LogMeshReduction: Using ProxyLODMeshReduction for automatic mesh merging
[2019.11.20-01.34.52:805][  0]LogMeshReduction: No distributed automatic mesh merging module available
[2019.11.20-01.34.52:805][  0]LogMeshMerging: No distributed automatic mesh merging module available
[2019.11.20-01.34.53:190][  0]LogNetVersion: WAR 1.0.0, NetCL: 5660361, EngineNetVer: 10, GameNetVer: 0 (Checksum: 973192997)
[2019.11.20-01.34.58:791][  0]LogPackageLocalizationCache: Processed 10 localized package path(s) for 1 prioritized culture(s) in 0.259666 seconds
[2019.11.20-01.34.58:805][  0]LogUObjectArray: 42205 objects as part of root set at end of initial load.
[2019.11.20-01.34.58:805][  0]LogUObjectAllocator: 7325032 out of 0 bytes used by permanent object pool.
[2019.11.20-01.34.58:805][  0]LogUObjectArray: CloseDisregardForGC: 0/0 objects in disregard for GC pool
[2019.11.20-01.35.32:329][  0]LogTcpMessaging: Initializing TcpMessaging bridge
[2019.11.20-01.35.32:360][  0]LogUdpMessaging: Initializing bridge on interface 0.0.0.0:0 to multicast group 230.0.0.1:6666.
[2019.11.20-01.35.34:520][  0]SourceControl: Source control is disabled
[2019.11.20-01.35.34:530][  0]SourceControl: Source control is disabled
[2019.11.20-01.35.34:813][  0]SourceControl: Source control is disabled
[2019.11.20-01.35.34:856][  0]SourceControl: Source control is disabled
[2019.11.20-01.35.38:837][  0]LogAndroidPermission: UAndroidPermissionCallbackProxy::GetInstance
[2019.11.20-01.35.40:197][  0]LogOcInput: OculusInput pre-init called
[2019.11.20-01.36.04:327][  0]LogEngine: Initializing Engine...
[2019.11.20-01.36.04:430][  0]LogHMD: Failed to initialize OpenVR with code 110
[2019.11.20-01.36.04:467][  0]LogStats: UGameplayTagsManager::InitializeManager -  0.002 s
[2019.11.20-01.36.06:531][  0]LogInit: Initializing FReadOnlyCVARCache
[2019.11.20-01.36.08:468][  0]LogAIModule: Creating AISystem for world Untitled
[2019.11.20-01.36.09:266][  0]LogInit: XAudio2 using 'Speakers / Headphones (Realtek High Definition Audio)' : 2 channels at 48 kHz using 32 bits per sample (channel mask 0x3)
[2019.11.20-01.36.09:692][  0]LogInit: FAudioDevice initialized.
[2019.11.20-01.36.09:692][  0]LogNetVersion: Set ProjectVersion to 1.0.0.0. Version Checksum will be recalculated on next use.
[2019.11.20-01.36.10:335][  0]LogDerivedDataCache: Saved boot cache 0.64s 71MB C:/Users/W207542133/AppData/Local/UnrealEngine/4.22/DerivedDataCache/Boot.ddc.
[2019.11.20-01.36.10:360][  0]LogInit: Texture streaming: Enabled
[2019.11.20-01.36.11:041][  0]LogEngineSessionManager: EngineSessionManager initialized
[2019.11.20-01.36.11:835][  0]LogInit: Transaction tracking system initialized
[2019.11.20-01.36.13:533][  0]BlueprintLog: New page: Editor Load
[2019.11.20-01.36.18:539][  0]LocalizationService: Localization service is disabled
[2019.11.20-01.36.26:458][  0]LogCook: Display: Max memory allowance for cook 16384mb min free memory 0mb
[2019.11.20-01.36.26:458][  0]LogCook: Display: Mobile HDR setting 1
[2019.11.20-01.36.27:855][  0]LogFileCache: Scanning file cache for directory 'C:/Users/W207542133/Desktop/WAR/WAR/Content/' took 0.21s
[2019.11.20-01.36.35:970][  0]SourceControl: Source control is disabled
[2019.11.20-01.36.36:068][  0]Cmd: MAP LOAD FILE="../../../../Users/W207542133/Desktop/WAR/WAR/Content/WAR/WAR_hill.umap" TEMPLATE=0 SHOWPROGRESS=1 FEATURELEVEL=3
[2019.11.20-01.36.36:088][  0]LightingResults: New page: Lighting Build
[2019.11.20-01.36.36:436][  0]MapCheck: New page: Map Check
[2019.11.20-01.36.36:436][  0]LightingResults: New page: Lighting Build
[2019.11.20-01.36.37:148][  0]LogUObjectHash: Compacting FUObjectHashTables data took  26.36ms
[2019.11.20-01.36.37:244][  0]LogLinker: Warning: Can't find file '/Game/WAR/WAR_hill_BuiltData'
[2019.11.20-01.36.37:245][  0]LogLinker: Warning: Can't find file for asset '/Game/WAR/WAR_hill_BuiltData' while loading NULL.
[2019.11.20-01.36.37:383][  0]LogLinker: Warning: Can't find file '/Game/WAR/WAR_hill_BuiltData'
[2019.11.20-01.36.37:383][  0]LogLinker: Warning: Can't find file for asset '/Game/WAR/WAR_hill_BuiltData' while loading NULL.
[2019.11.20-01.36.37:385][  0]LogLinker: Warning: Can't find file '/Game/WAR/WAR_hill_BuiltData'
[2019.11.20-01.36.37:385][  0]LogLinker: Warning: Can't find file for asset '/Game/WAR/WAR_hill_BuiltData' while loading NULL.
[2019.11.20-01.36.37:385][  0]LogLinker: Warning: Can't find file '/Game/WAR/WAR_hill_BuiltData'
[2019.11.20-01.36.37:385][  0]LogLinker: Warning: Can't find file for asset '/Game/WAR/WAR_hill_BuiltData' while loading NULL.
[2019.11.20-01.36.37:800][  0]LogLinker: Warning: Can't find file '/Game/WAR/WAR_hill_BuiltData'
[2019.11.20-01.36.37:800][  0]LoadErrors: Failed to load /Game/WAR/WAR_hill_BuiltData.WAR_hill_BuiltData Referenced by PersistentLevel
[2019.11.20-01.36.37:800][  0]LogLinker: Warning: Can't find file for asset '/Game/WAR/WAR_hill_BuiltData' while loading NULL.
[2019.11.20-01.36.38:633][  0]LogStaticMesh: Building static mesh barrel...
[2019.11.20-01.36.38:922][  0]LogStaticMesh: Built static mesh [0.34s] /Game/WAR/barrel.barrel
[2019.11.20-01.36.39:633][  0]LogAIModule: Creating AISystem for world WAR_hill
[2019.11.20-01.36.41:603][  0]LogEditorServer: Finished looking for orphan Actors (0.000 secs)
[2019.11.20-01.36.41:771][  0]LogUObjectHash: Compacting FUObjectHashTables data took   1.67ms
[2019.11.20-01.36.41:829][  0]Cmd: MAP CHECKDEP NOCLEARLOG
[2019.11.20-01.36.41:834][  0]MapCheck: Map check complete: 0 Error(s), 0 Warning(s), took 0.203ms to complete.
[2019.11.20-01.36.41:834][  0]LogFileHelpers: Loading map 'WAR_hill' took 5.780
[2019.11.20-01.36.44:840][  0]LogSlate: Updating window title bar state: overlay mode, drag disabled, window buttons hidden, title bar hidden
[2019.11.20-01.36.44:867][  0]LogSlate: Updating window title bar state: overlay mode, drag disabled, window buttons hidden, title bar hidden
[2019.11.20-01.36.44:877][  0]LogSlate: Updating window title bar state: overlay mode, drag disabled, window buttons hidden, title bar hidden
[2019.11.20-01.36.44:889][  0]LogSlate: Updating window title bar state: overlay mode, drag disabled, window buttons hidden, title bar hidden
[2019.11.20-01.36.44:999][  0]LogCollectionManager: Loaded 0 collections in 0.002891 seconds
[2019.11.20-01.36.45:329][  0]LogFileCache: Scanning file cache for directory 'C:/Users/W207542133/Desktop/WAR/WAR/Saved/Collections/' took 0.01s
[2019.11.20-01.36.45:329][  0]LogFileCache: Scanning file cache for directory 'C:/Users/W207542133/Desktop/WAR/WAR/Content/Developers/W207542133/Collections/' took 0.01s
[2019.11.20-01.36.45:329][  0]LogFileCache: Scanning file cache for directory 'C:/Users/W207542133/Desktop/WAR/WAR/Content/Collections/' took 0.01s
[2019.11.20-01.36.45:329][  0]LogCollectionManager: Rebuilt the GUID cache for 0 collections in 0.000000 seconds
[2019.11.20-01.36.45:347][  0]LogContentBrowser: Native class hierarchy populated in 0.0148 seconds. Added 2732 classes and 659 folders.
[2019.11.20-01.36.45:498][  0]LogContentBrowser: Native class hierarchy updated for 'WidgetCarousel' in 0.0003 seconds. Added 0 classes and 0 folders.
[2019.11.20-01.36.45:635][  0]LogPakFile: Registered encryption key '00000000000000000000000000000000': 0 pak files mounted, 0 remain pending
[2019.11.20-01.36.45:718][  0]LogPakFile: Registered encryption key '00000000000000000000000000000000': 0 pak files mounted, 0 remain pending
[2019.11.20-01.36.45:748][  0]LogPakFile: Registered encryption key '00000000000000000000000000000000': 0 pak files mounted, 0 remain pending
[2019.11.20-01.36.45:765][  0]LogPakFile: Registered encryption key '00000000000000000000000000000000': 0 pak files mounted, 0 remain pending
[2019.11.20-01.36.45:784][  0]LogPakFile: Registered encryption key '00000000000000000000000000000000': 0 pak files mounted, 0 remain pending
[2019.11.20-01.36.45:814][  0]LogPakFile: Registered encryption key '00000000000000000000000000000000': 0 pak files mounted, 0 remain pending
[2019.11.20-01.36.45:844][  0]LogPakFile: Registered encryption key '00000000000000000000000000000000': 0 pak files mounted, 0 remain pending
[2019.11.20-01.36.45:879][  0]LogPakFile: Registered encryption key '00000000000000000000000000000000': 0 pak files mounted, 0 remain pending
[2019.11.20-01.36.45:912][  0]LogPakFile: Registered encryption key '00000000000000000000000000000000': 0 pak files mounted, 0 remain pending
[2019.11.20-01.36.45:916][  0]LogPakFile: Registered encryption key '00000000000000000000000000000000': 0 pak files mounted, 0 remain pending
[2019.11.20-01.36.45:938][  0]LogPakFile: Registered encryption key '00000000000000000000000000000000': 0 pak files mounted, 0 remain pending
[2019.11.20-01.36.45:962][  0]LogPakFile: Registered encryption key '00000000000000000000000000000000': 0 pak files mounted, 0 remain pending
[2019.11.20-01.36.45:964][  0]LogPakFile: Registered encryption key '00000000000000000000000000000000': 0 pak files mounted, 0 remain pending
[2019.11.20-01.36.45:975][  0]LogPakFile: Registered encryption key '00000000000000000000000000000000': 0 pak files mounted, 0 remain pending
[2019.11.20-01.36.46:006][  0]LogPakFile: Registered encryption key '00000000000000000000000000000000': 0 pak files mounted, 0 remain pending
[2019.11.20-01.36.46:034][  0]LogPakFile: Registered encryption key '00000000000000000000000000000000': 0 pak files mounted, 0 remain pending
[2019.11.20-01.36.46:036][  0]LogPakFile: Registered encryption key '00000000000000000000000000000000': 0 pak files mounted, 0 remain pending
[2019.11.20-01.36.46:089][  0]LogPakFile: Registered encryption key '00000000000000000000000000000000': 0 pak files mounted, 0 remain pending
[2019.11.20-01.36.46:116][  0]LogPakFile: Registered encryption key '00000000000000000000000000000000': 0 pak files mounted, 0 remain pending
[2019.11.20-01.36.46:124][  0]LogPakFile: Registered encryption key '00000000000000000000000000000000': 0 pak files mounted, 0 remain pending
[2019.11.20-01.36.46:137][  0]LogPakFile: Registered encryption key '00000000000000000000000000000000': 0 pak files mounted, 0 remain pending
[2019.11.20-01.36.46:147][  0]LogPakFile: Registered encryption key '00000000000000000000000000000000': 0 pak files mounted, 0 remain pending
[2019.11.20-01.36.46:160][  0]LogPakFile: Registered encryption key '00000000000000000000000000000000': 0 pak files mounted, 0 remain pending
[2019.11.20-01.36.46:184][  0]LogPakFile: Registered encryption key '00000000000000000000000000000000': 0 pak files mounted, 0 remain pending
[2019.11.20-01.36.46:207][  0]LogPakFile: Registered encryption key '00000000000000000000000000000000': 0 pak files mounted, 0 remain pending
[2019.11.20-01.36.46:220][  0]LogPakFile: Registered encryption key '00000000000000000000000000000000': 0 pak files mounted, 0 remain pending
[2019.11.20-01.36.46:943][  0]LogContentBrowser: Native class hierarchy updated for 'AddContentDialog' in 0.0003 seconds. Added 0 classes and 0 folders.
[2019.11.20-01.36.47:029][  0]LogContentBrowser: Native class hierarchy updated for 'SceneOutliner' in 0.0003 seconds. Added 1 classes and 2 folders.
[2019.11.20-01.36.48:166][  0]LogSlate: Took 0.020786 seconds to synchronously load lazily loaded font '../../../Engine/Content/Slate/Fonts/Roboto-Regular.ttf' (155K)
[2019.11.20-01.36.48:223][  0]LogSlate: Took 0.020815 seconds to synchronously load lazily loaded font '../../../Engine/Content/Slate/Fonts/Roboto-Bold.ttf' (160K)
[2019.11.20-01.36.48:257][  0]LogSlate: Took 0.019780 seconds to synchronously load lazily loaded font '../../../Engine/Content/Editor/Slate/Fonts/FontAwesome.ttf' (139K)
[2019.11.20-01.36.48:942][  0]LogRenderer: Reallocating scene render targets to support 1208x576 Format 10 NumSamples 1 (Frame:1).
[2019.11.20-01.36.50:749][  0]LogContentBrowser: Native class hierarchy updated for 'HierarchicalLODOutliner' in 0.0013 seconds. Added 0 classes and 0 folders.
[2019.11.20-01.36.50:749][  0]LogLoad: (Engine Initialization) Total time: 152.95 seconds
[2019.11.20-01.36.50:749][  0]LogLoad: (Engine Initialization) Total Blueprint compile time: 0.00 seconds
[2019.11.20-01.36.52:118][  0]LogContentStreaming: Texture pool size now 1000 MB
[2019.11.20-01.36.52:229][  0]LogSlate: FSceneViewport::OnFocusLost() reason 2
[2019.11.20-01.36.52:761][  0]LogSlate: Took 0.024246 seconds to synchronously load lazily loaded font '../../../Engine/Content/Slate/Fonts/Roboto-Light.ttf' (167K)
[2019.11.20-01.36.54:207][  4]LogAssetRegistry: Asset discovery search completed in 125.2004 seconds
[2019.11.20-01.36.54:254][  4]LogCollectionManager: Rebuilt the object cache for 0 collections in 0.000000 seconds (found 0 objects)
[2019.11.20-01.36.54:255][  4]LogCollectionManager: Fixed up redirectors for 0 collections in 0.020749 seconds (updated 0 objects)
[2019.11.20-01.37.14:194][124]LogUObjectHash: Compacting FUObjectHashTables data took   0.60ms
[2019.11.20-01.37.14:365][124]LogSlate: Window 'Message Log' being destroyed
[2019.11.20-01.37.14:367][124]LogSlate: Window 'WAR - Unreal Editor' being destroyed
[2019.11.20-01.37.14:368][124]LogWindowsTextInputMethodSystem: Display: IME system now deactivated.
[2019.11.20-01.37.15:354][125]Cmd: QUIT_EDITOR
[2019.11.20-01.37.15:839][125]LogExit: Preparing to exit.
[2019.11.20-01.37.17:490][125]LogExit: Editor shut down
[2019.11.20-01.37.17:492][125]LogExit: Transaction tracking system shut down
[2019.11.20-01.37.19:648][125]LogExit: Object subsystem successfully closed.
[2019.11.20-01.37.19:859][125]LogShaderCompilers: Display: Shaders left to compile 0
[2019.11.20-01.37.19:888][125]LogD3D11RHI: Shutdown
[2019.11.20-01.37.19:889][125]LogD3D11RHI: CleanupD3DDevice
[2019.11.20-01.37.19:933][125]LogRendererCore: FGlobalReadBuffer::ReleaseRHI
[2019.11.20-01.37.19:933][125]LogRendererCore: FGlobalDynamicReadBuffer::Cleanup()
[2019.11.20-01.37.19:951][125]LogRendererCore: FGlobalReadBuffer::ReleaseRHI
[2019.11.20-01.37.19:951][125]LogRendererCore: FGlobalDynamicReadBuffer::Cleanup()
[2019.11.20-01.37.19:951][125]LogRendererCore: FGlobalReadBuffer::ReleaseRHI
[2019.11.20-01.37.19:951][125]LogRendererCore: FGlobalDynamicReadBuffer::Cleanup()
[2019.11.20-01.37.20:085][125]LogD3D11RHI: ~FD3D11DynamicRHI
[2019.11.20-01.37.21:680][125]LogModuleManager: Shutting down and abandoning module HierarchicalLODOutliner (644)
[2019.11.20-01.37.21:680][125]LogModuleManager: Shutting down and abandoning module SceneOutliner (642)
[2019.11.20-01.37.21:680][125]LogModuleManager: Shutting down and abandoning module AddContentDialog (640)
[2019.11.20-01.37.21:713][125]LogModuleManager: Shutting down and abandoning module WidgetCarousel (639)
[2019.11.20-01.37.21:713][125]LogModuleManager: Shutting down and abandoning module EditorWidgets (636)
[2019.11.20-01.37.21:713][125]LogModuleManager: Shutting down and abandoning module CollectionManager (634)
[2019.11.20-01.37.21:713][125]LogModuleManager: Shutting down and abandoning module MeshBuilder (632)
[2019.11.20-01.37.21:713][125]LogModuleManager: Shutting down and abandoning module StatsViewer (630)
[2019.11.20-01.37.21:729][125]LogModuleManager: Shutting down and abandoning module FoliageEdit (628)
[2019.11.20-01.37.21:741][125]LogModuleManager: Shutting down and abandoning module LandscapeEditor (626)
[2019.11.20-01.37.21:761][125]LogModuleManager: Shutting down and abandoning module MeshPaintMode (624)
[2019.11.20-01.37.21:762][125]LogModuleManager: Shutting down and abandoning module SceneDepthPickerMode (622)
[2019.11.20-01.37.21:762][125]LogModuleManager: Shutting down and abandoning module ActorPickerMode (620)
[2019.11.20-01.37.21:762][125]LogModuleManager: Shutting down and abandoning module GeometryMode (618)
[2019.11.20-01.37.21:762][125]LogModuleManager: Shutting down and abandoning module TextureAlignMode (616)
[2019.11.20-01.37.21:762][125]LogModuleManager: Shutting down and abandoning module BspMode (614)
[2019.11.20-01.37.21:762][125]LogModuleManager: Shutting down and abandoning module PIEPreviewDeviceProfileSelector (612)
[2019.11.20-01.37.21:788][125]LogModuleManager: Shutting down and abandoning module SequenceRecorderSections (610)
[2019.11.20-01.37.21:788][125]LogModuleManager: Shutting down and abandoning module AutomationWorker (608)
[2019.11.20-01.37.21:788][125]LogModuleManager: Shutting down and abandoning module OculusMR (606)
[2019.11.20-01.37.21:788][125]LogModuleManager: Shutting down and abandoning module AudioCaptureEditor (604)
[2019.11.20-01.37.21:789][125]LogModuleManager: Shutting down and abandoning module MatineeToLevelSequence (602)
[2019.11.20-01.37.21:790][125]LogModuleManager: Shutting down and abandoning module LevelSequenceEditor (600)
[2019.11.20-01.37.21:806][125]LogModuleManager: Shutting down and abandoning module PlacementMode (599)
[2019.11.20-01.37.21:806][125]LogModuleManager: Shutting down and abandoning module MaterialEditor (598)
[2019.11.20-01.37.21:842][125]LogModuleManager: Shutting down and abandoning module ActorSequenceEditor (594)
[2019.11.20-01.37.21:849][125]LogModuleManager: Shutting down and abandoning module WmfMediaFactory (592)
[2019.11.20-01.37.21:849][125]LogModuleManager: Shutting down and abandoning module WmfMediaEditor (590)
[2019.11.20-01.37.21:849][125]LogModuleManager: Shutting down and abandoning module WebMMediaFactory (588)
[2019.11.20-01.37.21:849][125]LogModuleManager: Shutting down and abandoning module WebMMediaEditor (586)
[2019.11.20-01.37.21:849][125]LogModuleManager: Shutting down and abandoning module WebMMedia (584)
[2019.11.20-01.37.21:850][125]LogModuleManager: Shutting down and abandoning module MediaPlayerEditor (582)
[2019.11.20-01.37.21:871][125]LogModuleManager: Shutting down and abandoning module MediaCompositingEditor (580)
[2019.11.20-01.37.21:885][125]LogModuleManager: Shutting down and abandoning module SequenceRecorder (579)
[2019.11.20-01.37.21:885][125]LogModuleManager: Shutting down and abandoning module OpenExrWrapper (576)
[2019.11.20-01.37.21:885][125]LogModuleManager: Shutting down and abandoning module ImgMediaFactory (574)
[2019.11.20-01.37.21:885][125]LogModuleManager: Shutting down and abandoning module ImgMediaEditor (572)
[2019.11.20-01.37.21:885][125]LogModuleManager: Shutting down and abandoning module AvfMediaFactory (570)
[2019.11.20-01.37.21:885][125]LogModuleManager: Shutting down and abandoning module AvfMediaEditor (568)
[2019.11.20-01.37.21:885][125]LogModuleManager: Shutting down and abandoning module AndroidMediaFactory (566)
[2019.11.20-01.37.21:885][125]LogModuleManager: Shutting down and abandoning module AndroidMediaEditor (564)
[2019.11.20-01.37.21:885][125]LogModuleManager: Shutting down and abandoning module MagicLeapCameraPreviewFactory (562)
[2019.11.20-01.37.21:885][125]LogModuleManager: Shutting down and abandoning module MagicLeapMediaCodecFactory (560)
[2019.11.20-01.37.21:885][125]LogModuleManager: Shutting down and abandoning module MagicLeapMediaFactory (558)
[2019.11.20-01.37.21:885][125]LogModuleManager: Shutting down and abandoning module MagicLeapMediaEditor (556)
[2019.11.20-01.37.21:885][125]LogModuleManager: Shutting down and abandoning module CharacterAI (554)
[2019.11.20-01.37.21:885][125]LogModuleManager: Shutting down and abandoning module SmartSnapping (552)
[2019.11.20-01.37.21:885][125]LogModuleManager: Shutting down and abandoning module SessionServices (550)
[2019.11.20-01.37.21:885][125]LogModuleManager: Shutting down and abandoning module MeshPaint (548)
[2019.11.20-01.37.21:886][125]LogModuleManager: Shutting down and abandoning module ViewportSnapping (546)
[2019.11.20-01.37.21:886][125]LogModuleManager: Shutting down and abandoning module ViewportInteraction (544)
[2019.11.20-01.37.21:886][125]LogModuleManager: Shutting down and abandoning module ClothPainter (542)
[2019.11.20-01.37.21:909][125]LogModuleManager: Shutting down and abandoning module SkeletalMeshEditor (541)
[2019.11.20-01.37.21:929][125]LogModuleManager: Shutting down and abandoning module LogVisualizer (538)
[2019.11.20-01.37.21:941][125]LogModuleManager: Shutting down and abandoning module IntroTutorials (536)
[2019.11.20-01.37.21:967][125]LogModuleManager: Shutting down and abandoning module GameProjectGeneration (535)
[2019.11.20-01.37.21:984][125]LogModuleManager: Shutting down and abandoning module LuminPlatformEditor (532)
[2019.11.20-01.37.21:984][125]LogModuleManager: Shutting down and abandoning module IOSPlatformEditor (530)
[2019.11.20-01.37.21:984][125]LogModuleManager: Shutting down and abandoning module HTML5PlatformEditor (528)
[2019.11.20-01.37.21:984][125]LogModuleManager: Shutting down and abandoning module AndroidPlatformEditor (526)
[2019.11.20-01.37.21:985][125]LogModuleManager: Shutting down and abandoning module AndroidDeviceDetection (525)
[2019.11.20-01.37.22:745][125]LogModuleManager: Shutting down and abandoning module WindowsPlatformEditor (522)
[2019.11.20-01.37.22:745][125]LogModuleManager: Shutting down and abandoning module LuminRuntimeSettings (520)
[2019.11.20-01.37.22:745][125]LogModuleManager: Shutting down and abandoning module IOSRuntimeSettings (518)
[2019.11.20-01.37.22:745][125]LogModuleManager: Shutting down and abandoning module AndroidRuntimeSettings (516)
[2019.11.20-01.37.22:745][125]LogModuleManager: Shutting down and abandoning module TimeManagementEditor (514)
[2019.11.20-01.37.22:745][125]LogModuleManager: Shutting down and abandoning module InputBindingEditor (512)
[2019.11.20-01.37.22:776][125]LogModuleManager: Shutting down and abandoning module MergeActors (510)
[2019.11.20-01.37.22:797][125]LogModuleManager: Shutting down and abandoning module LocalizationDashboard (508)
[2019.11.20-01.37.22:798][125]LogModuleManager: Shutting down and abandoning module LocalizationService (507)
[2019.11.20-01.37.22:799][125]LogModuleManager: Shutting down and abandoning module HardwareTargeting (504)
[2019.11.20-01.37.22:799][125]LogModuleManager: Shutting down and abandoning module DeviceProfileEditor (502)
[2019.11.20-01.37.22:800][125]LogModuleManager: Shutting down and abandoning module UndoHistory (500)
[2019.11.20-01.37.22:819][125]LogModuleManager: Shutting down and abandoning module XmlParser (498)
[2019.11.20-01.37.22:819][125]LogModuleManager: Shutting down and abandoning module Blutility (496)
[2019.11.20-01.37.22:831][125]LogModuleManager: Shutting down and abandoning module ProjectSettingsViewer (494)
[2019.11.20-01.37.22:831][125]LogModuleManager: Shutting down and abandoning module ProjectTargetPlatformEditor (493)
[2019.11.20-01.37.22:831][125]LogModuleManager: Shutting down and abandoning module EditorSettingsViewer (490)
[2019.11.20-01.37.22:831][125]LogModuleManager: Shutting down and abandoning module SettingsEditor (488)
[2019.11.20-01.37.22:884][125]LogModuleManager: Shutting down and abandoning module ProjectLauncher (486)
[2019.11.20-01.37.22:946][125]LogModuleManager: Shutting down and abandoning module SessionFrontend (484)
[2019.11.20-01.37.22:946][125]LogModuleManager: Shutting down and abandoning module ProfilerClient (482)
[2019.11.20-01.37.22:963][125]LogModuleManager: Shutting down and abandoning module DeviceManager (480)
[2019.11.20-01.37.22:981][125]LogModuleManager: Shutting down and abandoning module TargetDeviceServices (479)
[2019.11.20-01.37.23:049][125]LogModuleManager: Shutting down and abandoning module AutomationController (476)
[2019.11.20-01.37.23:050][125]LogModuleManager: Shutting down and abandoning module AutomationWindow (474)
[2019.11.20-01.37.23:062][125]LogModuleManager: Shutting down and abandoning module Layers (472)
[2019.11.20-01.37.23:085][125]LogModuleManager: Shutting down and abandoning module ComponentVisualizers (470)
[2019.11.20-01.37.23:085][125]LogModuleManager: Shutting down and abandoning module DetailCustomizations (468)
[2019.11.20-01.37.23:113][125]LogModuleManager: Shutting down and abandoning module PackagesDialog (466)
[2019.11.20-01.37.23:146][125]LogModuleManager: Shutting down and abandoning module AnimationBlueprintEditor (464)
[2019.11.20-01.37.23:203][125]LogModuleManager: Shutting down and abandoning module Persona (462)
[2019.11.20-01.37.23:246][125]LogModuleManager: Shutting down and abandoning module AdvancedPreviewScene (461)
[2019.11.20-01.37.23:246][125]LogModuleManager: Shutting down and abandoning module AnimGraph (459)
[2019.11.20-01.37.23:246][125]LogModuleManager: Shutting down and abandoning module Kismet (456)
[2019.11.20-01.37.23:292][125]LogModuleManager: Shutting down and abandoning module GraphEditor (454)
[2019.11.20-01.37.23:341][125]LogModuleManager: Shutting down and abandoning module ClassViewer (452)
[2019.11.20-01.37.23:341][125]LogModuleManager: Shutting down and abandoning module Toolbox (450)
[2019.11.20-01.37.23:341][125]LogModuleManager: Shutting down and abandoning module ModuleUI (448)
[2019.11.20-01.37.23:360][125]LogModuleManager: Shutting down and abandoning module MovieSceneTools (446)
[2019.11.20-01.37.23:369][125]LogModuleManager: Shutting down and abandoning module OutputLog (444)
[2019.11.20-01.37.23:369][125]LogModuleManager: Shutting down and abandoning module GammaUI (442)
[2019.11.20-01.37.23:369][125]LogModuleManager: Shutting down and abandoning module Documentation (440)
[2019.11.20-01.37.23:369][125]LogModuleManager: Shutting down and abandoning module LiveCoding (438)
[2019.11.20-01.37.23:400][125]LogModuleManager: Shutting down and abandoning module LevelSequence (436)
[2019.11.20-01.37.23:401][125]LogModuleManager: Shutting down and abandoning module MovieSceneTracks (434)
[2019.11.20-01.37.23:401][125]LogModuleManager: Shutting down and abandoning module MovieScene (432)
[2019.11.20-01.37.23:413][125]LogModuleManager: Shutting down and abandoning module StreamingPauseRendering (430)
[2019.11.20-01.37.23:413][125]LogModuleManager: Shutting down and abandoning module LauncherPlatform (428)
[2019.11.20-01.37.23:413][125]LogModuleManager: Shutting down and abandoning module AnalyticsET (426)
[2019.11.20-01.37.23:413][125]LogModuleManager: Shutting down and abandoning module PortalServices (424)
[2019.11.20-01.37.23:413][125]LogModuleManager: Shutting down and abandoning module PortalRpc (422)
[2019.11.20-01.37.23:413][125]LogModuleManager: Shutting down and abandoning module MessagingRpc (420)
[2019.11.20-01.37.23:413][125]LogModuleManager: Shutting down and abandoning module AIModule (418)
[2019.11.20-01.37.23:436][125]LogModuleManager: Shutting down and abandoning module GameplayDebugger (417)
[2019.11.20-01.37.23:446][125]LogModuleManager: Shutting down and abandoning module AITestSuite (415)
[2019.11.20-01.37.23:463][125]LogModuleManager: Shutting down and abandoning module NavigationSystem (413)
[2019.11.20-01.37.23:463][125]LogModuleManager: Shutting down and abandoning module DesktopPlatform (410)
[2019.11.20-01.37.23:463][125]LogModuleManager: Shutting down and abandoning module ImageWriteQueue (408)
[2019.11.20-01.37.23:465][125]LogModuleManager: Shutting down and abandoning module ProfilerService (406)
[2019.11.20-01.37.23:640][125]LogModuleManager: Shutting down and abandoning module TaskGraph (404)
[2019.11.20-01.37.23:668][125]LogModuleManager: Shutting down and abandoning module SteamVRController (402)
[2019.11.20-01.37.23:668][125]LogModuleManager: Shutting down and abandoning module ProceduralMeshComponentEditor (400)
[2019.11.20-01.37.23:669][125]LogModuleManager: Shutting down and abandoning module ProceduralMeshComponent (398)
[2019.11.20-01.37.23:669][125]LogModuleManager: Shutting down and abandoning module OculusEditor (396)
[2019.11.20-01.37.23:675][125]LogModuleManager: Shutting down and abandoning module OculusInput (394)
[2019.11.20-01.37.23:676][125]LogModuleManager: Shutting down and abandoning module MobilePatchingUtils (392)
[2019.11.20-01.37.23:676][125]LogModuleManager: Shutting down and abandoning module EditableMesh (390)
[2019.11.20-01.37.23:691][125]LogModuleManager: Shutting down and abandoning module CustomMeshComponent (388)
[2019.11.20-01.37.23:692][125]LogModuleManager: Shutting down and abandoning module CableComponent (386)
[2019.11.20-01.37.23:692][125]LogModuleManager: Shutting down and abandoning module AudioCapture (384)
[2019.11.20-01.37.23:692][125]LogModuleManager: Shutting down and abandoning module ArchVisCharacter (382)
[2019.11.20-01.37.23:692][125]LogModuleManager: Shutting down and abandoning module AndroidPermission (380)
[2019.11.20-01.37.23:692][125]LogModuleManager: Shutting down and abandoning module NUTUnrealEngine4 (378)
[2019.11.20-01.37.23:699][125]LogModuleManager: Shutting down and abandoning module NetcodeUnitTest (376)
[2019.11.20-01.37.23:707][125]LogModuleManager: Shutting down and abandoning module MediaCompositing (374)
[2019.11.20-01.37.23:707][125]LogModuleManager: Shutting down and abandoning module LinearTimecode (372)
[2019.11.20-01.37.23:707][125]LogModuleManager: Shutting down and abandoning module ImgMedia (370)
[2019.11.20-01.37.23:707][125]LogModuleManager: Shutting down and abandoning module MagicLeapHelperVulkan (368)
[2019.11.20-01.37.23:707][125]LogModuleManager: Shutting down and abandoning module MagicLeapHelperOpenGL (366)
[2019.11.20-01.37.23:707][125]LogModuleManager: Shutting down and abandoning module MagicLeapAudio (364)
[2019.11.20-01.37.23:707][125]LogModuleManager: Shutting down and abandoning module HTML5Networking (362)
[2019.11.20-01.37.23:707][125]LogModuleManager: Shutting down and abandoning module GeometryCacheTracks (360)
[2019.11.20-01.37.23:707][125]LogModuleManager: Shutting down and abandoning module GeometryCacheSequencer (358)
[2019.11.20-01.37.23:707][125]LogModuleManager: Shutting down and abandoning module BackChannel (356)
[2019.11.20-01.37.23:707][125]LogModuleManager: Shutting down and abandoning module AppleVision (354)
[2019.11.20-01.37.23:707][125]LogModuleManager: Shutting down and abandoning module AppleImageUtilsBlueprintSupport (352)
[2019.11.20-01.37.23:707][125]LogModuleManager: Shutting down and abandoning module AppleImageUtils (350)
[2019.11.20-01.37.23:707][125]LogModuleManager: Shutting down and abandoning module AlembicImporter (348)
[2019.11.20-01.37.23:707][125]LogModuleManager: Shutting down and abandoning module AlembicLibrary (347)
[2019.11.20-01.37.23:707][125]LogModuleManager: Shutting down and abandoning module GeometryCache (346)
[2019.11.20-01.37.23:707][125]LogModuleManager: Shutting down and abandoning module GeometryCacheEd (345)
[2019.11.20-01.37.23:707][125]LogModuleManager: Shutting down and abandoning module VariantManagerContent (340)
[2019.11.20-01.37.23:707][125]LogModuleManager: Shutting down and abandoning module DatasmithContentEditor (338)
[2019.11.20-01.37.23:726][125]LogModuleManager: Shutting down and abandoning module SpeedTreeImporter (336)
[2019.11.20-01.37.23:726][125]LogModuleManager: Shutting down and abandoning module PluginBrowser (334)
[2019.11.20-01.37.23:729][125]LogModuleManager: Shutting down and abandoning module MobileLauncherProfileWizard (332)
[2019.11.20-01.37.23:730][125]LogModuleManager: Shutting down and abandoning module MaterialAnalyzer (330)
[2019.11.20-01.37.23:744][125]LogModuleManager: Shutting down and abandoning module CryptoKeysOpenSSL (328)
[2019.11.20-01.37.23:744][125]LogModuleManager: Shutting down and abandoning module CryptoKeys (326)
[2019.11.20-01.37.23:744][125]LogModuleManager: Shutting down and abandoning module VisualStudioSourceCodeAccess (324)
[2019.11.20-01.37.23:744][125]LogModuleManager: Shutting down and abandoning module VisualStudioCodeSourceCodeAccess (322)
[2019.11.20-01.37.23:744][125]LogModuleManager: Shutting down and abandoning module UObjectPlugin (320)
[2019.11.20-01.37.23:744][125]LogModuleManager: Shutting down and abandoning module SubversionSourceControl (318)
[2019.11.20-01.37.23:747][125]LogModuleManager: Shutting down and abandoning module PerforceSourceControl (316)
[2019.11.20-01.37.23:749][125]LogModuleManager: Shutting down and abandoning module GitSourceControl (314)
[2019.11.20-01.37.23:750][125]LogModuleManager: Shutting down and abandoning module SourceControl (313)
[2019.11.20-01.37.23:764][125]LogModuleManager: Shutting down and abandoning module CLionSourceCodeAccess (310)
[2019.11.20-01.37.23:764][125]LogModuleManager: Shutting down and abandoning module AnimationSharingEd (308)
[2019.11.20-01.37.23:764][125]LogModuleManager: Shutting down and abandoning module ActorLayerUtilitiesEditor (306)
[2019.11.20-01.37.23:764][125]LogModuleManager: Shutting down and abandoning module ActorLayerUtilities (304)
[2019.11.20-01.37.23:764][125]LogModuleManager: Shutting down and abandoning module LightPropagationVolumeEditor (302)
[2019.11.20-01.37.23:764][125]LogModuleManager: Shutting down and abandoning module PaperTiledImporter (300)
[2019.11.20-01.37.23:764][125]LogModuleManager: Shutting down and abandoning module PaperSpriteSheetImporter (298)
[2019.11.20-01.37.23:764][125]LogModuleManager: Shutting down and abandoning module Paper2DEditor (296)
[2019.11.20-01.37.23:788][125]LogModuleManager: Shutting down and abandoning module SignificanceManager (294)
[2019.11.20-01.37.23:788][125]LogModuleManager: Shutting down and abandoning module RuntimePhysXCooking (292)
[2019.11.20-01.37.23:788][125]LogModuleManager: Shutting down and abandoning module PhysXVehiclesEditor (290)
[2019.11.20-01.37.23:788][125]LogModuleManager: Shutting down and abandoning module PhysXVehicles (288)
[2019.11.20-01.37.23:788][125]LogModuleManager: Shutting down and abandoning module LocationServicesBPLibrary (286)
[2019.11.20-01.37.23:788][125]LogModuleManager: Shutting down and abandoning module ActorSequence (284)
[2019.11.20-01.37.23:788][125]LogModuleManager: Shutting down and abandoning module UdpMessaging (282)
[2019.11.20-01.37.23:889][125]LogModuleManager: Shutting down and abandoning module TcpMessaging (280)
[2019.11.20-01.37.23:993][125]LogModuleManager: Shutting down and abandoning module MagicLeapIdentity (278)
[2019.11.20-01.37.23:993][125]LogModuleManager: Shutting down and abandoning module MagicLeapSecureStorage (276)
[2019.11.20-01.37.23:993][125]LogModuleManager: Shutting down and abandoning module MagicLeapHandTracking (274)
[2019.11.20-01.37.24:013][125]LogModuleManager: Shutting down and abandoning module MagicLeapEyeTracker (272)
[2019.11.20-01.37.24:013][125]LogModuleManager: Shutting down and abandoning module MagicLeapController (270)
[2019.11.20-01.37.24:024][125]LogSlate: Slate User Destroyed.  User Index 0, Is Virtual User: 0
[2019.11.20-01.37.24:024][125]LogModuleManager: Shutting down and abandoning module MagicLeapAR (268)
[2019.11.20-01.37.24:024][125]LogModuleManager: Shutting down and abandoning module AugmentedReality (267)
[2019.11.20-01.37.24:024][125]LogModuleManager: Shutting down and abandoning module GameplayTagsEditor (264)
[2019.11.20-01.37.24:040][125]LogModuleManager: Shutting down and abandoning module FacialAnimationEditor (262)
[2019.11.20-01.37.24:040][125]LogModuleManager: Shutting down and abandoning module FacialAnimation (260)
[2019.11.20-01.37.24:040][125]LogModuleManager: Shutting down and abandoning module DataValidation (258)
[2019.11.20-01.37.24:040][125]LogModuleManager: Shutting down and abandoning module AssetManagerEditor (256)
[2019.11.20-01.37.24:068][125]LogModuleManager: Shutting down and abandoning module LevelEditor (255)
[2019.11.20-01.37.24:082][125]LogModuleManager: Shutting down and abandoning module PixelInspectorModule (254)
[2019.11.20-01.37.24:082][125]LogModuleManager: Shutting down and abandoning module CommonMenuExtensions (252)
[2019.11.20-01.37.24:083][125]LogModuleManager: Shutting down and abandoning module MainFrame (250)
[2019.11.20-01.37.24:083][125]LogModuleManager: Shutting down and abandoning module HotReload (249)
[2019.11.20-01.37.24:096][125]LogModuleManager: Shutting down and abandoning module ContentBrowser (245)
[2019.11.20-01.37.24:097][125]LogModuleManager: Shutting down and abandoning module TreeMap (243)
[2019.11.20-01.37.24:108][125]LogModuleManager: Shutting down and abandoning module AnimationSharing (240)
[2019.11.20-01.37.24:108][125]LogModuleManager: Shutting down and abandoning module LightPropagationVolumeRuntime (238)
[2019.11.20-01.37.24:108][125]LogModuleManager: Shutting down and abandoning module AISupportModule (236)
[2019.11.20-01.37.24:108][125]LogModuleManager: Shutting down and abandoning module Paper2D (234)
[2019.11.20-01.37.24:109][125]LogModuleManager: Shutting down and abandoning module WindowsMoviePlayer (232)
[2019.11.20-01.37.24:109][125]LogModuleManager: Shutting down and abandoning module WebMMoviePlayer (230)
[2019.11.20-01.37.24:109][125]LogModuleManager: Shutting down and abandoning module PacketHandler (228)
[2019.11.20-01.37.24:122][125]LogModuleManager: Shutting down and abandoning module ClothingSystemEditor (226)
[2019.11.20-01.37.24:122][125]LogModuleManager: Shutting down and abandoning module ClothingSystemRuntime (224)
[2019.11.20-01.37.24:167][125]LogModuleManager: Shutting down and abandoning module MediaAssets (222)
[2019.11.20-01.37.24:167][125]LogModuleManager: Shutting down and abandoning module Overlay (220)
[2019.11.20-01.37.24:167][125]LogModuleManager: Shutting down and abandoning module OverlayEditor (219)
[2019.11.20-01.37.24:167][125]LogModuleManager: Shutting down and abandoning module VREditor (216)
[2019.11.20-01.37.24:217][125]LogModuleManager: Shutting down and abandoning module StringTableEditor (214)
[2019.11.20-01.37.24:247][125]LogModuleManager: Shutting down and abandoning module GameplayTasksEditor (212)
[2019.11.20-01.37.24:247][125]LogModuleManager: Shutting down and abandoning module BehaviorTreeEditor (210)
[2019.11.20-01.37.24:299][125]LogModuleManager: Shutting down and abandoning module FunctionalTesting (208)
[2019.11.20-01.37.24:325][125]LogModuleManager: Shutting down and abandoning module CollisionAnalyzer (206)
[2019.11.20-01.37.24:391][125]LogModuleManager: Shutting down and abandoning module WorkspaceMenuStructure (205)
[2019.11.20-01.37.24:427][125]LogModuleManager: Shutting down and abandoning module UMG (202)
[2019.11.20-01.37.24:457][125]LogModuleManager: Shutting down and abandoning module UMGEditor (201)
[2019.11.20-01.37.24:560][125]LogModuleManager: Shutting down and abandoning module Sequencer (200)
[2019.11.20-01.37.24:664][125]LogModuleManager: Shutting down and abandoning module MessageLog (197)
[2019.11.20-01.37.24:664][125]LogModuleManager: Shutting down and abandoning module SlateReflector (192)
[2019.11.20-01.37.24:692][125]LogModuleManager: Shutting down and abandoning module Slate (190)
[2019.11.20-01.37.24:692][125]LogModuleManager: Shutting down and abandoning module EditorStyle (188)
[2019.11.20-01.37.24:693][125]LogModuleManager: Shutting down and abandoning module UnrealEd (186)
[2019.11.20-01.37.24:718][125]LogModuleManager: Shutting down and abandoning module MRMesh (184)
[2019.11.20-01.37.24:719][125]LogModuleManager: Shutting down and abandoning module SourceCodeAccess (182)
[2019.11.20-01.37.24:719][125]LogModuleManager: Shutting down and abandoning module HeadMountedDisplay (180)
[2019.11.20-01.37.24:719][125]LogModuleManager: Shutting down and abandoning module XAudio2 (178)
[2019.11.20-01.37.24:719][125]LogModuleManager: Shutting down and abandoning module Networking (176)
[2019.11.20-01.37.24:719][125]LogModuleManager: Shutting down and abandoning module Core (174)
[2019.11.20-01.37.24:719][125]LogModuleManager: Shutting down and abandoning module KismetCompiler (172)
[2019.11.20-01.37.24:737][125]LogModuleManager: Shutting down and abandoning module MeshUtilities (170)
[2019.11.20-01.37.24:737][125]LogModuleManager: Shutting down and abandoning module MeshMergeUtilities (169)
[2019.11.20-01.37.24:738][125]LogModuleManager: Shutting down and abandoning module MeshReductionInterface (168)
[2019.11.20-01.37.24:738][125]LogModuleManager: Shutting down and abandoning module SkeletalMeshReduction (167)
[2019.11.20-01.37.24:739][125]LogModuleManager: Shutting down and abandoning module ProxyLODMeshReduction (165)
[2019.11.20-01.37.24:777][125]LogModuleManager: Shutting down and abandoning module QuadricMeshReduction (163)
[2019.11.20-01.37.24:777][125]LogModuleManager: Shutting down and abandoning module MaterialBaking (159)
[2019.11.20-01.37.24:799][125]LogModuleManager: Shutting down and abandoning module DerivedDataCache (154)
[2019.11.20-01.37.24:860][125]LogDerivedDataCache: Shutdown
[2019.11.20-01.37.24:860][125]LogModuleManager: Shutting down and abandoning module XGEController (152)
[2019.11.20-01.37.24:860][125]LogXGEController: Cleaning working directory: C:/Users/W207542133/AppData/Local/Temp/UnrealXGEWorkingDir/
[2019.11.20-01.37.24:860][125]LogModuleManager: Shutting down and abandoning module TargetPlatform (150)
[2019.11.20-01.37.24:860][125]LogModuleManager: Shutting down and abandoning module VulkanShaderFormat (149)
[2019.11.20-01.37.24:916][125]LogModuleManager: Shutting down and abandoning module ShaderFormatVectorVM (147)
[2019.11.20-01.37.24:916][125]LogModuleManager: Shutting down and abandoning module ShaderFormatOpenGL (145)
[2019.11.20-01.37.24:958][125]LogModuleManager: Shutting down and abandoning module ShaderFormatD3D (143)
[2019.11.20-01.37.24:958][125]LogModuleManager: Shutting down and abandoning module MetalShaderFormat (141)
[2019.11.20-01.37.24:995][125]LogModuleManager: Shutting down and abandoning module TextureFormatUncompressed (139)
[2019.11.20-01.37.24:995][125]LogModuleManager: Shutting down and abandoning module TextureFormatPVR (137)
[2019.11.20-01.37.24:995][125]LogModuleManager: Shutting down and abandoning module TextureFormatDXT (135)
[2019.11.20-01.37.24:995][125]LogModuleManager: Shutting down and abandoning module TextureFormatIntelISPCTexComp (133)
[2019.11.20-01.37.24:995][125]LogModuleManager: Shutting down and abandoning module TextureFormatASTC (131)
[2019.11.20-01.37.24:995][125]LogModuleManager: Shutting down and abandoning module ImageWrapper (130)
[2019.11.20-01.37.24:995][125]LogModuleManager: Shutting down and abandoning module TextureFormatAndroid (127)
[2019.11.20-01.37.24:995][125]LogModuleManager: Shutting down and abandoning module AudioFormatOpus (125)
[2019.11.20-01.37.25:033][125]LogModuleManager: Shutting down and abandoning module AudioFormatOgg (123)
[2019.11.20-01.37.25:033][125]LogModuleManager: Shutting down and abandoning module AudioFormatADPCM (121)
[2019.11.20-01.37.25:033][125]LogModuleManager: Shutting down and abandoning module LuminTargetPlatform (119)
[2019.11.20-01.37.25:034][125]LogModuleManager: Shutting down and abandoning module LinuxTargetPlatform (117)
[2019.11.20-01.37.25:034][125]LogModuleManager: Shutting down and abandoning module LinuxServerTargetPlatform (115)
[2019.11.20-01.37.25:034][125]LogModuleManager: Shutting down and abandoning module LinuxNoEditorTargetPlatform (113)
[2019.11.20-01.37.25:034][125]LogModuleManager: Shutting down and abandoning module LinuxClientTargetPlatform (111)
[2019.11.20-01.37.25:034][125]LogModuleManager: Shutting down and abandoning module TVOSTargetPlatform (109)
[2019.11.20-01.37.25:036][125]LogModuleManager: Shutting down and abandoning module Messaging (107)
[2019.11.20-01.37.25:036][125]LogModuleManager: Shutting down and abandoning module IOSTargetPlatform (105)
[2019.11.20-01.37.25:037][125]LogModuleManager: Shutting down and abandoning module HTML5TargetPlatform (103)
[2019.11.20-01.37.25:037][125]LogModuleManager: Shutting down and abandoning module AndroidTargetPlatform (101)
[2019.11.20-01.37.25:045][125]LogModuleManager: Shutting down and abandoning module WindowsTargetPlatform (99)
[2019.11.20-01.37.25:045][125]LogModuleManager: Shutting down and abandoning module WindowsServerTargetPlatform (97)
[2019.11.20-01.37.25:045][125]LogModuleManager: Shutting down and abandoning module WindowsNoEditorTargetPlatform (95)
[2019.11.20-01.37.25:045][125]LogModuleManager: Shutting down and abandoning module WindowsClientTargetPlatform (93)
[2019.11.20-01.37.25:045][125]LogModuleManager: Shutting down and abandoning module MacTargetPlatform (91)
[2019.11.20-01.37.25:045][125]LogModuleManager: Shutting down and abandoning module MacServerTargetPlatform (89)
[2019.11.20-01.37.25:045][125]LogModuleManager: Shutting down and abandoning module MacNoEditorTargetPlatform (87)
[2019.11.20-01.37.25:045][125]LogModuleManager: Shutting down and abandoning module MacClientTargetPlatform (85)
[2019.11.20-01.37.25:045][125]LogModuleManager: Shutting down and abandoning module AllDesktopTargetPlatform (83)
[2019.11.20-01.37.25:045][125]LogModuleManager: Shutting down and abandoning module InputCore (80)
[2019.11.20-01.37.25:045][125]LogModuleManager: Shutting down and abandoning module Settings (78)
[2019.11.20-01.37.25:045][125]LogModuleManager: Shutting down and abandoning module DirectoryWatcher (76)
[2019.11.20-01.37.25:045][125]LogModuleManager: Shutting down and abandoning module PhysXCooking (74)
[2019.11.20-01.37.25:045][125]LogModuleManager: Shutting down and abandoning module SteamVR (72)
[2019.11.20-01.37.25:059][125]LogHMD: Freeing OpenVRDLLHandle.
[2019.11.20-01.37.25:069][125]LogModuleManager: Shutting down and abandoning module OculusHMD (70)
[2019.11.20-01.37.25:094][125]LogModuleManager: Shutting down and abandoning module ExampleDeviceProfileSelector (68)
[2019.11.20-01.37.25:094][125]LogModuleManager: Shutting down and abandoning module LauncherChunkInstaller (66)
[2019.11.20-01.37.25:094][125]LogModuleManager: Shutting down and abandoning module OnlineBlueprintSupport (64)
[2019.11.20-01.37.25:094][125]LogModuleManager: Shutting down and abandoning module OnlineSubsystem (60)
[2019.11.20-01.37.25:121][125]LogModuleManager: Shutting down and abandoning module XMPP (55)
[2019.11.20-01.37.25:143][125]LogModuleManager: Shutting down and abandoning module WebSockets (54)
[2019.11.20-01.37.25:199][125]LogModuleManager: Shutting down and abandoning module HTTP (51)
[2019.11.20-01.37.25:209][125]LogHttp: Display: Http module shutting down, but needs to wait on 1 outstanding Http requests:
[2019.11.20-01.37.25:209][125]LogHttp: Display: 	verb=[POST] url=[https://datarouter.ol.epicgames.com/datarouter/api/v1/public/data?SessionID=%7B7CCBBEF7-4EA4-F195-DD2D-25A4ECDE131B%7D&AppID=UEEditor.Rocket.Release&AppVersion=4.22.3-7053642%2B%2B%2BUE4%2BRelease-4.22&UserID=805a15b74ddbdf5cdcdd428c26163e24%7C5f1b04a062b8411e828e76e0211ad98e%7C54291280-c780-47b3-9916-32c7c6938de3&AppEnvironment=datacollector-binary&UploadType=eteventstream] status=Processing
[2019.11.20-01.37.25:235][125]LogModuleManager: Shutting down and abandoning module SSL (50)
[2019.11.20-01.37.25:237][125]LogModuleManager: Shutting down and abandoning module WmfMedia (46)
[2019.11.20-01.37.25:250][125]LogModuleManager: Shutting down and abandoning module Media (45)
[2019.11.20-01.37.25:257][125]LogModuleManager: Shutting down and abandoning module MagicLeap (42)
[2019.11.20-01.37.25:266][125]LogModuleManager: Shutting down and abandoning module DatasmithContent (40)
[2019.11.20-01.37.25:268][125]LogModuleManager: Shutting down and abandoning module AnimationModifiers (38)
[2019.11.20-01.37.25:302][125]LogModuleManager: Shutting down and abandoning module PropertyEditor (37)
[2019.11.20-01.37.25:351][125]LogModuleManager: Shutting down and abandoning module AudioEditor (34)
[2019.11.20-01.37.25:427][125]LogModuleManager: Shutting down and abandoning module TextureCompressor (32)
[2019.11.20-01.37.25:427][125]LogModuleManager: Shutting down and abandoning module RenderCore (30)
[2019.11.20-01.37.25:427][125]LogModuleManager: Shutting down and abandoning module Landscape (28)
[2019.11.20-01.37.25:427][125]LogModuleManager: Shutting down and abandoning module SlateRHIRenderer (26)
[2019.11.20-01.37.25:508][125]LogModuleManager: Shutting down and abandoning module OpenGLDrv (24)
[2019.11.20-01.37.25:574][125]LogModuleManager: Shutting down and abandoning module D3D11RHI (22)
[2019.11.20-01.37.25:574][125]LogModuleManager: Shutting down and abandoning module AnimGraphRuntime (20)
[2019.11.20-01.37.25:618][125]LogModuleManager: Shutting down and abandoning module Renderer (18)
[2019.11.20-01.37.25:618][125]LogModuleManager: Shutting down and abandoning module Engine (16)
[2019.11.20-01.37.25:618][125]LogModuleManager: Shutting down and abandoning module CoreUObject (14)
[2019.11.20-01.37.25:619][125]LogModuleManager: Shutting down and abandoning module NetworkFile (12)
[2019.11.20-01.37.25:619][125]LogModuleManager: Shutting down and abandoning module CookedIterativeFile (10)
[2019.11.20-01.37.25:619][125]LogModuleManager: Shutting down and abandoning module StreamingFile (8)
[2019.11.20-01.37.25:619][125]LogModuleManager: Shutting down and abandoning module SandboxFile (6)
[2019.11.20-01.37.25:619][125]LogModuleManager: Shutting down and abandoning module PakFile (4)
[2019.11.20-01.37.25:639][125]LogModuleManager: Shutting down and abandoning module RSA (3)
[2019.11.20-01.37.25:799][125]LogExit: Exiting.
[2019.11.20-01.37.26:072][125]Log file closed, 11/19/19 19:37:26
