Log file open, 12/11/19 18:53:35
LogWindows: Failed to load 'aqProf.dll' (GetLastError=126)
LogWindows: File 'aqProf.dll' does not exist
LogWindows: Failed to load 'VtuneApi.dll' (GetLastError=126)
LogWindows: File 'VtuneApi.dll' does not exist
LogWindows: Failed to load 'VtuneApi32e.dll' (GetLastError=126)
LogWindows: File 'VtuneApi32e.dll' does not exist
LogConsoleResponse: Display: Failed to find resolution value strings in scalability ini. Falling back to default.
LogInit: Display: Running engine for game: WAR
LogPakFile: Registered encryption key '00000000000000000000000000000000': 0 pak files mounted, 0 remain pending
LogPlatformFile: Not using cached read wrapper
LogTaskGraph: Started task graph with 5 named threads and 23 total threads with 3 sets of task threads.
LogStats: Stats thread started at 0.272174
LogD3D11RHI: Loaded GFSDK_Aftermath_Lib.x64.dll
LogICUInternationalization: ICU TimeZone Detection - Raw Offset: -6:00, Platform Override: ''
LogPluginManager: Mounting plugin Paper2D
LogPluginManager: Mounting plugin AISupport
LogPluginManager: Mounting plugin LightPropagationVolume
LogPluginManager: Mounting plugin ActorLayerUtilities
LogPluginManager: Mounting plugin AnimationSharing
LogPluginManager: Mounting plugin CLionSourceCodeAccess
LogPluginManager: Mounting plugin CodeLiteSourceCodeAccess
LogPluginManager: Mounting plugin GitSourceControl
LogPluginManager: Mounting plugin KDevelopSourceCodeAccess
LogPluginManager: Mounting plugin NullSourceCodeAccess
LogPluginManager: Mounting plugin PerforceSourceControl
LogPluginManager: Mounting plugin SubversionSourceControl
LogPluginManager: Mounting plugin UObjectPlugin
LogPluginManager: Mounting plugin VisualStudioCodeSourceCodeAccess
LogPluginManager: Mounting plugin VisualStudioSourceCodeAccess
LogPluginManager: Mounting plugin XCodeSourceCodeAccess
LogPluginManager: Mounting plugin AssetManagerEditor
LogPluginManager: Mounting plugin CryptoKeys
LogPluginManager: Mounting plugin DataValidation
LogPluginManager: Mounting plugin FacialAnimation
LogPluginManager: Mounting plugin GameplayTagsEditor
LogPluginManager: Mounting plugin MacGraphicsSwitching
LogPluginManager: Mounting plugin MaterialAnalyzer
LogPluginManager: Mounting plugin MobileLauncherProfileWizard
LogPluginManager: Mounting plugin PluginBrowser
LogPluginManager: Mounting plugin SpeedTreeImporter
LogPluginManager: Mounting plugin DatasmithContent
LogPluginManager: Mounting plugin VariantManagerContent
LogPluginManager: Mounting plugin AlembicImporter
LogPluginManager: Mounting plugin AppleImageUtils
LogPluginManager: Mounting plugin AppleVision
LogPluginManager: Mounting plugin BackChannel
LogPluginManager: Mounting plugin CharacterAI
LogPluginManager: Mounting plugin GeometryCache
LogPluginManager: Mounting plugin HTML5Networking
LogPluginManager: Mounting plugin ProxyLODPlugin
LogPluginManager: Mounting plugin SkeletalReduction
LogPluginManager: Mounting plugin MagicLeap
LogPluginManager: Mounting plugin MagicLeapMedia
LogPluginManager: Mounting plugin AndroidMedia
LogPluginManager: Mounting plugin AvfMedia
LogPluginManager: Mounting plugin ImgMedia
LogPluginManager: Mounting plugin LinearTimecode
LogPluginManager: Mounting plugin MediaCompositing
LogPluginManager: Mounting plugin MediaPlayerEditor
LogPluginManager: Mounting plugin WebMMedia
LogPluginManager: Mounting plugin WmfMedia
LogPluginManager: Mounting plugin TcpMessaging
LogPluginManager: Mounting plugin UdpMessaging
LogPluginManager: Mounting plugin ActorSequence
LogPluginManager: Mounting plugin LevelSequenceEditor
LogPluginManager: Mounting plugin MatineeToLevelSequence
LogPluginManager: Mounting plugin NetcodeUnitTest
LogPluginManager: Mounting plugin NUTUnrealEngine4
LogPluginManager: Mounting plugin OnlineSubsystemGooglePlay
LogPluginManager: Mounting plugin OnlineSubsystemIOS
LogPluginManager: Mounting plugin OnlineSubsystem
LogPluginManager: Mounting plugin OnlineSubsystemNull
LogPluginManager: Mounting plugin OnlineSubsystemUtils
LogPluginManager: Mounting plugin LauncherChunkInstaller
LogPluginManager: Mounting plugin AndroidDeviceProfileSelector
LogPluginManager: Mounting plugin AndroidMoviePlayer
LogPluginManager: Mounting plugin AndroidPermission
LogPluginManager: Mounting plugin AppleMoviePlayer
LogPluginManager: Mounting plugin ArchVisCharacter
LogPluginManager: Mounting plugin AudioCapture
LogPluginManager: Mounting plugin CableComponent
LogPluginManager: Mounting plugin CustomMeshComponent
LogPluginManager: Mounting plugin EditableMesh
LogPluginManager: Mounting plugin ExampleDeviceProfileSelector
LogPluginManager: Mounting plugin Firebase
LogPluginManager: Mounting plugin GoogleCloudMessaging
LogPluginManager: Mounting plugin IOSDeviceProfileSelector
LogPluginManager: Mounting plugin LinuxDeviceProfileSelector
LogPluginManager: Mounting plugin LocationServicesBPLibrary
LogPluginManager: Mounting plugin MobilePatchingUtils
LogPluginManager: Mounting plugin OculusVR
LogPluginManager: Mounting plugin PhysXVehicles
LogPluginManager: Mounting plugin ProceduralMeshComponent
LogPluginManager: Mounting plugin RuntimePhysXCooking
LogPluginManager: Mounting plugin SignificanceManager
LogPluginManager: Mounting plugin SteamVR
LogPluginManager: Mounting plugin WebMMoviePlayer
LogPluginManager: Mounting plugin WindowsMoviePlayer
LogInit: Using libcurl 7.55.1-DEV
LogInit:  - built for x86_64-pc-win32
LogInit:  - supports SSL with OpenSSL/1.1.1
LogInit:  - supports HTTP deflate (compression) using libz 1.2.8
LogInit:  - other features:
LogInit:      CURL_VERSION_SSL
LogInit:      CURL_VERSION_LIBZ
LogInit:      CURL_VERSION_IPV6
LogInit:      CURL_VERSION_ASYNCHDNS
LogInit:      CURL_VERSION_LARGEFILE
LogInit:      CURL_VERSION_IDN
LogInit:  CurlRequestOptions (configurable via config and command line):
LogInit:  - bVerifyPeer = true  - Libcurl will verify peer certificate
LogInit:  - bUseHttpProxy = false  - Libcurl will NOT use HTTP proxy
LogInit:  - bDontReuseConnections = false  - Libcurl will reuse connections
LogInit:  - MaxHostConnections = 16  - Libcurl will limit the number of connections to a host
LogInit:  - LocalHostAddr = Default
LogInit:  - BufferSize = 65536
LogInit: WinSock: version 1.1 (2.2), MaxSocks=32767, MaxUdp=65467
LogHMD: Failed initializing OVRPlugin 1.32.0
LogInit: Build: ++UE4+Release-4.22-CL-6063286
LogInit: Engine Version: 4.22.1-6063286+++UE4+Release-4.22
LogInit: Compatible Engine Version: 4.22.0-5660361+++UE4+Release-4.22
LogInit: Net CL: 5660361
LogInit: OS: Windows 10 (Release 1703) (), CPU: Intel(R) Core(TM) i7-4770 CPU @ 3.40GHz, GPU: AMD Radeon HD 8570
LogInit: Compiled (64-bit): Apr 24 2019 04:36:48
LogInit: Compiled with Visual C++: 19.16.27025.01
LogInit: Build Configuration: Development
LogInit: Branch Name: ++UE4+Release-4.22
LogInit: Command Line: 
LogInit: Base Directory: C:/UE_4.22/Engine/Binaries/Win64/
LogInit: Installed Engine Build: 1
LogDevObjectVersion: Number of dev versions registered: 23
LogDevObjectVersion:   Dev-Blueprints (B0D832E4-1F89-4F0D-ACCF-7EB736FD4AA2): 10
LogDevObjectVersion:   Dev-Build (E1C64328-A22C-4D53-A36C-8E866417BD8C): 0
LogDevObjectVersion:   Dev-Core (375EC13C-06E4-48FB-B500-84F0262A717E): 3
LogDevObjectVersion:   Dev-Editor (E4B068ED-F494-42E9-A231-DA0B2E46BB41): 30
LogDevObjectVersion:   Dev-Framework (CFFC743F-43B0-4480-9391-14DF171D2073): 35
LogDevObjectVersion:   Dev-Mobile (B02B49B5-BB20-44E9-A304-32B752E40360): 2
LogDevObjectVersion:   Dev-Networking (A4E4105C-59A1-49B5-A7C5-40C4547EDFEE): 0
LogDevObjectVersion:   Dev-Online (39C831C9-5AE6-47DC-9A44-9C173E1C8E7C): 0
LogDevObjectVersion:   Dev-Physics (78F01B33-EBEA-4F98-B9B4-84EACCB95AA2): 0
LogDevObjectVersion:   Dev-Platform (6631380F-2D4D-43E0-8009-CF276956A95A): 0
LogDevObjectVersion:   Dev-Rendering (12F88B9F-8875-4AFC-A67C-D90C383ABD29): 28
LogDevObjectVersion:   Dev-Sequencer (7B5AE74C-D270-4C10-A958-57980B212A5A): 11
LogDevObjectVersion:   Dev-VR (D7296918-1DD6-4BDD-9DE2-64A83CC13884): 2
LogDevObjectVersion:   Dev-LoadTimes (C2A15278-BFE7-4AFE-6C17-90FF531DF755): 1
LogDevObjectVersion:   Private-Geometry (6EACA3D4-40EC-4CC1-B786-8BED09428FC5): 3
LogDevObjectVersion:   Dev-AnimPhys (29E575DD-E0A3-4627-9D10-D276232CDCEA): 17
LogDevObjectVersion:   Dev-Anim (AF43A65D-7FD3-4947-9873-3E8ED9C1BB05): 2
LogDevObjectVersion:   Dev-ReflectionCapture (6B266CEC-1EC7-4B8F-A30B-E4D90942FC07): 1
LogDevObjectVersion:   Dev-Automation (0DF73D61-A23F-47EA-B727-89E90C41499A): 1
LogDevObjectVersion:   FortniteMain (601D1886-AC64-4F84-AA16-D3DE0DEAC7D6): 25
LogDevObjectVersion:   Dev-Enterprise (9DFFBCD6-494F-0158-E221-12823C92A888): 6
LogDevObjectVersion:   Dev-Niagara (F2AED0AC-9AFE-416F-8664-AA7FFA26D6FC): 1
LogDevObjectVersion:   Dev-Destruction (174F1F0B-B4C6-45A5-B13F-2EE8D0FB917D): 2
LogInit: Presizing for max 16777216 objects, including 0 objects not considered by GC, pre-allocating 0 bytes for permanent pool.
LogInit: Object subsystem initialized
LogConfig: Setting CVar [[con.DebugEarlyDefault:1]]
LogConfig: Setting CVar [[r.setres:1280x720]]
[2019.12.12-00.53.36:048][  0]LogConfig: Setting CVar [[r.VSync:0]]
[2019.12.12-00.53.36:048][  0]LogConfig: Setting CVar [[r.RHICmdBypass:0]]
[2019.12.12-00.53.36:048][  0]LogConfig: Applying CVar settings from Section [/Script/Engine.RendererSettings] File [C:/Users/TEMP.AD.001/Desktop/WAR/WAR/Saved/Config/Windows/Engine.ini]
[2019.12.12-00.53.36:048][  0]LogConfig: Setting CVar [[r.GPUCrashDebugging:0]]
[2019.12.12-00.53.36:048][  0]LogConfig: Applying CVar settings from Section [/Script/Engine.RendererOverrideSettings] File [C:/Users/TEMP.AD.001/Desktop/WAR/WAR/Saved/Config/Windows/Engine.ini]
[2019.12.12-00.53.36:048][  0]LogConfig: Applying CVar settings from Section [/Script/Engine.StreamingSettings] File [C:/Users/TEMP.AD.001/Desktop/WAR/WAR/Saved/Config/Windows/Engine.ini]
[2019.12.12-00.53.36:048][  0]LogConfig: Setting CVar [[s.MinBulkDataSizeForAsyncLoading:131072]]
[2019.12.12-00.53.36:048][  0]LogConfig: Setting CVar [[s.AsyncLoadingThreadEnabled:0]]
[2019.12.12-00.53.36:048][  0]LogConfig: Setting CVar [[s.EventDrivenLoaderEnabled:1]]
[2019.12.12-00.53.36:048][  0]LogConfig: Setting CVar [[s.WarnIfTimeLimitExceeded:0]]
[2019.12.12-00.53.36:048][  0]LogConfig: Setting CVar [[s.TimeLimitExceededMultiplier:1.5]]
[2019.12.12-00.53.36:049][  0]LogConfig: Setting CVar [[s.TimeLimitExceededMinTime:0.005]]
[2019.12.12-00.53.36:049][  0]LogConfig: Setting CVar [[s.UseBackgroundLevelStreaming:1]]
[2019.12.12-00.53.36:049][  0]LogConfig: Setting CVar [[s.PriorityAsyncLoadingExtraTime:15.0]]
[2019.12.12-00.53.36:049][  0]LogConfig: Setting CVar [[s.LevelStreamingActorsUpdateTimeLimit:5.0]]
[2019.12.12-00.53.36:049][  0]LogConfig: Setting CVar [[s.PriorityLevelStreamingActorsUpdateExtraTime:5.0]]
[2019.12.12-00.53.36:049][  0]LogConfig: Setting CVar [[s.LevelStreamingComponentsRegistrationGranularity:10]]
[2019.12.12-00.53.36:049][  0]LogConfig: Setting CVar [[s.UnregisterComponentsTimeLimit:1.0]]
[2019.12.12-00.53.36:049][  0]LogConfig: Setting CVar [[s.LevelStreamingComponentsUnregistrationGranularity:5]]
[2019.12.12-00.53.36:049][  0]LogConfig: Applying CVar settings from Section [/Script/Engine.GarbageCollectionSettings] File [C:/Users/TEMP.AD.001/Desktop/WAR/WAR/Saved/Config/Windows/Engine.ini]
[2019.12.12-00.53.36:049][  0]LogConfig: Setting CVar [[gc.MaxObjectsNotConsideredByGC:1]]
[2019.12.12-00.53.36:049][  0]LogConfig: Setting CVar [[gc.SizeOfPermanentObjectPool:0]]
[2019.12.12-00.53.36:049][  0]LogConfig: Setting CVar [[gc.FlushStreamingOnGC:0]]
[2019.12.12-00.53.36:049][  0]LogConfig: Setting CVar [[gc.NumRetriesBeforeForcingGC:10]]
[2019.12.12-00.53.36:049][  0]LogConfig: Setting CVar [[gc.AllowParallelGC:1]]
[2019.12.12-00.53.36:049][  0]LogConfig: Setting CVar [[gc.TimeBetweenPurgingPendingKillObjects:61.1]]
[2019.12.12-00.53.36:049][  0]LogConfig: Setting CVar [[gc.MaxObjectsInEditor:16777216]]
[2019.12.12-00.53.36:049][  0]LogConfig: Setting CVar [[gc.IncrementalBeginDestroyEnabled:1]]
[2019.12.12-00.53.36:049][  0]LogConfig: Setting CVar [[gc.CreateGCClusters:1]]
[2019.12.12-00.53.36:049][  0]LogConfig: Setting CVar [[gc.MinGCClusterSize:5]]
[2019.12.12-00.53.36:049][  0]LogConfig: Setting CVar [[gc.ActorClusteringEnabled:0]]
[2019.12.12-00.53.36:049][  0]LogConfig: Setting CVar [[gc.BlueprintClusteringEnabled:0]]
[2019.12.12-00.53.36:049][  0]LogConfig: Setting CVar [[gc.UseDisregardForGCOnDedicatedServers:0]]
[2019.12.12-00.53.36:049][  0]LogConfig: Applying CVar settings from Section [/Script/Engine.NetworkSettings] File [C:/Users/TEMP.AD.001/Desktop/WAR/WAR/Saved/Config/Windows/Engine.ini]
[2019.12.12-00.53.36:049][  0]LogConfig: Applying CVar settings from Section [/Script/UnrealEd.CookerSettings] File [C:/Users/TEMP.AD.001/Desktop/WAR/WAR/Saved/Config/Windows/Engine.ini]
[2019.12.12-00.53.36:050][  0]LogConfig: Applying CVar settings from Section [ViewDistanceQuality@3] File [C:/Users/TEMP.AD.001/Desktop/WAR/WAR/Saved/Config/Windows/Scalability.ini]
[2019.12.12-00.53.36:050][  0]LogConfig: Setting CVar [[r.SkeletalMeshLODBias:0]]
[2019.12.12-00.53.36:050][  0]LogConfig: Setting CVar [[r.ViewDistanceScale:1.0]]
[2019.12.12-00.53.36:050][  0]LogConfig: Applying CVar settings from Section [AntiAliasingQuality@3] File [C:/Users/TEMP.AD.001/Desktop/WAR/WAR/Saved/Config/Windows/Scalability.ini]
[2019.12.12-00.53.36:050][  0]LogConfig: Setting CVar [[r.PostProcessAAQuality:4]]
[2019.12.12-00.53.36:050][  0]LogConfig: Applying CVar settings from Section [ShadowQuality@3] File [C:/Users/TEMP.AD.001/Desktop/WAR/WAR/Saved/Config/Windows/Scalability.ini]
[2019.12.12-00.53.36:050][  0]LogConfig: Setting CVar [[r.LightFunctionQuality:1]]
[2019.12.12-00.53.36:050][  0]LogConfig: Setting CVar [[r.ShadowQuality:5]]
[2019.12.12-00.53.36:050][  0]LogConfig: Setting CVar [[r.Shadow.CSM.MaxCascades:10]]
[2019.12.12-00.53.36:050][  0]LogConfig: Setting CVar [[r.Shadow.MaxResolution:2048]]
[2019.12.12-00.53.36:050][  0]LogConfig: Setting CVar [[r.Shadow.MaxCSMResolution:2048]]
[2019.12.12-00.53.36:050][  0]LogConfig: Setting CVar [[r.Shadow.RadiusThreshold:0.01]]
[2019.12.12-00.53.36:050][  0]LogConfig: Setting CVar [[r.Shadow.DistanceScale:1.0]]
[2019.12.12-00.53.36:050][  0]LogConfig: Setting CVar [[r.Shadow.CSM.TransitionScale:1.0]]
[2019.12.12-00.53.36:050][  0]LogConfig: Setting CVar [[r.Shadow.PreShadowResolutionFactor:1.0]]
[2019.12.12-00.53.36:050][  0]LogConfig: Setting CVar [[r.DistanceFieldShadowing:1]]
[2019.12.12-00.53.36:050][  0]LogConfig: Setting CVar [[r.DistanceFieldAO:1]]
[2019.12.12-00.53.36:050][  0]LogConfig: Setting CVar [[r.AOQuality:2]]
[2019.12.12-00.53.36:050][  0]LogConfig: Setting CVar [[r.VolumetricFog:1]]
[2019.12.12-00.53.36:050][  0]LogConfig: Setting CVar [[r.VolumetricFog.GridPixelSize:8]]
[2019.12.12-00.53.36:050][  0]LogConfig: Setting CVar [[r.VolumetricFog.GridSizeZ:128]]
[2019.12.12-00.53.36:050][  0]LogConfig: Setting CVar [[r.VolumetricFog.HistoryMissSupersampleCount:4]]
[2019.12.12-00.53.36:050][  0]LogConfig: Setting CVar [[r.LightMaxDrawDistanceScale:1]]
[2019.12.12-00.53.36:050][  0]LogConfig: Setting CVar [[r.CapsuleShadows:1]]
[2019.12.12-00.53.36:050][  0]LogConfig: Applying CVar settings from Section [PostProcessQuality@3] File [C:/Users/TEMP.AD.001/Desktop/WAR/WAR/Saved/Config/Windows/Scalability.ini]
[2019.12.12-00.53.36:050][  0]LogConfig: Setting CVar [[r.MotionBlurQuality:4]]
[2019.12.12-00.53.36:050][  0]LogConfig: Setting CVar [[r.AmbientOcclusionMipLevelFactor:0.4]]
[2019.12.12-00.53.36:050][  0]LogConfig: Setting CVar [[r.AmbientOcclusionMaxQuality:100]]
[2019.12.12-00.53.36:050][  0]LogConfig: Setting CVar [[r.AmbientOcclusionLevels:-1]]
[2019.12.12-00.53.36:050][  0]LogConfig: Setting CVar [[r.AmbientOcclusionRadiusScale:1.0]]
[2019.12.12-00.53.36:050][  0]LogConfig: Setting CVar [[r.DepthOfFieldQuality:2]]
[2019.12.12-00.53.36:050][  0]LogConfig: Setting CVar [[r.RenderTargetPoolMin:400]]
[2019.12.12-00.53.36:050][  0]LogConfig: Setting CVar [[r.LensFlareQuality:2]]
[2019.12.12-00.53.36:050][  0]LogConfig: Setting CVar [[r.SceneColorFringeQuality:1]]
[2019.12.12-00.53.36:050][  0]LogConfig: Setting CVar [[r.EyeAdaptationQuality:2]]
[2019.12.12-00.53.36:050][  0]LogConfig: Setting CVar [[r.BloomQuality:5]]
[2019.12.12-00.53.36:050][  0]LogConfig: Setting CVar [[r.FastBlurThreshold:100]]
[2019.12.12-00.53.36:050][  0]LogConfig: Setting CVar [[r.Upscale.Quality:3]]
[2019.12.12-00.53.36:050][  0]LogConfig: Setting CVar [[r.Tonemapper.GrainQuantization:1]]
[2019.12.12-00.53.36:050][  0]LogConfig: Setting CVar [[r.LightShaftQuality:1]]
[2019.12.12-00.53.36:050][  0]LogConfig: Setting CVar [[r.Filter.SizeScale:1]]
[2019.12.12-00.53.36:050][  0]LogConfig: Setting CVar [[r.Tonemapper.Quality:5]]
[2019.12.12-00.53.36:051][  0]LogConfig: Setting CVar [[r.DOF.Gather.AccumulatorQuality:1        ; higher gathering accumulator quality]]
[2019.12.12-00.53.36:051][  0]LogConfig: Setting CVar [[r.DOF.Gather.PostfilterMethod:1          ; Median3x3 postfilering method]]
[2019.12.12-00.53.36:051][  0]LogConfig: Setting CVar [[r.DOF.Gather.EnableBokehSettings:0       ; no bokeh simulation when gathering]]
[2019.12.12-00.53.36:051][  0]LogConfig: Setting CVar [[r.DOF.Gather.RingCount:4                 ; medium number of samples when gathering]]
[2019.12.12-00.53.36:051][  0]LogConfig: Setting CVar [[r.DOF.Scatter.ForegroundCompositing:1    ; additive foreground scattering]]
[2019.12.12-00.53.36:051][  0]LogConfig: Setting CVar [[r.DOF.Scatter.BackgroundCompositing:2    ; additive background scattering]]
[2019.12.12-00.53.36:051][  0]LogConfig: Setting CVar [[r.DOF.Scatter.EnableBokehSettings:1      ; bokeh simulation when scattering]]
[2019.12.12-00.53.36:051][  0]LogConfig: Setting CVar [[r.DOF.Scatter.MaxSpriteRatio:0.1         ; only a maximum of 10% of scattered bokeh]]
[2019.12.12-00.53.36:051][  0]LogConfig: Setting CVar [[r.DOF.Recombine.Quality:1                ; cheap slight out of focus]]
[2019.12.12-00.53.36:051][  0]LogConfig: Setting CVar [[r.DOF.Recombine.EnableBokehSettings:0    ; no bokeh simulation on slight out of focus]]
[2019.12.12-00.53.36:051][  0]LogConfig: Setting CVar [[r.DOF.TemporalAAQuality:1                ; more stable temporal accumulation]]
[2019.12.12-00.53.36:051][  0]LogConfig: Setting CVar [[r.DOF.Kernel.MaxForegroundRadius:0.025]]
[2019.12.12-00.53.36:051][  0]LogConfig: Setting CVar [[r.DOF.Kernel.MaxBackgroundRadius:0.025]]
[2019.12.12-00.53.36:051][  0]LogConfig: Applying CVar settings from Section [TextureQuality@3] File [C:/Users/TEMP.AD.001/Desktop/WAR/WAR/Saved/Config/Windows/Scalability.ini]
[2019.12.12-00.53.36:051][  0]LogConfig: Setting CVar [[r.Streaming.MipBias:0]]
[2019.12.12-00.53.36:051][  0]LogConfig: Setting CVar [[r.Streaming.AmortizeCPUToGPUCopy:0]]
[2019.12.12-00.53.36:051][  0]LogConfig: Setting CVar [[r.Streaming.MaxNumTexturesToStreamPerFrame:0]]
[2019.12.12-00.53.36:051][  0]LogConfig: Setting CVar [[r.Streaming.Boost:1]]
[2019.12.12-00.53.36:051][  0]LogConfig: Setting CVar [[r.MaxAnisotropy:8]]
[2019.12.12-00.53.36:051][  0]LogConfig: Setting CVar [[r.Streaming.LimitPoolSizeToVRAM:0]]
[2019.12.12-00.53.36:051][  0]LogConfig: Setting CVar [[r.Streaming.PoolSize:1000]]
[2019.12.12-00.53.36:051][  0]LogConfig: Setting CVar [[r.Streaming.MaxEffectiveScreenSize:0]]
[2019.12.12-00.53.36:051][  0]LogConfig: Applying CVar settings from Section [EffectsQuality@3] File [C:/Users/TEMP.AD.001/Desktop/WAR/WAR/Saved/Config/Windows/Scalability.ini]
[2019.12.12-00.53.36:051][  0]LogConfig: Setting CVar [[r.TranslucencyLightingVolumeDim:64]]
[2019.12.12-00.53.36:051][  0]LogConfig: Setting CVar [[r.RefractionQuality:2]]
[2019.12.12-00.53.36:051][  0]LogConfig: Setting CVar [[r.SSR.Quality:3]]
[2019.12.12-00.53.36:051][  0]LogConfig: Setting CVar [[r.SceneColorFormat:4]]
[2019.12.12-00.53.36:051][  0]LogConfig: Setting CVar [[r.DetailMode:2]]
[2019.12.12-00.53.36:051][  0]LogConfig: Setting CVar [[r.TranslucencyVolumeBlur:1]]
[2019.12.12-00.53.36:051][  0]LogConfig: Setting CVar [[r.MaterialQualityLevel:1 ; High quality]]
[2019.12.12-00.53.36:051][  0]LogConfig: Setting CVar [[r.SSS.Scale:1]]
[2019.12.12-00.53.36:051][  0]LogConfig: Setting CVar [[r.SSS.SampleSet:2]]
[2019.12.12-00.53.36:051][  0]LogConfig: Setting CVar [[r.SSS.Quality:1]]
[2019.12.12-00.53.36:051][  0]LogConfig: Setting CVar [[r.SSS.HalfRes:1]]
[2019.12.12-00.53.36:051][  0]LogConfig: Setting CVar [[r.EmitterSpawnRateScale:1.0]]
[2019.12.12-00.53.36:051][  0]LogConfig: Setting CVar [[r.ParticleLightQuality:2]]
[2019.12.12-00.53.36:051][  0]LogConfig: Applying CVar settings from Section [FoliageQuality@3] File [C:/Users/TEMP.AD.001/Desktop/WAR/WAR/Saved/Config/Windows/Scalability.ini]
[2019.12.12-00.53.36:051][  0]LogConfig: Setting CVar [[foliage.DensityScale:1.0]]
[2019.12.12-00.53.36:051][  0]LogConfig: Setting CVar [[grass.DensityScale:1.0]]
[2019.12.12-00.53.36:051][  0]LogInit: Selected Device Profile: [Windows]
[2019.12.12-00.53.36:051][  0]LogInit: Applying CVar settings loaded from the selected device profile: [Windows]
[2019.12.12-00.53.36:059][  0]LogHAL: Display: Platform has ~ 16 GB [17119145984 / 17179869184 / 16], which maps to Larger [LargestMinGB=32, LargerMinGB=12, DefaultMinGB=8, SmallerMinGB=6, SmallestMinGB=0)
[2019.12.12-00.53.36:059][  0]LogConfig: Setting CVar [[r.Vulkan.UseRealUBs:0		; Required until we fix HLR fall-out]]
[2019.12.12-00.53.36:059][  0]LogInit: Going up to parent DeviceProfile []
[2019.12.12-00.53.36:059][  0]LogConfig: Applying CVar settings from Section [ViewDistanceQuality@3] File [C:/Users/TEMP.AD.001/Desktop/WAR/WAR/Saved/Config/Windows/Scalability.ini]
[2019.12.12-00.53.36:059][  0]LogConfig: Setting CVar [[r.SkeletalMeshLODBias:0]]
[2019.12.12-00.53.36:059][  0]LogConfig: Setting CVar [[r.ViewDistanceScale:1.0]]
[2019.12.12-00.53.36:059][  0]LogConfig: Applying CVar settings from Section [AntiAliasingQuality@3] File [C:/Users/TEMP.AD.001/Desktop/WAR/WAR/Saved/Config/Windows/Scalability.ini]
[2019.12.12-00.53.36:059][  0]LogConfig: Setting CVar [[r.PostProcessAAQuality:4]]
[2019.12.12-00.53.36:059][  0]LogConfig: Applying CVar settings from Section [ShadowQuality@3] File [C:/Users/TEMP.AD.001/Desktop/WAR/WAR/Saved/Config/Windows/Scalability.ini]
[2019.12.12-00.53.36:059][  0]LogConfig: Setting CVar [[r.LightFunctionQuality:1]]
[2019.12.12-00.53.36:059][  0]LogConfig: Setting CVar [[r.ShadowQuality:5]]
[2019.12.12-00.53.36:059][  0]LogConfig: Setting CVar [[r.Shadow.CSM.MaxCascades:10]]
[2019.12.12-00.53.36:059][  0]LogConfig: Setting CVar [[r.Shadow.MaxResolution:2048]]
[2019.12.12-00.53.36:059][  0]LogConfig: Setting CVar [[r.Shadow.MaxCSMResolution:2048]]
[2019.12.12-00.53.36:059][  0]LogConfig: Setting CVar [[r.Shadow.RadiusThreshold:0.01]]
[2019.12.12-00.53.36:059][  0]LogConfig: Setting CVar [[r.Shadow.DistanceScale:1.0]]
[2019.12.12-00.53.36:059][  0]LogConfig: Setting CVar [[r.Shadow.CSM.TransitionScale:1.0]]
[2019.12.12-00.53.36:059][  0]LogConfig: Setting CVar [[r.Shadow.PreShadowResolutionFactor:1.0]]
[2019.12.12-00.53.36:059][  0]LogConfig: Setting CVar [[r.DistanceFieldShadowing:1]]
[2019.12.12-00.53.36:059][  0]LogConfig: Setting CVar [[r.DistanceFieldAO:1]]
[2019.12.12-00.53.36:059][  0]LogConfig: Setting CVar [[r.AOQuality:2]]
[2019.12.12-00.53.36:059][  0]LogConfig: Setting CVar [[r.VolumetricFog:1]]
[2019.12.12-00.53.36:059][  0]LogConfig: Setting CVar [[r.VolumetricFog.GridPixelSize:8]]
[2019.12.12-00.53.36:059][  0]LogConfig: Setting CVar [[r.VolumetricFog.GridSizeZ:128]]
[2019.12.12-00.53.36:059][  0]LogConfig: Setting CVar [[r.VolumetricFog.HistoryMissSupersampleCount:4]]
[2019.12.12-00.53.36:059][  0]LogConfig: Setting CVar [[r.LightMaxDrawDistanceScale:1]]
[2019.12.12-00.53.36:059][  0]LogConfig: Setting CVar [[r.CapsuleShadows:1]]
[2019.12.12-00.53.36:059][  0]LogConfig: Applying CVar settings from Section [PostProcessQuality@3] File [C:/Users/TEMP.AD.001/Desktop/WAR/WAR/Saved/Config/Windows/Scalability.ini]
[2019.12.12-00.53.36:059][  0]LogConfig: Setting CVar [[r.MotionBlurQuality:4]]
[2019.12.12-00.53.36:059][  0]LogConfig: Setting CVar [[r.AmbientOcclusionMipLevelFactor:0.4]]
[2019.12.12-00.53.36:059][  0]LogConfig: Setting CVar [[r.AmbientOcclusionMaxQuality:100]]
[2019.12.12-00.53.36:059][  0]LogConfig: Setting CVar [[r.AmbientOcclusionLevels:-1]]
[2019.12.12-00.53.36:059][  0]LogConfig: Setting CVar [[r.AmbientOcclusionRadiusScale:1.0]]
[2019.12.12-00.53.36:059][  0]LogConfig: Setting CVar [[r.DepthOfFieldQuality:2]]
[2019.12.12-00.53.36:060][  0]LogConfig: Setting CVar [[r.RenderTargetPoolMin:400]]
[2019.12.12-00.53.36:060][  0]LogConfig: Setting CVar [[r.LensFlareQuality:2]]
[2019.12.12-00.53.36:060][  0]LogConfig: Setting CVar [[r.SceneColorFringeQuality:1]]
[2019.12.12-00.53.36:060][  0]LogConfig: Setting CVar [[r.EyeAdaptationQuality:2]]
[2019.12.12-00.53.36:060][  0]LogConfig: Setting CVar [[r.BloomQuality:5]]
[2019.12.12-00.53.36:060][  0]LogConfig: Setting CVar [[r.FastBlurThreshold:100]]
[2019.12.12-00.53.36:060][  0]LogConfig: Setting CVar [[r.Upscale.Quality:3]]
[2019.12.12-00.53.36:060][  0]LogConfig: Setting CVar [[r.Tonemapper.GrainQuantization:1]]
[2019.12.12-00.53.36:060][  0]LogConfig: Setting CVar [[r.LightShaftQuality:1]]
[2019.12.12-00.53.36:060][  0]LogConfig: Setting CVar [[r.Filter.SizeScale:1]]
[2019.12.12-00.53.36:060][  0]LogConfig: Setting CVar [[r.Tonemapper.Quality:5]]
[2019.12.12-00.53.36:060][  0]LogConfig: Setting CVar [[r.DOF.Gather.AccumulatorQuality:1        ; higher gathering accumulator quality]]
[2019.12.12-00.53.36:060][  0]LogConfig: Setting CVar [[r.DOF.Gather.PostfilterMethod:1          ; Median3x3 postfilering method]]
[2019.12.12-00.53.36:060][  0]LogConfig: Setting CVar [[r.DOF.Gather.EnableBokehSettings:0       ; no bokeh simulation when gathering]]
[2019.12.12-00.53.36:060][  0]LogConfig: Setting CVar [[r.DOF.Gather.RingCount:4                 ; medium number of samples when gathering]]
[2019.12.12-00.53.36:060][  0]LogConfig: Setting CVar [[r.DOF.Scatter.ForegroundCompositing:1    ; additive foreground scattering]]
[2019.12.12-00.53.36:060][  0]LogConfig: Setting CVar [[r.DOF.Scatter.BackgroundCompositing:2    ; additive background scattering]]
[2019.12.12-00.53.36:060][  0]LogConfig: Setting CVar [[r.DOF.Scatter.EnableBokehSettings:1      ; bokeh simulation when scattering]]
[2019.12.12-00.53.36:060][  0]LogConfig: Setting CVar [[r.DOF.Scatter.MaxSpriteRatio:0.1         ; only a maximum of 10% of scattered bokeh]]
[2019.12.12-00.53.36:060][  0]LogConfig: Setting CVar [[r.DOF.Recombine.Quality:1                ; cheap slight out of focus]]
[2019.12.12-00.53.36:060][  0]LogConfig: Setting CVar [[r.DOF.Recombine.EnableBokehSettings:0    ; no bokeh simulation on slight out of focus]]
[2019.12.12-00.53.36:060][  0]LogConfig: Setting CVar [[r.DOF.TemporalAAQuality:1                ; more stable temporal accumulation]]
[2019.12.12-00.53.36:060][  0]LogConfig: Setting CVar [[r.DOF.Kernel.MaxForegroundRadius:0.025]]
[2019.12.12-00.53.36:060][  0]LogConfig: Setting CVar [[r.DOF.Kernel.MaxBackgroundRadius:0.025]]
[2019.12.12-00.53.36:060][  0]LogConfig: Applying CVar settings from Section [TextureQuality@3] File [C:/Users/TEMP.AD.001/Desktop/WAR/WAR/Saved/Config/Windows/Scalability.ini]
[2019.12.12-00.53.36:060][  0]LogConfig: Setting CVar [[r.Streaming.MipBias:0]]
[2019.12.12-00.53.36:060][  0]LogConfig: Setting CVar [[r.Streaming.AmortizeCPUToGPUCopy:0]]
[2019.12.12-00.53.36:060][  0]LogConfig: Setting CVar [[r.Streaming.MaxNumTexturesToStreamPerFrame:0]]
[2019.12.12-00.53.36:060][  0]LogConfig: Setting CVar [[r.Streaming.Boost:1]]
[2019.12.12-00.53.36:060][  0]LogConfig: Setting CVar [[r.MaxAnisotropy:8]]
[2019.12.12-00.53.36:060][  0]LogConfig: Setting CVar [[r.Streaming.LimitPoolSizeToVRAM:0]]
[2019.12.12-00.53.36:060][  0]LogConfig: Setting CVar [[r.Streaming.PoolSize:1000]]
[2019.12.12-00.53.36:060][  0]LogConfig: Setting CVar [[r.Streaming.MaxEffectiveScreenSize:0]]
[2019.12.12-00.53.36:060][  0]LogConfig: Applying CVar settings from Section [EffectsQuality@3] File [C:/Users/TEMP.AD.001/Desktop/WAR/WAR/Saved/Config/Windows/Scalability.ini]
[2019.12.12-00.53.36:060][  0]LogConfig: Setting CVar [[r.TranslucencyLightingVolumeDim:64]]
[2019.12.12-00.53.36:060][  0]LogConfig: Setting CVar [[r.RefractionQuality:2]]
[2019.12.12-00.53.36:060][  0]LogConfig: Setting CVar [[r.SSR.Quality:3]]
[2019.12.12-00.53.36:060][  0]LogConfig: Setting CVar [[r.SceneColorFormat:4]]
[2019.12.12-00.53.36:060][  0]LogConfig: Setting CVar [[r.DetailMode:2]]
[2019.12.12-00.53.36:060][  0]LogConfig: Setting CVar [[r.TranslucencyVolumeBlur:1]]
[2019.12.12-00.53.36:060][  0]LogConfig: Setting CVar [[r.MaterialQualityLevel:1 ; High quality]]
[2019.12.12-00.53.36:060][  0]LogConfig: Setting CVar [[r.SSS.Scale:1]]
[2019.12.12-00.53.36:060][  0]LogConfig: Setting CVar [[r.SSS.SampleSet:2]]
[2019.12.12-00.53.36:060][  0]LogConfig: Setting CVar [[r.SSS.Quality:1]]
[2019.12.12-00.53.36:060][  0]LogConfig: Setting CVar [[r.SSS.HalfRes:1]]
[2019.12.12-00.53.36:060][  0]LogConfig: Setting CVar [[r.EmitterSpawnRateScale:1.0]]
[2019.12.12-00.53.36:060][  0]LogConfig: Setting CVar [[r.ParticleLightQuality:2]]
[2019.12.12-00.53.36:060][  0]LogConfig: Applying CVar settings from Section [FoliageQuality@3] File [C:/Users/TEMP.AD.001/Desktop/WAR/WAR/Saved/Config/Windows/Scalability.ini]
[2019.12.12-00.53.36:060][  0]LogConfig: Setting CVar [[foliage.DensityScale:1.0]]
[2019.12.12-00.53.36:060][  0]LogConfig: Setting CVar [[grass.DensityScale:1.0]]
[2019.12.12-00.53.36:060][  0]LogConfig: Applying CVar settings from Section [Startup] File [../../../Engine/Config/ConsoleVariables.ini]
[2019.12.12-00.53.36:060][  0]LogConfig: Setting CVar [[net.UseAdaptiveNetUpdateFrequency:0]]
[2019.12.12-00.53.36:060][  0]LogConfig: Setting CVar [[p.chaos.AllowCreatePhysxBodies:1]]
[2019.12.12-00.53.36:060][  0]LogConfig: Applying CVar settings from Section [ConsoleVariables] File [C:/Users/TEMP.AD.001/Desktop/WAR/WAR/Saved/Config/Windows/Engine.ini]
[2019.12.12-00.53.36:060][  0]LogInit: Computer: SW-WLC124-07
[2019.12.12-00.53.36:060][  0]LogInit: User: W207542133
[2019.12.12-00.53.36:060][  0]LogInit: CPU Page size=4096, Cores=4
[2019.12.12-00.53.36:060][  0]LogInit: High frequency timer resolution =3.312655 MHz
[2019.12.12-00.53.36:061][  0]LogMemory: Memory total: Physical=15.9GB (16GB approx)
[2019.12.12-00.53.36:061][  0]LogMemory: Platform Memory Stats for Windows
[2019.12.12-00.53.36:061][  0]LogMemory: Process Physical Memory: 98.09 MB used, 98.09 MB peak
[2019.12.12-00.53.36:061][  0]LogMemory: Process Virtual Memory: 91.78 MB used, 91.78 MB peak
[2019.12.12-00.53.36:061][  0]LogMemory: Physical Memory: 3964.57 MB used,  12361.52 MB free, 16326.09 MB total
[2019.12.12-00.53.36:061][  0]LogMemory: Virtual Memory: 530.71 MB used,  134217200.00 MB free, 134217728.00 MB total
[2019.12.12-00.53.36:076][  0]LogInit: Using OS detected language (en-US).
[2019.12.12-00.53.36:076][  0]LogInit: Using OS detected locale (en-US).
[2019.12.12-00.53.36:076][  0]LogTextLocalizationManager: No specific localization for 'en-US' exists, so the 'en' localization will be used.
[2019.12.12-00.53.36:236][  0]LogInit: Setting process to per monitor DPI aware
[2019.12.12-00.53.36:263][  0]LogSlate: New Slate User Created.  User Index 0, Is Virtual User: 0
[2019.12.12-00.53.36:263][  0]LogSlate: Slate User Registered.  User Index 0, Is Virtual User: 0
[2019.12.12-00.53.36:418][  0]LogHMD: Failed to initialize OpenVR with code 110
[2019.12.12-00.53.36:418][  0]LogD3D11RHI: D3D11 adapters:
[2019.12.12-00.53.36:437][  0]LogD3D11RHI:    0. 'AMD Radeon HD 8570' (Feature Level 11_0)
[2019.12.12-00.53.36:437][  0]LogD3D11RHI:       1005/0/8163 MB DedicatedVideo/DedicatedSystem/SharedSystem, Outputs:1, VendorId:0x1002
[2019.12.12-00.53.36:438][  0]LogD3D11RHI:    1. 'Microsoft Basic Render Driver' (Feature Level 11_0)
[2019.12.12-00.53.36:439][  0]LogD3D11RHI:       0/0/8163 MB DedicatedVideo/DedicatedSystem/SharedSystem, Outputs:0, VendorId:0x1414
[2019.12.12-00.53.36:439][  0]LogD3D11RHI: Chosen D3D11 Adapter: 0
[2019.12.12-00.53.36:444][  0]LogD3D11RHI: Creating new Direct3DDevice
[2019.12.12-00.53.36:444][  0]LogD3D11RHI:     GPU DeviceId: 0x6611 (for the marketing name, search the web for "GPU Device Id")
[2019.12.12-00.53.36:444][  0]LogWindows: EnumDisplayDevices:
[2019.12.12-00.53.36:444][  0]LogWindows:    0. 'AMD Radeon HD 8570' (P:1 D:1)
[2019.12.12-00.53.36:444][  0]LogWindows:    1. 'AMD Radeon HD 8570' (P:0 D:0)
[2019.12.12-00.53.36:444][  0]LogWindows: DebugString: FoundDriverCount:2 
[2019.12.12-00.53.36:444][  0]LogD3D11RHI:     Adapter Name: AMD Radeon HD 8570
[2019.12.12-00.53.36:444][  0]LogD3D11RHI:   Driver Version: Crimson 16.6 (internal:21.19.144.32768, unified:21.19.144.32768)
[2019.12.12-00.53.36:444][  0]LogD3D11RHI:      Driver Date: 10-25-2016
[2019.12.12-00.53.36:444][  0]LogRHI: Texture pool is 703 MB (70% of 1005 MB)
[2019.12.12-00.53.36:470][  0]LogD3D11RHI: Async texture creation enabled
[2019.12.12-00.53.36:473][  0]LogRendererCore: FGlobalReadBuffer::InitRHI
[2019.12.12-00.53.36:474][  0]LogRendererCore: FGlobalReadBuffer::InitRHI
[2019.12.12-00.53.36:474][  0]LogRendererCore: FGlobalReadBuffer::InitRHI
[2019.12.12-00.53.36:480][  0]LogD3D11RHI: GPU Timing Frequency: 27.000000 (Debug: 2 1)
[2019.12.12-00.53.37:103][  0]LogTemp: Display: Module 'AllDesktopTargetPlatform' loaded TargetPlatform 'AllDesktop'
[2019.12.12-00.53.37:115][  0]LogTemp: Display: Module 'MacClientTargetPlatform' loaded TargetPlatform 'MacClient'
[2019.12.12-00.53.37:127][  0]LogTemp: Display: Module 'MacNoEditorTargetPlatform' loaded TargetPlatform 'MacNoEditor'
[2019.12.12-00.53.37:140][  0]LogTemp: Display: Module 'MacServerTargetPlatform' loaded TargetPlatform 'MacServer'
[2019.12.12-00.53.37:152][  0]LogTemp: Display: Module 'MacTargetPlatform' loaded TargetPlatform 'Mac'
[2019.12.12-00.53.37:164][  0]LogTemp: Display: Module 'WindowsClientTargetPlatform' loaded TargetPlatform 'WindowsClient'
[2019.12.12-00.53.37:177][  0]LogTemp: Display: Module 'WindowsNoEditorTargetPlatform' loaded TargetPlatform 'WindowsNoEditor'
[2019.12.12-00.53.37:190][  0]LogTemp: Display: Module 'WindowsServerTargetPlatform' loaded TargetPlatform 'WindowsServer'
[2019.12.12-00.53.37:196][  0]LogTemp: Display: Module 'WindowsTargetPlatform' loaded TargetPlatform 'Windows'
[2019.12.12-00.53.37:270][  0]LogTemp: Display: Module 'AndroidTargetPlatform' loaded TargetPlatform 'Android'
[2019.12.12-00.53.37:270][  0]LogTemp: Display: Module 'AndroidTargetPlatform' loaded TargetPlatform 'Android_ASTC'
[2019.12.12-00.53.37:270][  0]LogTemp: Display: Module 'AndroidTargetPlatform' loaded TargetPlatform 'Android_ATC'
[2019.12.12-00.53.37:270][  0]LogTemp: Display: Module 'AndroidTargetPlatform' loaded TargetPlatform 'Android_DXT'
[2019.12.12-00.53.37:270][  0]LogTemp: Display: Module 'AndroidTargetPlatform' loaded TargetPlatform 'Android_ETC1'
[2019.12.12-00.53.37:270][  0]LogTemp: Display: Module 'AndroidTargetPlatform' loaded TargetPlatform 'Android_ETC1a'
[2019.12.12-00.53.37:270][  0]LogTemp: Display: Module 'AndroidTargetPlatform' loaded TargetPlatform 'Android_ETC2'
[2019.12.12-00.53.37:270][  0]LogTemp: Display: Module 'AndroidTargetPlatform' loaded TargetPlatform 'Android_PVRTC'
[2019.12.12-00.53.37:270][  0]LogTemp: Display: Module 'AndroidTargetPlatform' loaded TargetPlatform 'AndroidClient'
[2019.12.12-00.53.37:270][  0]LogTemp: Display: Module 'AndroidTargetPlatform' loaded TargetPlatform 'Android_ASTCClient'
[2019.12.12-00.53.37:270][  0]LogTemp: Display: Module 'AndroidTargetPlatform' loaded TargetPlatform 'Android_ATCClient'
[2019.12.12-00.53.37:270][  0]LogTemp: Display: Module 'AndroidTargetPlatform' loaded TargetPlatform 'Android_DXTClient'
[2019.12.12-00.53.37:270][  0]LogTemp: Display: Module 'AndroidTargetPlatform' loaded TargetPlatform 'Android_ETC1Client'
[2019.12.12-00.53.37:270][  0]LogTemp: Display: Module 'AndroidTargetPlatform' loaded TargetPlatform 'Android_ETC1aClient'
[2019.12.12-00.53.37:270][  0]LogTemp: Display: Module 'AndroidTargetPlatform' loaded TargetPlatform 'Android_ETC2Client'
[2019.12.12-00.53.37:270][  0]LogTemp: Display: Module 'AndroidTargetPlatform' loaded TargetPlatform 'Android_PVRTCClient'
[2019.12.12-00.53.37:270][  0]LogTemp: Display: Module 'AndroidTargetPlatform' loaded TargetPlatform 'Android_Multi'
[2019.12.12-00.53.37:270][  0]LogTemp: Display: Module 'AndroidTargetPlatform' loaded TargetPlatform 'Android_MultiClient'
[2019.12.12-00.53.37:272][  0]LogTemp: Display: Module 'HTML5TargetPlatform' loaded TargetPlatform 'HTML5'
[2019.12.12-00.53.37:316][  0]LogTemp: Display: Module 'IOSTargetPlatform' loaded TargetPlatform 'IOSClient'
[2019.12.12-00.53.37:316][  0]LogTemp: Display: Module 'IOSTargetPlatform' loaded TargetPlatform 'IOS'
[2019.12.12-00.53.37:338][  0]LogTemp: Display: Module 'TVOSTargetPlatform' loaded TargetPlatform 'TVOSClient'
[2019.12.12-00.53.37:338][  0]LogTemp: Display: Module 'TVOSTargetPlatform' loaded TargetPlatform 'TVOS'
[2019.12.12-00.53.37:350][  0]LogTemp: Display: Module 'LinuxClientTargetPlatform' loaded TargetPlatform 'LinuxClient'
[2019.12.12-00.53.37:362][  0]LogTemp: Display: Module 'LinuxNoEditorTargetPlatform' loaded TargetPlatform 'LinuxNoEditor'
[2019.12.12-00.53.37:373][  0]LogTemp: Display: Module 'LinuxServerTargetPlatform' loaded TargetPlatform 'LinuxServer'
[2019.12.12-00.53.37:385][  0]LogTemp: Display: Module 'LinuxTargetPlatform' loaded TargetPlatform 'Linux'
[2019.12.12-00.53.37:426][  0]LogTemp: Display: Module 'LuminTargetPlatform' loaded TargetPlatform 'Lumin'
[2019.12.12-00.53.37:426][  0]LogTemp: Display: Module 'LuminTargetPlatform' loaded TargetPlatform 'LuminClient'
[2019.12.12-00.53.37:426][  0]LogTargetPlatformManager: Display: Building Assets For Windows
[2019.12.12-00.53.37:433][  0]LogAudioDebug: Display: Lib vorbis DLL was dynamically loaded.
[2019.12.12-00.53.37:472][  0]LogShaderCompilers: Guid format shader working directory is 7 characters bigger than the processId version (../../../../Users/TEMP.AD.001/Desktop/WAR/WAR/Intermediate/Shaders/WorkingDirectory/8600/).
[2019.12.12-00.53.37:472][  0]LogShaderCompilers: Cleaned the shader compiler working directory 'C:/Users/TEMP.AD.001/AppData/Local/Temp/UnrealShaderWorkingDir/57239B1E407716A379EA8B907930602B/'.
[2019.12.12-00.53.37:474][  0]LogXGEController: Cleaning working directory: C:/Users/TEMP.AD.001/AppData/Local/Temp/UnrealXGEWorkingDir/
[2019.12.12-00.53.37:487][  0]LogShaderCompilers: Display: Using XGE Shader Compiler (Interception Interface).
[2019.12.12-00.53.38:018][  0]LogDerivedDataCache: Display: Max Cache Size: 512 MB
[2019.12.12-00.53.38:083][  0]LogDerivedDataCache: Loaded boot cache 0.07s 73MB C:/Users/TEMP.AD.001/AppData/Local/UnrealEngine/4.22/DerivedDataCache/Boot.ddc.
[2019.12.12-00.53.38:083][  0]LogDerivedDataCache: Display: Loaded Boot cache: C:/Users/TEMP.AD.001/AppData/Local/UnrealEngine/4.22/DerivedDataCache/Boot.ddc
[2019.12.12-00.53.38:083][  0]LogDerivedDataCache: FDerivedDataBackendGraph:  Pak pak cache file ../../../../Users/TEMP.AD.001/Desktop/WAR/WAR/DerivedDataCache/DDC.ddp not found, will not use a pak cache.
[2019.12.12-00.53.38:083][  0]LogDerivedDataCache: Unable to find inner node Pak for hierarchical cache Hierarchy.
[2019.12.12-00.53.38:083][  0]LogDerivedDataCache: FDerivedDataBackendGraph:  CompressedPak pak cache file ../../../../Users/TEMP.AD.001/Desktop/WAR/WAR/DerivedDataCache/Compressed.ddp not found, will not use a pak cache.
[2019.12.12-00.53.38:083][  0]LogDerivedDataCache: Unable to find inner node CompressedPak for hierarchical cache Hierarchy.
[2019.12.12-00.53.38:095][  0]LogDerivedDataCache: Display: Pak cache opened for reading ../../../Engine/DerivedDataCache/Compressed.ddp.
[2019.12.12-00.53.38:098][  0]LogDerivedDataCache: Display: Pak cache opened for reading ../../../Enterprise/DerivedDataCache/Compressed.ddp.
[2019.12.12-00.53.38:110][  0]LogDerivedDataCache: Using Local data cache path C:/Users/TEMP.AD.001/AppData/Local/UnrealEngine/Common/DerivedDataCache: Writable
[2019.12.12-00.53.38:110][  0]LogDerivedDataCache: Shared data cache path not found in *engine.ini, will not use an Shared cache.
[2019.12.12-00.53.38:110][  0]LogDerivedDataCache: Unable to find inner node Shared for hierarchical cache Hierarchy.
[2019.12.12-00.53.38:131][  0]LogMaterial: Verifying Global Shaders for PCD3D_SM5
[2019.12.12-00.53.38:132][  0]LogSlate: Using FreeType 2.6.0
[2019.12.12-00.53.38:132][  0]LogSlate: SlateFontServices - WITH_FREETYPE: 1, WITH_HARFBUZZ: 1
[2019.12.12-00.53.38:212][  0]LogAssetRegistry: FAssetRegistry took 0.0328 seconds to start up
[2019.12.12-00.53.38:524][  0]LogInit: Selected Device Profile: [Windows]
[2019.12.12-00.53.38:656][  0]LogMeshReduction: Using QuadricMeshReduction for automatic static mesh reduction
[2019.12.12-00.53.38:656][  0]LogMeshReduction: Using SimplygonMeshReduction for automatic skeletal mesh reduction
[2019.12.12-00.53.38:656][  0]LogMeshReduction: Using ProxyLODMeshReduction for automatic mesh merging
[2019.12.12-00.53.38:656][  0]LogMeshReduction: No distributed automatic mesh merging module available
[2019.12.12-00.53.38:656][  0]LogMeshMerging: No distributed automatic mesh merging module available
[2019.12.12-00.53.38:666][  0]LogNetVersion: WAR 1.0.0, NetCL: 5660361, EngineNetVer: 10, GameNetVer: 0 (Checksum: 973192997)
[2019.12.12-00.53.39:120][  0]LogPackageLocalizationCache: Processed 10 localized package path(s) for 1 prioritized culture(s) in 0.124003 seconds
[2019.12.12-00.53.39:125][  0]LogUObjectArray: 42205 objects as part of root set at end of initial load.
[2019.12.12-00.53.39:125][  0]LogUObjectAllocator: 7325032 out of 0 bytes used by permanent object pool.
[2019.12.12-00.53.39:125][  0]LogUObjectArray: CloseDisregardForGC: 0/0 objects in disregard for GC pool
[2019.12.12-00.53.39:988][  0]LogTcpMessaging: Initializing TcpMessaging bridge
[2019.12.12-00.53.40:000][  0]LogUdpMessaging: Initializing bridge on interface 0.0.0.0:0 to multicast group 230.0.0.1:6666.
[2019.12.12-00.53.40:133][  0]SourceControl: Source control is disabled
[2019.12.12-00.53.40:133][  0]SourceControl: Source control is disabled
[2019.12.12-00.53.40:135][  0]SourceControl: Source control is disabled
[2019.12.12-00.53.40:136][  0]SourceControl: Source control is disabled
[2019.12.12-00.53.40:196][  0]LogAndroidPermission: UAndroidPermissionCallbackProxy::GetInstance
[2019.12.12-00.53.40:234][  0]LogOcInput: OculusInput pre-init called
[2019.12.12-00.53.40:867][  0]LogEngine: Initializing Engine...
[2019.12.12-00.53.40:867][  0]LogHMD: Failed to initialize OpenVR with code 110
[2019.12.12-00.53.40:868][  0]LogStats: UGameplayTagsManager::InitializeManager -  0.000 s
[2019.12.12-00.53.41:075][  0]LogInit: Initializing FReadOnlyCVARCache
[2019.12.12-00.53.41:088][  0]LogAIModule: Creating AISystem for world Untitled
[2019.12.12-00.53.41:113][  0]LogInit: XAudio2 using 'Speakers / Headphones (Realtek High Definition Audio)' : 2 channels at 48 kHz using 32 bits per sample (channel mask 0x3)
[2019.12.12-00.53.41:278][  0]LogInit: FAudioDevice initialized.
[2019.12.12-00.53.41:278][  0]LogNetVersion: Set ProjectVersion to 1.0.0.0. Version Checksum will be recalculated on next use.
[2019.12.12-00.53.41:523][  0]LogDerivedDataCache: Saved boot cache 0.24s 73MB C:/Users/TEMP.AD.001/AppData/Local/UnrealEngine/4.22/DerivedDataCache/Boot.ddc.
[2019.12.12-00.53.41:524][  0]LogInit: Texture streaming: Enabled
[2019.12.12-00.53.41:550][  0]LogEngineSessionManager: EngineSessionManager initialized
[2019.12.12-00.53.41:573][  0]LogInit: Transaction tracking system initialized
[2019.12.12-00.53.41:593][  0]BlueprintLog: New page: Editor Load
[2019.12.12-00.53.41:667][  0]LocalizationService: Localization service is disabled
[2019.12.12-00.53.41:921][  0]LogFileCache: Scanning file cache for directory 'C:/Users/TEMP.AD.001/Desktop/WAR/WAR/Content/' took 0.02s
[2019.12.12-00.53.41:921][  0]LogCook: Display: Max memory allowance for cook 16384mb min free memory 0mb
[2019.12.12-00.53.41:921][  0]LogCook: Display: Mobile HDR setting 1
[2019.12.12-00.53.41:983][  0]LogLinker: Warning: Can't find file '/Engine/BasicShapes/Cube'
[2019.12.12-00.53.41:984][  0]LogLinker: Warning: Can't find file '/Engine/BasicShapes/Cube'
[2019.12.12-00.53.41:984][  0]LogUObjectGlobals: Warning: Failed to find object 'StaticMesh /Engine/BasicShapes/Cube.Cube'
[2019.12.12-00.53.42:066][  0]SourceControl: Source control is disabled
[2019.12.12-00.53.42:067][  0]Cmd: MAP LOAD FILE="../../../../Users/TEMP.AD.001/Desktop/WAR/WAR/Content/WAR/WAR_hill.umap" TEMPLATE=0 SHOWPROGRESS=1 FEATURELEVEL=3
[2019.12.12-00.53.42:067][  0]LightingResults: New page: Lighting Build
[2019.12.12-00.53.42:069][  0]MapCheck: New page: Map Check
[2019.12.12-00.53.42:069][  0]LightingResults: New page: Lighting Build
[2019.12.12-00.53.42:091][  0]LogUObjectHash: Compacting FUObjectHashTables data took   1.56ms
[2019.12.12-00.53.42:152][  0]LogLinker: Warning: Can't find file '/Game/InfinityBladeGrassLands/Environments/Misc/Exo_Deco01/Materials/M_Exo_Cart'
[2019.12.12-00.53.42:152][  0]LogLinker: Warning: Can't find file for asset '/Game/InfinityBladeGrassLands/Environments/Misc/Exo_Deco01/Materials/M_Exo_Cart' while loading NULL.
[2019.12.12-00.53.42:153][  0]LogLinker: Warning: Can't find file '/Game/InfinityBladeGrassLands/Environments/Misc/Exo_Deco01/Materials/M_Exo_Cart'
[2019.12.12-00.53.42:153][  0]LogLinker: Warning: Can't find file for asset '/Game/InfinityBladeGrassLands/Environments/Misc/Exo_Deco01/Materials/M_Exo_Cart' while loading NULL.
[2019.12.12-00.53.42:157][  0]LogLinker: Warning: Can't find file '/Game/InfinityBladeGrassLands/Environments/Misc/Exo_Deco01/Materials/M_WoodenBarrel_01'
[2019.12.12-00.53.42:158][  0]LogLinker: Warning: Can't find file for asset '/Game/InfinityBladeGrassLands/Environments/Misc/Exo_Deco01/Materials/M_WoodenBarrel_01' while loading NULL.
[2019.12.12-00.53.42:158][  0]LogLinker: Warning: Can't find file '/Game/InfinityBladeGrassLands/Environments/Misc/Exo_Deco01/Materials/M_WoodenBarrel_01'
[2019.12.12-00.53.42:158][  0]LogLinker: Warning: Can't find file for asset '/Game/InfinityBladeGrassLands/Environments/Misc/Exo_Deco01/Materials/M_WoodenBarrel_01' while loading NULL.
[2019.12.12-00.53.42:262][  0]LogLinker: Warning: Can't find file '/Game/InfinityBladeGrassLands/Environments/Misc/Exo_Deco01/Materials/M_Exo_Cart'
[2019.12.12-00.53.42:262][  0]LoadErrors: Failed to load /Game/InfinityBladeGrassLands/Environments/Misc/Exo_Deco01/Materials/M_Exo_Cart.M_Exo_Cart Referenced by SM_Exo_Cart_Intact
[2019.12.12-00.53.42:262][  0]LogLinker: Warning: Can't find file for asset '/Game/InfinityBladeGrassLands/Environments/Misc/Exo_Deco01/Materials/M_Exo_Cart' while loading NULL.
[2019.12.12-00.53.42:262][  0]LogLinker: Warning: Can't find file '/Game/InfinityBladeGrassLands/Environments/Misc/Exo_Deco01/Materials/M_WoodenBarrel_01'
[2019.12.12-00.53.42:262][  0]LoadErrors: Failed to load /Game/InfinityBladeGrassLands/Environments/Misc/Exo_Deco01/Materials/M_WoodenBarrel_01.M_WoodenBarrel_01 Referenced by SM_WoodenBarrel_Intact
[2019.12.12-00.53.42:263][  0]LogLinker: Warning: Can't find file for asset '/Game/InfinityBladeGrassLands/Environments/Misc/Exo_Deco01/Materials/M_WoodenBarrel_01' while loading NULL.
[2019.12.12-00.53.42:758][  0]LogAIModule: Creating AISystem for world WAR_hill
[2019.12.12-00.53.42:805][  0]LogEditorServer: Finished looking for orphan Actors (0.000 secs)
[2019.12.12-00.53.42:924][  0]LogUObjectHash: Compacting FUObjectHashTables data took   1.85ms
[2019.12.12-00.53.42:925][  0]Cmd: MAP CHECKDEP NOCLEARLOG
[2019.12.12-00.53.42:925][  0]MapCheck: Map check complete: 0 Error(s), 0 Warning(s), took 0.249ms to complete.
[2019.12.12-00.53.42:925][  0]LogFileHelpers: Loading map 'WAR_hill' took 0.858
[2019.12.12-00.53.43:004][  0]LogSlate: Updating window title bar state: overlay mode, drag disabled, window buttons hidden, title bar hidden
[2019.12.12-00.53.43:011][  0]LogSlate: Updating window title bar state: overlay mode, drag disabled, window buttons hidden, title bar hidden
[2019.12.12-00.53.43:018][  0]LogSlate: Updating window title bar state: overlay mode, drag disabled, window buttons hidden, title bar hidden
[2019.12.12-00.53.43:025][  0]LogSlate: Updating window title bar state: overlay mode, drag disabled, window buttons hidden, title bar hidden
[2019.12.12-00.53.43:031][  0]LogCollectionManager: Loaded 0 collections in 0.001652 seconds
[2019.12.12-00.53.43:068][  0]LogFileCache: Scanning file cache for directory 'C:/Users/TEMP.AD.001/Desktop/WAR/WAR/Saved/Collections/' took 0.01s
[2019.12.12-00.53.43:068][  0]LogFileCache: Scanning file cache for directory 'C:/Users/TEMP.AD.001/Desktop/WAR/WAR/Content/Developers/W207542133/Collections/' took 0.01s
[2019.12.12-00.53.43:068][  0]LogFileCache: Scanning file cache for directory 'C:/Users/TEMP.AD.001/Desktop/WAR/WAR/Content/Collections/' took 0.01s
[2019.12.12-00.53.43:068][  0]LogCollectionManager: Rebuilt the GUID cache for 0 collections in 0.000000 seconds
[2019.12.12-00.53.43:077][  0]LogContentBrowser: Native class hierarchy populated in 0.0087 seconds. Added 2732 classes and 659 folders.
[2019.12.12-00.53.43:082][  0]LogContentBrowser: Native class hierarchy updated for 'WidgetCarousel' in 0.0003 seconds. Added 0 classes and 0 folders.
[2019.12.12-00.53.43:084][  0]LogPakFile: Registered encryption key '00000000000000000000000000000000': 0 pak files mounted, 0 remain pending
[2019.12.12-00.53.43:084][  0]LogPakFile: Registered encryption key '00000000000000000000000000000000': 0 pak files mounted, 0 remain pending
[2019.12.12-00.53.43:084][  0]LogPakFile: Registered encryption key '00000000000000000000000000000000': 0 pak files mounted, 0 remain pending
[2019.12.12-00.53.43:085][  0]LogPakFile: Registered encryption key '00000000000000000000000000000000': 0 pak files mounted, 0 remain pending
[2019.12.12-00.53.43:085][  0]LogPakFile: Registered encryption key '00000000000000000000000000000000': 0 pak files mounted, 0 remain pending
[2019.12.12-00.53.43:085][  0]LogPakFile: Registered encryption key '00000000000000000000000000000000': 0 pak files mounted, 0 remain pending
[2019.12.12-00.53.43:086][  0]LogPakFile: Registered encryption key '00000000000000000000000000000000': 0 pak files mounted, 0 remain pending
[2019.12.12-00.53.43:086][  0]LogPakFile: Registered encryption key '00000000000000000000000000000000': 0 pak files mounted, 0 remain pending
[2019.12.12-00.53.43:086][  0]LogPakFile: Registered encryption key '00000000000000000000000000000000': 0 pak files mounted, 0 remain pending
[2019.12.12-00.53.43:087][  0]LogPakFile: Registered encryption key '00000000000000000000000000000000': 0 pak files mounted, 0 remain pending
[2019.12.12-00.53.43:087][  0]LogPakFile: Registered encryption key '00000000000000000000000000000000': 0 pak files mounted, 0 remain pending
[2019.12.12-00.53.43:087][  0]LogPakFile: Registered encryption key '00000000000000000000000000000000': 0 pak files mounted, 0 remain pending
[2019.12.12-00.53.43:088][  0]LogPakFile: Registered encryption key '00000000000000000000000000000000': 0 pak files mounted, 0 remain pending
[2019.12.12-00.53.43:088][  0]LogPakFile: Registered encryption key '00000000000000000000000000000000': 0 pak files mounted, 0 remain pending
[2019.12.12-00.53.43:088][  0]LogPakFile: Registered encryption key '00000000000000000000000000000000': 0 pak files mounted, 0 remain pending
[2019.12.12-00.53.43:089][  0]LogPakFile: Registered encryption key '00000000000000000000000000000000': 0 pak files mounted, 0 remain pending
[2019.12.12-00.53.43:089][  0]LogPakFile: Registered encryption key '00000000000000000000000000000000': 0 pak files mounted, 0 remain pending
[2019.12.12-00.53.43:089][  0]LogPakFile: Registered encryption key '00000000000000000000000000000000': 0 pak files mounted, 0 remain pending
[2019.12.12-00.53.43:090][  0]LogPakFile: Registered encryption key '00000000000000000000000000000000': 0 pak files mounted, 0 remain pending
[2019.12.12-00.53.43:090][  0]LogPakFile: Registered encryption key '00000000000000000000000000000000': 0 pak files mounted, 0 remain pending
[2019.12.12-00.53.43:090][  0]LogPakFile: Registered encryption key '00000000000000000000000000000000': 0 pak files mounted, 0 remain pending
[2019.12.12-00.53.43:091][  0]LogPakFile: Registered encryption key '00000000000000000000000000000000': 0 pak files mounted, 0 remain pending
[2019.12.12-00.53.43:091][  0]LogPakFile: Registered encryption key '00000000000000000000000000000000': 0 pak files mounted, 0 remain pending
[2019.12.12-00.53.43:092][  0]LogPakFile: Registered encryption key '00000000000000000000000000000000': 0 pak files mounted, 0 remain pending
[2019.12.12-00.53.43:092][  0]LogPakFile: Registered encryption key '00000000000000000000000000000000': 0 pak files mounted, 0 remain pending
[2019.12.12-00.53.43:092][  0]LogPakFile: Registered encryption key '00000000000000000000000000000000': 0 pak files mounted, 0 remain pending
[2019.12.12-00.53.43:093][  0]LogPakFile: Registered encryption key '00000000000000000000000000000000': 0 pak files mounted, 0 remain pending
[2019.12.12-00.53.43:093][  0]LogPakFile: Registered encryption key '00000000000000000000000000000000': 0 pak files mounted, 0 remain pending
[2019.12.12-00.53.43:124][  0]LogContentBrowser: Native class hierarchy updated for 'AddContentDialog' in 0.0003 seconds. Added 0 classes and 0 folders.
[2019.12.12-00.53.43:129][  0]LogContentBrowser: Native class hierarchy updated for 'SceneOutliner' in 0.0003 seconds. Added 1 classes and 2 folders.
[2019.12.12-00.53.43:141][  0]LogSlate: Took 0.000147 seconds to synchronously load lazily loaded font '../../../Engine/Content/Slate/Fonts/Roboto-Regular.ttf' (155K)
[2019.12.12-00.53.43:143][  0]LogSlate: Took 0.000107 seconds to synchronously load lazily loaded font '../../../Engine/Content/Slate/Fonts/Roboto-Bold.ttf' (160K)
[2019.12.12-00.53.43:147][  0]LogSlate: Took 0.000118 seconds to synchronously load lazily loaded font '../../../Engine/Content/Editor/Slate/Fonts/FontAwesome.ttf' (139K)
[2019.12.12-00.53.43:203][  0]LogRenderer: Reallocating scene render targets to support 1208x572 Format 10 NumSamples 1 (Frame:1).
[2019.12.12-00.53.43:418][  0]LogSlate: FSceneViewport::OnFocusLost() reason 2
[2019.12.12-00.53.43:426][  0]LogSlate: Window 'Tutorials' being destroyed
[2019.12.12-00.53.43:456][  0]LogContentBrowser: Native class hierarchy updated for 'HierarchicalLODOutliner' in 0.0003 seconds. Added 0 classes and 0 folders.
[2019.12.12-00.53.43:456][  0]LogLoad: (Engine Initialization) Total time: 9.39 seconds
[2019.12.12-00.53.43:456][  0]LogLoad: (Engine Initialization) Total Blueprint compile time: 0.00 seconds
[2019.12.12-00.53.43:467][  0]LogWindowsTextInputMethodSystem: Display: IME system now deactivated.
[2019.12.12-00.53.43:495][  0]LogAssetRegistry: Asset discovery search completed in 5.3046 seconds
[2019.12.12-00.53.43:496][  0]LogCollectionManager: Rebuilt the object cache for 0 collections in 0.000000 seconds (found 0 objects)
[2019.12.12-00.53.43:496][  0]LogCollectionManager: Fixed up redirectors for 0 collections in 0.000029 seconds (updated 0 objects)
[2019.12.12-00.53.43:498][  0]LogContentStreaming: Texture pool size now 1000 MB
[2019.12.12-00.53.43:510][  0]LogSlate: FSceneViewport::OnFocusLost() reason 2
[2019.12.12-00.53.45:803][ 51]LogSlate: Window 'Message Log' being destroyed
[2019.12.12-00.53.45:852][ 51]LogSlate: Window 'Message Log' being destroyed
[2019.12.12-00.54.59:087][328]LogEditorViewport: Clicking Background
[2019.12.12-00.55.14:172][664]LogEditorViewport: Clicking on Actor (LMB): Landscape (Landscape)
[2019.12.12-00.55.15:949][695]LogSlate: FSceneViewport::OnFocusLost() reason 0
[2019.12.12-00.55.16:090][695]LogMaterial: Display: Missing cached shader map for material CircleBrushMaterial, compiling. 
[2019.12.12-00.55.16:520][695]LogMaterial: Display: Missing cached shader map for material M_Terrain_Shader, compiling. 
[2019.12.12-00.55.16:670][695]LogMaterial: Display: Missing cached shader map for material M_Terrain_Shader, compiling. 
[2019.12.12-00.55.16:819][695]LogMaterial: Display: Missing cached shader map for material M_Terrain_Shader, compiling. 
[2019.12.12-00.55.16:962][695]LogMaterial: Display: Missing cached shader map for material M_Terrain_Shader, compiling. 
[2019.12.12-00.55.17:110][695]LogMaterial: Display: Missing cached shader map for material M_Terrain_Shader, compiling. 
[2019.12.12-00.55.17:273][695]LogTexture: Display: Building textures: Texture2D_2 (G8, 128X128)
[2019.12.12-00.55.28:502][904]LogSlate: Window 'Create New Landscape Layer Info Object' being destroyed
[2019.12.12-00.55.28:533][904]LogTexture: Display: Building textures: Texture2D_1 (BGRA8, 64X64)
[2019.12.12-00.55.28:610][904]LogMaterial: Display: Missing cached shader map for material M_Terrain_Shader, compiling. 
[2019.12.12-00.55.28:777][904]LogMaterial: Display: Missing cached shader map for material M_Terrain_Shader, compiling. 
[2019.12.12-00.55.29:249][904]LogTexture: Display: Building textures: Texture2D_2 (BGRA8, 64X64)
[2019.12.12-00.55.29:764][904]LogTexture: Display: Building textures: Texture2D_3 (BGRA8, 64X64)
[2019.12.12-00.55.30:449][904]LogTexture: Display: Building textures: Texture2D_4 (BGRA8, 64X64)
[2019.12.12-00.55.31:186][904]LogTexture: Display: Building textures: Texture2D_5 (BGRA8, 64X64)
[2019.12.12-00.55.31:948][904]LogTexture: Display: Building textures: Texture2D_6 (BGRA8, 64X64)
[2019.12.12-00.55.32:746][904]LogTexture: Display: Building textures: Texture2D_7 (BGRA8, 64X64)
[2019.12.12-00.55.33:569][904]LogTexture: Display: Building textures: Texture2D_11 (BGRA8, 64X64)
[2019.12.12-00.55.34:426][904]LogTexture: Display: Building textures: Texture2D_16 (BGRA8, 64X64)
[2019.12.12-00.55.35:292][904]LogTexture: Display: Building textures: Texture2D_21 (BGRA8, 64X64)
[2019.12.12-00.55.36:201][904]LogTexture: Display: Building textures: Texture2D_26 (BGRA8, 64X64)
[2019.12.12-00.55.37:158][904]LogTexture: Display: Building textures: Texture2D_31 (BGRA8, 64X64)
[2019.12.12-00.55.38:166][904]LogTexture: Display: Building textures: Texture2D_36 (BGRA8, 64X64)
[2019.12.12-00.55.39:218][904]LogTexture: Display: Building textures: Texture2D_40 (BGRA8, 64X64)
[2019.12.12-00.55.40:104][904]LogSlate: Took 0.000186 seconds to synchronously load lazily loaded font '../../../Engine/Content/Slate/Fonts/Roboto-Light.ttf' (167K)
[2019.12.12-00.56.19:091][570]LogSlate: Window 'Create New Landscape Layer Info Object' being destroyed
[2019.12.12-00.57.56:440][ 64]LogSlate: FSceneViewport::OnFocusLost() reason 0
[2019.12.12-00.57.57:234][ 81]LogUObjectHash: Compacting FUObjectHashTables data took   2.03ms
[2019.12.12-00.57.58:631][ 81]LogSlate: Window 'Delete Assets' being destroyed
[2019.12.12-00.57.58:635][ 81]LogUObjectGlobals: Force Deleting 1 Package(s):
	Asset Name: /Game/WAR/WAR_hill_sharedassets/Layer_4_LayerInfo.Layer_4_LayerInfo
[2019.12.12-00.57.58:636][ 81]LogSlate: Took 0.000141 seconds to synchronously load lazily loaded font '../../../Engine/Content/Slate/Fonts/Roboto-Light.ttf' (167K)
[2019.12.12-00.58.01:251][ 81]LogUObjectHash: Compacting FUObjectHashTables data took   1.58ms
[2019.12.12-00.58.05:612][485]LogUObjectHash: Compacting FUObjectHashTables data took   0.64ms
[2019.12.12-00.58.06:904][485]LogSlate: Window 'Delete Assets' being destroyed
[2019.12.12-00.58.06:907][485]LogUObjectGlobals: Force Deleting 1 Package(s):
	Asset Name: /Game/WAR/WAR_hill_sharedassets/Layer_3_LayerInfo.Layer_3_LayerInfo
[2019.12.12-00.58.07:147][485]LogUObjectHash: Compacting FUObjectHashTables data took   1.63ms
[2019.12.12-00.58.13:164][645]LogSlate: Window 'Create New Landscape Layer Info Object' being destroyed
[2019.12.12-00.58.13:191][645]LogTexture: Display: Building textures: Texture2D_41 (BGRA8, 64X64)
[2019.12.12-00.58.13:274][645]LogMaterial: Display: Missing cached shader map for material M_Terrain_Shader, compiling. 
[2019.12.12-00.58.13:737][645]LogTexture: Display: Building textures: Texture2D_43 (BGRA8, 64X64)
[2019.12.12-00.58.14:197][645]LogTexture: Display: Building textures: Texture2D_47 (BGRA8, 64X64)
[2019.12.12-00.58.14:651][645]LogTexture: Display: Building textures: Texture2D_52 (BGRA8, 64X64)
[2019.12.12-00.58.15:122][645]LogTexture: Display: Building textures: Texture2D_57 (BGRA8, 64X64)
[2019.12.12-00.58.15:589][645]LogTexture: Display: Building textures: Texture2D_59 (BGRA8, 64X64)
[2019.12.12-00.58.16:046][645]LogTexture: Display: Building textures: Texture2D_60 (BGRA8, 64X64)
[2019.12.12-00.58.16:507][645]LogTexture: Display: Building textures: Texture2D_61 (BGRA8, 64X64)
[2019.12.12-00.58.17:048][645]LogTexture: Display: Building textures: Texture2D_62 (BGRA8, 64X64)
[2019.12.12-00.58.17:653][645]LogTexture: Display: Building textures: Texture2D_63 (BGRA8, 64X64)
[2019.12.12-00.58.18:275][645]LogTexture: Display: Building textures: Texture2D_64 (BGRA8, 64X64)
[2019.12.12-00.58.18:890][645]LogTexture: Display: Building textures: Texture2D_65 (BGRA8, 64X64)
[2019.12.12-00.58.19:537][645]LogTexture: Display: Building textures: Texture2D_66 (BGRA8, 64X64)
[2019.12.12-00.58.20:192][645]LogTexture: Display: Building textures: Texture2D_67 (BGRA8, 64X64)
[2019.12.12-00.58.29:488][895]LogSlate: Window 'Create New Landscape Layer Info Object' being destroyed
[2019.12.12-00.58.34:305][ 54]LogSlate: Window 'Create New Landscape Layer Info Object' being destroyed
[2019.12.12-00.58.38:584][167]LogSlate: Window 'Create New Landscape Layer Info Object' being destroyed
[2019.12.12-00.58.44:142][375]LogSlate: Window 'Create New Landscape Layer Info Object' being destroyed
[2019.12.12-00.58.47:929][499]LogSlate: Window 'Create New Landscape Layer Info Object' being destroyed
[2019.12.12-00.58.51:731][631]LogSlate: Window 'Create New Landscape Layer Info Object' being destroyed
[2019.12.12-00.58.55:638][739]LogSlate: Window 'Create New Landscape Layer Info Object' being destroyed
[2019.12.12-00.59.09:311][ 25]LogSlate: FSceneViewport::OnFocusLost() reason 0
[2019.12.12-00.59.10:713][ 54]LogEditorViewport: Clicking on Actor (LMB): TriggerBox_Blueprint_C (TriggerBox_Blueprint)
[2019.12.12-00.59.22:090][276]LogSlate: FSceneViewport::OnFocusLost() reason 0
[2019.12.12-00.59.27:004][334]LogMaterial: Display: Missing cached shader map for material M_Terrain_Shader, compiling. 
[2019.12.12-00.59.29:386][373]LogSlate: FSceneViewport::OnFocusLost() reason 0
[2019.12.12-00.59.35:459][480]LogTexture: Display: Building textures: Texture2D_68 (BGRA8, 64X64)
[2019.12.12-01.00.17:794][298]LogSlate: FSceneViewport::OnFocusLost() reason 0
[2019.12.12-01.00.59:544][ 21]LogTexture: Display: Building textures: Texture2D_69 (BGRA8, 64X64)
[2019.12.12-01.02.24:137][567]LogTexture: Display: Building textures: Texture2D_70 (BGRA8, 64X64)
[2019.12.12-01.03.33:024][927]LogTexture: Display: Building textures: Texture2D_71 (BGRA8, 64X64)
[2019.12.12-01.05.11:311][898]LogSlate: FSceneViewport::OnFocusLost() reason 0
[2019.12.12-01.05.19:788][ 73]LogTexture: Display: Building textures: Texture2D_72 (BGRA8, 64X64)
[2019.12.12-01.05.19:867][ 73]LogMaterial: Display: Missing cached shader map for material M_Terrain_Shader, compiling. 
[2019.12.12-01.05.19:938][ 73]LogMaterial: Display: Missing cached shader map for material M_Terrain_Shader, compiling. 
[2019.12.12-01.06.06:392][  1]LogTexture: Display: Building textures: Texture2D_73 (BGRA8, 64X64)
[2019.12.12-01.06.32:921][498]LogSlate: FSceneViewport::OnFocusLost() reason 0
[2019.12.12-01.06.55:274][890]LogTexture: Display: Building textures: Texture2D_74 (BGRA8, 64X64)
[2019.12.12-01.07.30:148][580]LogTexture: Display: Building textures: Texture2D_75 (BGRA8, 64X64)
[2019.12.12-01.07.42:169][794]LogSlate: FSceneViewport::OnFocusLost() reason 0
[2019.12.12-01.07.49:920][903]LogSlate: FSceneViewport::OnFocusLost() reason 0
[2019.12.12-01.07.54:144][974]LogSlate: FSceneViewport::OnFocusLost() reason 0
[2019.12.12-01.08.02:093][118]LogEditorViewport: Clicking on Actor (LMB): StaticMeshActor (SM_Exo_Cart_Intact2)
[2019.12.12-01.08.10:696][280]LogSlate: FSceneViewport::OnFocusLost() reason 0
[2019.12.12-01.08.27:665][625]LogAssetEditorManager: Opening Asset editor for Blueprint /Game/FirstPersonBP/Blueprints/FirstPersonGameMode.FirstPersonGameMode
[2019.12.12-01.08.28:072][625]LogContentBrowser: Native class hierarchy updated for 'BlueprintGraph' in 0.0007 seconds. Added 121 classes and 0 folders.
[2019.12.12-01.08.44:921][912]LogSlate: Window 'FirstPersonGameMode' being destroyed
[2019.12.12-01.08.44:991][912]LogAssetEditorManager: Opening Asset editor for Blueprint /Game/FirstPersonBP/Blueprints/FirstPersonGameMode.FirstPersonGameMode
[2019.12.12-01.08.45:389][912]LogSlate: Took 0.017279 seconds to synchronously load lazily loaded font '../../../Engine/Content/Slate/Fonts/Roboto-BoldCondensed.ttf' (158K)
[2019.12.12-01.08.58:650][304]LogSlate: Window 'FirstPersonGameMode' being destroyed
[2019.12.12-01.08.58:705][304]LogSlate: Window 'FirstPersonGameMode' being destroyed
[2019.12.12-01.09.24:114][875]LogUObjectHash: Compacting FUObjectHashTables data took   3.71ms
[2019.12.12-01.09.24:114][875]Cmd: OBJ SAVEPACKAGE PACKAGE="/Game/WAR/WAR_hill" FILE="../../../../Users/TEMP.AD.001/Desktop/WAR/WAR/Saved/Autosaves/Game/WAR/WAR_hill_Auto1.umap" SILENT=true AUTOSAVING=true KEEPDIRTY=false
[2019.12.12-01.09.24:331][875]LogTexture: Display: Building textures: Texture2D_41 (BGRA8, 64X64)
[2019.12.12-01.09.24:331][875]LogTexture: Display: Building textures: Texture2D_71 (BGRA8, 64X64)
[2019.12.12-01.09.24:332][875]LogTexture: Display: Building textures: Texture2D_73 (BGRA8, 64X64)
[2019.12.12-01.09.24:332][875]LogTexture: Display: Building textures: Texture2D_59 (BGRA8, 64X64)
[2019.12.12-01.09.24:332][875]LogTexture: Display: Building textures: Texture2D_62 (BGRA8, 64X64)
[2019.12.12-01.09.24:333][875]LogTexture: Display: Building textures: Texture2D_72 (BGRA8, 64X64)
[2019.12.12-01.09.24:333][875]LogTexture: Display: Building textures: Texture2D_69 (BGRA8, 64X64)
[2019.12.12-01.09.24:334][875]LogTexture: Display: Building textures: Texture2D_70 (BGRA8, 64X64)
[2019.12.12-01.09.24:334][875]LogTexture: Display: Building textures: Texture2D_67 (BGRA8, 64X64)
[2019.12.12-01.09.24:335][875]LogTexture: Display: Building textures: Texture2D_74 (BGRA8, 64X64)
[2019.12.12-01.09.24:335][875]LogTexture: Display: Building textures: Texture2D_43 (BGRA8, 64X64)
[2019.12.12-01.09.24:336][875]LogTexture: Display: Building textures: Texture2D_68 (BGRA8, 64X64)
[2019.12.12-01.09.24:336][875]LogTexture: Display: Building textures: Texture2D_75 (BGRA8, 64X64)
[2019.12.12-01.09.24:336][875]LogTexture: Display: Building textures: Texture2D_47 (BGRA8, 64X64)
[2019.12.12-01.09.24:337][875]LogTexture: Display: Building textures: Texture2D_52 (BGRA8, 64X64)
[2019.12.12-01.09.24:337][875]LogTexture: Display: Building textures: Texture2D_57 (BGRA8, 64X64)
[2019.12.12-01.09.24:337][875]LogTexture: Display: Building textures: Texture2D_60 (BGRA8, 64X64)
[2019.12.12-01.09.24:338][875]LogTexture: Display: Building textures: Texture2D_61 (BGRA8, 64X64)
[2019.12.12-01.09.24:338][875]LogTexture: Display: Building textures: Texture2D_63 (BGRA8, 64X64)
[2019.12.12-01.09.24:339][875]LogTexture: Display: Building textures: Texture2D_64 (BGRA8, 64X64)
[2019.12.12-01.09.24:339][875]LogTexture: Display: Building textures: Texture2D_65 (BGRA8, 64X64)
[2019.12.12-01.09.24:339][875]LogTexture: Display: Building textures: Texture2D_66 (BGRA8, 64X64)
[2019.12.12-01.09.25:419][875]LogSavePackage: Moving '../../../../Users/TEMP.AD.001/Desktop/WAR/WAR/Saved/WAR_hill_Auto1D90BC9D94A3ACF7567A957B08DCF98C8.tmp' to '../../../../Users/TEMP.AD.001/Desktop/WAR/WAR/Saved/Autosaves/Game/WAR/WAR_hill_Auto1.umap'
[2019.12.12-01.09.25:437][875]LogFileHelpers: Editor autosave (incl. sublevels) for '/Game/WAR/WAR_hill' took 1.369
[2019.12.12-01.09.25:437][875]LogFileHelpers: Editor autosave (incl. sublevels) for all levels took 1.369
[2019.12.12-01.09.25:442][875]OBJ SavePackage: Generating thumbnails for [0] asset(s) in package [/Game/WAR/WAR_hill_sharedassets/Layer_1_LayerInfo] ([1] browsable assets)...
[2019.12.12-01.09.25:442][875]OBJ SavePackage: Finished generating thumbnails for package [/Game/WAR/WAR_hill_sharedassets/Layer_1_LayerInfo]
[2019.12.12-01.09.25:457][875]LogSavePackage: Moving '../../../../Users/TEMP.AD.001/Desktop/WAR/WAR/Saved/Layer_1_LayerInfo_Auto10A6812B947DD4E30C13438AC3FD118FB.tmp' to '../../../../Users/TEMP.AD.001/Desktop/WAR/WAR/Saved/Autosaves/Game/WAR/WAR_hill_sharedassets/Layer_1_LayerInfo_Auto1.uasset'
[2019.12.12-01.09.25:471][875]OBJ SavePackage: Generating thumbnails for [0] asset(s) in package [/Game/WAR/WAR_hill_sharedassets/Layer_2_LayerInfo] ([1] browsable assets)...
[2019.12.12-01.09.25:471][875]OBJ SavePackage: Finished generating thumbnails for package [/Game/WAR/WAR_hill_sharedassets/Layer_2_LayerInfo]
[2019.12.12-01.09.25:484][875]LogSavePackage: Moving '../../../../Users/TEMP.AD.001/Desktop/WAR/WAR/Saved/Layer_2_LayerInfo_Auto188F797524A50F0AD5CEAD1AC61F0E8FA.tmp' to '../../../../Users/TEMP.AD.001/Desktop/WAR/WAR/Saved/Autosaves/Game/WAR/WAR_hill_sharedassets/Layer_2_LayerInfo_Auto1.uasset'
[2019.12.12-01.09.25:498][875]OBJ SavePackage: Generating thumbnails for [0] asset(s) in package [/Game/WAR/WAR_hill_sharedassets/Layer_3_LayerInfo] ([1] browsable assets)...
[2019.12.12-01.09.25:498][875]OBJ SavePackage: Finished generating thumbnails for package [/Game/WAR/WAR_hill_sharedassets/Layer_3_LayerInfo]
[2019.12.12-01.09.25:510][875]LogSavePackage: Moving '../../../../Users/TEMP.AD.001/Desktop/WAR/WAR/Saved/Layer_3_LayerInfo_Auto16CA92132450A8AF333E923AE83DB77FA.tmp' to '../../../../Users/TEMP.AD.001/Desktop/WAR/WAR/Saved/Autosaves/Game/WAR/WAR_hill_sharedassets/Layer_3_LayerInfo_Auto1.uasset'
[2019.12.12-01.09.25:522][875]OBJ SavePackage: Generating thumbnails for [0] asset(s) in package [/Game/WAR/WAR_hill_sharedassets/Layer_4_LayerInfo] ([1] browsable assets)...
[2019.12.12-01.09.25:522][875]OBJ SavePackage: Finished generating thumbnails for package [/Game/WAR/WAR_hill_sharedassets/Layer_4_LayerInfo]
[2019.12.12-01.09.25:533][875]LogSavePackage: Moving '../../../../Users/TEMP.AD.001/Desktop/WAR/WAR/Saved/Layer_4_LayerInfo_Auto1D0FB667F47C0C045E68175B89E73A72A.tmp' to '../../../../Users/TEMP.AD.001/Desktop/WAR/WAR/Saved/Autosaves/Game/WAR/WAR_hill_sharedassets/Layer_4_LayerInfo_Auto1.uasset'
[2019.12.12-01.09.25:547][875]OBJ SavePackage: Generating thumbnails for [0] asset(s) in package [/Game/WAR/WAR_hill_sharedassets/Layer_5_LayerInfo] ([1] browsable assets)...
[2019.12.12-01.09.25:547][875]OBJ SavePackage: Finished generating thumbnails for package [/Game/WAR/WAR_hill_sharedassets/Layer_5_LayerInfo]
[2019.12.12-01.09.25:560][875]LogSavePackage: Moving '../../../../Users/TEMP.AD.001/Desktop/WAR/WAR/Saved/Layer_5_LayerInfo_Auto1368949514C06EED29C324AB9EC852BE6.tmp' to '../../../../Users/TEMP.AD.001/Desktop/WAR/WAR/Saved/Autosaves/Game/WAR/WAR_hill_sharedassets/Layer_5_LayerInfo_Auto1.uasset'
[2019.12.12-01.09.25:572][875]OBJ SavePackage: Generating thumbnails for [0] asset(s) in package [/Game/WAR/WAR_hill_sharedassets/Layer_6_LayerInfo] ([1] browsable assets)...
[2019.12.12-01.09.25:572][875]OBJ SavePackage: Finished generating thumbnails for package [/Game/WAR/WAR_hill_sharedassets/Layer_6_LayerInfo]
[2019.12.12-01.09.25:584][875]LogSavePackage: Moving '../../../../Users/TEMP.AD.001/Desktop/WAR/WAR/Saved/Layer_6_LayerInfo_Auto1E3FDD357418D677E25B68B96B069DA58.tmp' to '../../../../Users/TEMP.AD.001/Desktop/WAR/WAR/Saved/Autosaves/Game/WAR/WAR_hill_sharedassets/Layer_6_LayerInfo_Auto1.uasset'
[2019.12.12-01.09.25:597][875]OBJ SavePackage: Generating thumbnails for [0] asset(s) in package [/Game/WAR/WAR_hill_sharedassets/Layer_7_LayerInfo] ([1] browsable assets)...
[2019.12.12-01.09.25:597][875]OBJ SavePackage: Finished generating thumbnails for package [/Game/WAR/WAR_hill_sharedassets/Layer_7_LayerInfo]
[2019.12.12-01.09.25:610][875]LogSavePackage: Moving '../../../../Users/TEMP.AD.001/Desktop/WAR/WAR/Saved/Layer_7_LayerInfo_Auto183FDCB6E486341C2AF3A30B387C46FB8.tmp' to '../../../../Users/TEMP.AD.001/Desktop/WAR/WAR/Saved/Autosaves/Game/WAR/WAR_hill_sharedassets/Layer_7_LayerInfo_Auto1.uasset'
[2019.12.12-01.09.25:624][875]OBJ SavePackage: Generating thumbnails for [0] asset(s) in package [/Game/WAR/WAR_hill_sharedassets/Layer_8_LayerInfo] ([1] browsable assets)...
[2019.12.12-01.09.25:624][875]OBJ SavePackage: Finished generating thumbnails for package [/Game/WAR/WAR_hill_sharedassets/Layer_8_LayerInfo]
[2019.12.12-01.09.25:636][875]LogSavePackage: Moving '../../../../Users/TEMP.AD.001/Desktop/WAR/WAR/Saved/Layer_8_LayerInfo_Auto153481A9C41635465D019B890B7CD165C.tmp' to '../../../../Users/TEMP.AD.001/Desktop/WAR/WAR/Saved/Autosaves/Game/WAR/WAR_hill_sharedassets/Layer_8_LayerInfo_Auto1.uasset'
[2019.12.12-01.09.25:652][875]LogFileHelpers: Auto-saving content packages took 0.212
[2019.12.12-01.09.46:116][322]LogEditorViewport: Clicking on Actor (LMB): Emitter (P_Steam_Lit4)
[2019.12.12-01.10.57:194][683]LogEditorViewport: Clicking on Actor (LMB): Emitter (P_Steam_Lit20)
[2019.12.12-01.11.51:241][680]LogSlate: FSceneViewport::OnFocusLost() reason 0
[2019.12.12-01.11.51:409][680]Cmd: OBJ SAVEPACKAGE PACKAGE="/Game/WAR/WAR_hill" FILE="../../../../Users/TEMP.AD.001/Desktop/WAR/WAR/Content/WAR/WAR_hill.umap" SILENT=true AUTOSAVING=false KEEPDIRTY=false
[2019.12.12-01.11.51:461][680]LogUObjectHash: Compacting FUObjectHashTables data took   3.96ms
[2019.12.12-01.11.52:598][680]LogSavePackage: Moving '../../../../Users/TEMP.AD.001/Desktop/WAR/WAR/Saved/WAR_hillF2BDDAF748578B57EA5BD79C6ECF57FB.tmp' to '../../../../Users/TEMP.AD.001/Desktop/WAR/WAR/Content/WAR/WAR_hill.umap'
