Log file open, 11/21/19 18:09:08
LogWindows: Failed to load 'aqProf.dll' (GetLastError=126)
LogWindows: File 'aqProf.dll' does not exist
LogWindows: Failed to load 'VtuneApi.dll' (GetLastError=126)
LogWindows: File 'VtuneApi.dll' does not exist
LogWindows: Failed to load 'VtuneApi32e.dll' (GetLastError=126)
LogWindows: File 'VtuneApi32e.dll' does not exist
LogConsoleResponse: Display: Failed to find resolution value strings in scalability ini. Falling back to default.
LogInit: Display: Running engine for game: WAR
LogPakFile: Registered encryption key '00000000000000000000000000000000': 0 pak files mounted, 0 remain pending
LogPlatformFile: Not using cached read wrapper
LogTaskGraph: Started task graph with 5 named threads and 23 total threads with 3 sets of task threads.
LogStats: Stats thread started at 0.967284
LogD3D11RHI: Loaded GFSDK_Aftermath_Lib.x64.dll
LogICUInternationalization: ICU TimeZone Detection - Raw Offset: -6:00, Platform Override: ''
LogConfig: Warning: Failed to saved backup for config[../../../../Users/W207542133/Desktop/WAR/WAR/Intermediate/Config/CoalescedSourceConfigs/Engine.ini]
LogConfig: Warning: Failed to saved backup for config[../../../../Users/W207542133/Desktop/WAR/WAR/Intermediate/Config/CoalescedSourceConfigs/Game.ini]
LogConfig: Warning: Failed to saved backup for config[../../../../Users/W207542133/Desktop/WAR/WAR/Intermediate/Config/CoalescedSourceConfigs/Input.ini]
LogConfig: Warning: Failed to saved backup for config[../../../../Users/W207542133/Desktop/WAR/WAR/Intermediate/Config/CoalescedSourceConfigs/Editor.ini]
LogConfig: Warning: Failed to saved backup for config[../../../../Users/W207542133/Desktop/WAR/WAR/Intermediate/Config/CoalescedSourceConfigs/EditorSettings.ini]
LogConfig: Warning: Failed to saved backup for config[../../../../Users/W207542133/Desktop/WAR/WAR/Intermediate/Config/CoalescedSourceConfigs/EditorKeyBindings.ini]
LogConfig: Warning: Failed to saved backup for config[../../../../Users/W207542133/Desktop/WAR/WAR/Intermediate/Config/CoalescedSourceConfigs/Compat.ini]
LogConfig: Warning: Failed to saved backup for config[../../../../Users/W207542133/Desktop/WAR/WAR/Intermediate/Config/CoalescedSourceConfigs/Lightmass.ini]
LogConfig: Warning: Failed to saved backup for config[../../../../Users/W207542133/Desktop/WAR/WAR/Intermediate/Config/CoalescedSourceConfigs/Scalability.ini]
LogConfig: Warning: Failed to saved backup for config[../../../../Users/W207542133/Desktop/WAR/WAR/Intermediate/Config/CoalescedSourceConfigs/Hardware.ini]
LogConfig: Warning: Failed to saved backup for config[../../../../Users/W207542133/Desktop/WAR/WAR/Intermediate/Config/CoalescedSourceConfigs/GameUserSettings.ini]
LogPluginManager: Mounting plugin Paper2D
LogConfig: Warning: Failed to saved backup for config[../../../../Users/W207542133/Desktop/WAR/WAR/Intermediate/Config/CoalescedSourceConfigs/Paper2D.ini]
LogPluginManager: Mounting plugin AISupport
LogPluginManager: Mounting plugin LightPropagationVolume
LogPluginManager: Mounting plugin ActorLayerUtilities
LogPluginManager: Mounting plugin AnimationSharing
LogPluginManager: Mounting plugin CLionSourceCodeAccess
LogPluginManager: Mounting plugin CodeLiteSourceCodeAccess
LogPluginManager: Mounting plugin GitSourceControl
LogPluginManager: Mounting plugin KDevelopSourceCodeAccess
LogPluginManager: Mounting plugin NullSourceCodeAccess
LogPluginManager: Mounting plugin PerforceSourceControl
LogPluginManager: Mounting plugin SubversionSourceControl
LogPluginManager: Mounting plugin UObjectPlugin
LogPluginManager: Mounting plugin VisualStudioCodeSourceCodeAccess
LogPluginManager: Mounting plugin VisualStudioSourceCodeAccess
LogPluginManager: Mounting plugin XCodeSourceCodeAccess
LogPluginManager: Mounting plugin AssetManagerEditor
LogPluginManager: Mounting plugin CryptoKeys
LogPluginManager: Mounting plugin DataValidation
LogPluginManager: Mounting plugin FacialAnimation
LogPluginManager: Mounting plugin GameplayTagsEditor
LogPluginManager: Mounting plugin MacGraphicsSwitching
LogPluginManager: Mounting plugin MaterialAnalyzer
LogPluginManager: Mounting plugin MobileLauncherProfileWizard
LogPluginManager: Mounting plugin PluginBrowser
LogPluginManager: Mounting plugin SpeedTreeImporter
LogPluginManager: Mounting plugin DatasmithContent
LogPluginManager: Mounting plugin VariantManagerContent
LogPluginManager: Mounting plugin AlembicImporter
LogPluginManager: Mounting plugin AppleImageUtils
LogPluginManager: Mounting plugin AppleVision
LogPluginManager: Mounting plugin BackChannel
LogPluginManager: Mounting plugin CharacterAI
LogPluginManager: Mounting plugin GeometryCache
LogPluginManager: Mounting plugin HTML5Networking
LogPluginManager: Mounting plugin ProxyLODPlugin
LogPluginManager: Mounting plugin SkeletalReduction
LogPluginManager: Mounting plugin MagicLeap
LogConfig: Warning: Failed to saved backup for config[../../../../Users/W207542133/Desktop/WAR/WAR/Intermediate/Config/CoalescedSourceConfigs/MagicLeap.ini]
LogPluginManager: Mounting plugin MagicLeapMedia
LogPluginManager: Mounting plugin AndroidMedia
LogPluginManager: Mounting plugin AvfMedia
LogPluginManager: Mounting plugin ImgMedia
LogPluginManager: Mounting plugin LinearTimecode
LogPluginManager: Mounting plugin MediaCompositing
LogPluginManager: Mounting plugin MediaPlayerEditor
LogPluginManager: Mounting plugin WebMMedia
LogPluginManager: Mounting plugin WmfMedia
LogPluginManager: Mounting plugin TcpMessaging
LogPluginManager: Mounting plugin UdpMessaging
LogPluginManager: Mounting plugin ActorSequence
LogPluginManager: Mounting plugin LevelSequenceEditor
LogPluginManager: Mounting plugin MatineeToLevelSequence
LogPluginManager: Mounting plugin NetcodeUnitTest
LogPluginManager: Mounting plugin NUTUnrealEngine4
LogPluginManager: Mounting plugin OnlineSubsystemGooglePlay
LogPluginManager: Mounting plugin OnlineSubsystemIOS
LogPluginManager: Mounting plugin OnlineSubsystem
LogPluginManager: Mounting plugin OnlineSubsystemNull
LogPluginManager: Mounting plugin OnlineSubsystemUtils
LogPluginManager: Mounting plugin LauncherChunkInstaller
LogPluginManager: Mounting plugin AndroidDeviceProfileSelector
LogPluginManager: Mounting plugin AndroidMoviePlayer
LogPluginManager: Mounting plugin AndroidPermission
LogPluginManager: Mounting plugin AppleMoviePlayer
LogPluginManager: Mounting plugin ArchVisCharacter
LogPluginManager: Mounting plugin AudioCapture
LogPluginManager: Mounting plugin CableComponent
LogPluginManager: Mounting plugin CustomMeshComponent
LogPluginManager: Mounting plugin EditableMesh
LogPluginManager: Mounting plugin ExampleDeviceProfileSelector
LogPluginManager: Mounting plugin Firebase
LogPluginManager: Mounting plugin GoogleCloudMessaging
LogPluginManager: Mounting plugin IOSDeviceProfileSelector
LogPluginManager: Mounting plugin LinuxDeviceProfileSelector
LogPluginManager: Mounting plugin LocationServicesBPLibrary
LogPluginManager: Mounting plugin MobilePatchingUtils
LogPluginManager: Mounting plugin OculusVR
LogPluginManager: Mounting plugin PhysXVehicles
LogConfig: Warning: Failed to saved backup for config[../../../../Users/W207542133/Desktop/WAR/WAR/Intermediate/Config/CoalescedSourceConfigs/PhysXVehicles.ini]
LogPluginManager: Mounting plugin ProceduralMeshComponent
LogPluginManager: Mounting plugin RuntimePhysXCooking
LogPluginManager: Mounting plugin SignificanceManager
LogPluginManager: Mounting plugin SteamVR
LogPluginManager: Mounting plugin WebMMoviePlayer
LogPluginManager: Mounting plugin WindowsMoviePlayer
LogInit: Using libcurl 7.55.1-DEV
LogInit:  - built for x86_64-pc-win32
LogInit:  - supports SSL with OpenSSL/1.1.1
LogInit:  - supports HTTP deflate (compression) using libz 1.2.8
LogInit:  - other features:
LogInit:      CURL_VERSION_SSL
LogInit:      CURL_VERSION_LIBZ
LogInit:      CURL_VERSION_IPV6
LogInit:      CURL_VERSION_ASYNCHDNS
LogInit:      CURL_VERSION_LARGEFILE
LogInit:      CURL_VERSION_IDN
LogInit:  CurlRequestOptions (configurable via config and command line):
LogInit:  - bVerifyPeer = true  - Libcurl will verify peer certificate
LogInit:  - bUseHttpProxy = false  - Libcurl will NOT use HTTP proxy
LogInit:  - bDontReuseConnections = false  - Libcurl will reuse connections
LogInit:  - MaxHostConnections = 16  - Libcurl will limit the number of connections to a host
LogInit:  - LocalHostAddr = Default
LogInit:  - BufferSize = 65536
LogInit: WinSock: version 1.1 (2.2), MaxSocks=32767, MaxUdp=65467
LogHMD: Failed initializing OVRPlugin 1.32.0
LogInit: Build: ++UE4+Release-4.22-CL-7053642
LogInit: Engine Version: 4.22.3-7053642+++UE4+Release-4.22
LogInit: Compatible Engine Version: 4.22.0-5660361+++UE4+Release-4.22
LogInit: Net CL: 5660361
LogInit: OS: Windows 10 (Release 1703) (), CPU: Intel(R) Core(TM) i7-4770 CPU @ 3.40GHz, GPU: AMD Radeon HD 8570
LogInit: Compiled (64-bit): Jun 18 2019 03:09:11
LogInit: Compiled with Visual C++: 19.16.27025.01
LogInit: Build Configuration: Development
LogInit: Branch Name: ++UE4+Release-4.22
LogInit: Command Line: 
LogInit: Base Directory: C:/UE_4.22/Engine/Binaries/Win64/
LogInit: Installed Engine Build: 1
LogDevObjectVersion: Number of dev versions registered: 23
LogDevObjectVersion:   Dev-Blueprints (B0D832E4-1F89-4F0D-ACCF-7EB736FD4AA2): 10
LogDevObjectVersion:   Dev-Build (E1C64328-A22C-4D53-A36C-8E866417BD8C): 0
LogDevObjectVersion:   Dev-Core (375EC13C-06E4-48FB-B500-84F0262A717E): 3
LogDevObjectVersion:   Dev-Editor (E4B068ED-F494-42E9-A231-DA0B2E46BB41): 30
LogDevObjectVersion:   Dev-Framework (CFFC743F-43B0-4480-9391-14DF171D2073): 35
LogDevObjectVersion:   Dev-Mobile (B02B49B5-BB20-44E9-A304-32B752E40360): 2
LogDevObjectVersion:   Dev-Networking (A4E4105C-59A1-49B5-A7C5-40C4547EDFEE): 0
LogDevObjectVersion:   Dev-Online (39C831C9-5AE6-47DC-9A44-9C173E1C8E7C): 0
LogDevObjectVersion:   Dev-Physics (78F01B33-EBEA-4F98-B9B4-84EACCB95AA2): 0
LogDevObjectVersion:   Dev-Platform (6631380F-2D4D-43E0-8009-CF276956A95A): 0
LogDevObjectVersion:   Dev-Rendering (12F88B9F-8875-4AFC-A67C-D90C383ABD29): 28
LogDevObjectVersion:   Dev-Sequencer (7B5AE74C-D270-4C10-A958-57980B212A5A): 11
LogDevObjectVersion:   Dev-VR (D7296918-1DD6-4BDD-9DE2-64A83CC13884): 2
LogDevObjectVersion:   Dev-LoadTimes (C2A15278-BFE7-4AFE-6C17-90FF531DF755): 1
LogDevObjectVersion:   Private-Geometry (6EACA3D4-40EC-4CC1-B786-8BED09428FC5): 3
LogDevObjectVersion:   Dev-AnimPhys (29E575DD-E0A3-4627-9D10-D276232CDCEA): 17
LogDevObjectVersion:   Dev-Anim (AF43A65D-7FD3-4947-9873-3E8ED9C1BB05): 2
LogDevObjectVersion:   Dev-ReflectionCapture (6B266CEC-1EC7-4B8F-A30B-E4D90942FC07): 1
LogDevObjectVersion:   Dev-Automation (0DF73D61-A23F-47EA-B727-89E90C41499A): 1
LogDevObjectVersion:   FortniteMain (601D1886-AC64-4F84-AA16-D3DE0DEAC7D6): 25
LogDevObjectVersion:   Dev-Enterprise (9DFFBCD6-494F-0158-E221-12823C92A888): 6
LogDevObjectVersion:   Dev-Niagara (F2AED0AC-9AFE-416F-8664-AA7FFA26D6FC): 1
LogDevObjectVersion:   Dev-Destruction (174F1F0B-B4C6-45A5-B13F-2EE8D0FB917D): 2
LogInit: Presizing for max 16777216 objects, including 0 objects not considered by GC, pre-allocating 0 bytes for permanent pool.
LogInit: Object subsystem initialized
LogConfig: Setting CVar [[con.DebugEarlyDefault:1]]
LogConfig: Setting CVar [[r.setres:1280x720]]
[2019.11.22-00.09.10:857][  0]LogConfig: Setting CVar [[r.VSync:0]]
[2019.11.22-00.09.10:857][  0]LogConfig: Setting CVar [[r.RHICmdBypass:0]]
[2019.11.22-00.09.10:857][  0]LogConfig: Applying CVar settings from Section [/Script/Engine.RendererSettings] File [C:/Users/W207542133/Desktop/WAR/WAR/Saved/Config/Windows/Engine.ini]
[2019.11.22-00.09.10:857][  0]LogConfig: Setting CVar [[r.GPUCrashDebugging:0]]
[2019.11.22-00.09.10:857][  0]LogConfig: Applying CVar settings from Section [/Script/Engine.RendererOverrideSettings] File [C:/Users/W207542133/Desktop/WAR/WAR/Saved/Config/Windows/Engine.ini]
[2019.11.22-00.09.10:857][  0]LogConfig: Applying CVar settings from Section [/Script/Engine.StreamingSettings] File [C:/Users/W207542133/Desktop/WAR/WAR/Saved/Config/Windows/Engine.ini]
[2019.11.22-00.09.10:857][  0]LogConfig: Setting CVar [[s.MinBulkDataSizeForAsyncLoading:131072]]
[2019.11.22-00.09.10:857][  0]LogConfig: Setting CVar [[s.AsyncLoadingThreadEnabled:0]]
[2019.11.22-00.09.10:857][  0]LogConfig: Setting CVar [[s.EventDrivenLoaderEnabled:1]]
[2019.11.22-00.09.10:857][  0]LogConfig: Setting CVar [[s.WarnIfTimeLimitExceeded:0]]
[2019.11.22-00.09.10:857][  0]LogConfig: Setting CVar [[s.TimeLimitExceededMultiplier:1.5]]
[2019.11.22-00.09.10:857][  0]LogConfig: Setting CVar [[s.TimeLimitExceededMinTime:0.005]]
[2019.11.22-00.09.10:857][  0]LogConfig: Setting CVar [[s.UseBackgroundLevelStreaming:1]]
[2019.11.22-00.09.10:857][  0]LogConfig: Setting CVar [[s.PriorityAsyncLoadingExtraTime:15.0]]
[2019.11.22-00.09.10:857][  0]LogConfig: Setting CVar [[s.LevelStreamingActorsUpdateTimeLimit:5.0]]
[2019.11.22-00.09.10:857][  0]LogConfig: Setting CVar [[s.PriorityLevelStreamingActorsUpdateExtraTime:5.0]]
[2019.11.22-00.09.10:857][  0]LogConfig: Setting CVar [[s.LevelStreamingComponentsRegistrationGranularity:10]]
[2019.11.22-00.09.10:857][  0]LogConfig: Setting CVar [[s.UnregisterComponentsTimeLimit:1.0]]
[2019.11.22-00.09.10:857][  0]LogConfig: Setting CVar [[s.LevelStreamingComponentsUnregistrationGranularity:5]]
[2019.11.22-00.09.10:857][  0]LogConfig: Applying CVar settings from Section [/Script/Engine.GarbageCollectionSettings] File [C:/Users/W207542133/Desktop/WAR/WAR/Saved/Config/Windows/Engine.ini]
[2019.11.22-00.09.10:857][  0]LogConfig: Setting CVar [[gc.MaxObjectsNotConsideredByGC:1]]
[2019.11.22-00.09.10:857][  0]LogConfig: Setting CVar [[gc.SizeOfPermanentObjectPool:0]]
[2019.11.22-00.09.10:857][  0]LogConfig: Setting CVar [[gc.FlushStreamingOnGC:0]]
[2019.11.22-00.09.10:857][  0]LogConfig: Setting CVar [[gc.NumRetriesBeforeForcingGC:10]]
[2019.11.22-00.09.10:857][  0]LogConfig: Setting CVar [[gc.AllowParallelGC:1]]
[2019.11.22-00.09.10:857][  0]LogConfig: Setting CVar [[gc.TimeBetweenPurgingPendingKillObjects:61.1]]
[2019.11.22-00.09.10:857][  0]LogConfig: Setting CVar [[gc.MaxObjectsInEditor:16777216]]
[2019.11.22-00.09.10:857][  0]LogConfig: Setting CVar [[gc.IncrementalBeginDestroyEnabled:1]]
[2019.11.22-00.09.10:857][  0]LogConfig: Setting CVar [[gc.CreateGCClusters:1]]
[2019.11.22-00.09.10:857][  0]LogConfig: Setting CVar [[gc.MinGCClusterSize:5]]
[2019.11.22-00.09.10:858][  0]LogConfig: Setting CVar [[gc.ActorClusteringEnabled:0]]
[2019.11.22-00.09.10:858][  0]LogConfig: Setting CVar [[gc.BlueprintClusteringEnabled:0]]
[2019.11.22-00.09.10:858][  0]LogConfig: Setting CVar [[gc.UseDisregardForGCOnDedicatedServers:0]]
[2019.11.22-00.09.10:858][  0]LogConfig: Applying CVar settings from Section [/Script/Engine.NetworkSettings] File [C:/Users/W207542133/Desktop/WAR/WAR/Saved/Config/Windows/Engine.ini]
[2019.11.22-00.09.10:858][  0]LogConfig: Applying CVar settings from Section [/Script/UnrealEd.CookerSettings] File [C:/Users/W207542133/Desktop/WAR/WAR/Saved/Config/Windows/Engine.ini]
[2019.11.22-00.09.10:859][  0]LogConfig: Applying CVar settings from Section [ViewDistanceQuality@3] File [C:/Users/W207542133/Desktop/WAR/WAR/Saved/Config/Windows/Scalability.ini]
[2019.11.22-00.09.10:859][  0]LogConfig: Setting CVar [[r.SkeletalMeshLODBias:0]]
[2019.11.22-00.09.10:859][  0]LogConfig: Setting CVar [[r.ViewDistanceScale:1.0]]
[2019.11.22-00.09.10:859][  0]LogConfig: Applying CVar settings from Section [AntiAliasingQuality@3] File [C:/Users/W207542133/Desktop/WAR/WAR/Saved/Config/Windows/Scalability.ini]
[2019.11.22-00.09.10:859][  0]LogConfig: Setting CVar [[r.PostProcessAAQuality:4]]
[2019.11.22-00.09.10:859][  0]LogConfig: Applying CVar settings from Section [ShadowQuality@3] File [C:/Users/W207542133/Desktop/WAR/WAR/Saved/Config/Windows/Scalability.ini]
[2019.11.22-00.09.10:859][  0]LogConfig: Setting CVar [[r.LightFunctionQuality:1]]
[2019.11.22-00.09.10:859][  0]LogConfig: Setting CVar [[r.ShadowQuality:5]]
[2019.11.22-00.09.10:859][  0]LogConfig: Setting CVar [[r.Shadow.CSM.MaxCascades:10]]
[2019.11.22-00.09.10:859][  0]LogConfig: Setting CVar [[r.Shadow.MaxResolution:2048]]
[2019.11.22-00.09.10:859][  0]LogConfig: Setting CVar [[r.Shadow.MaxCSMResolution:2048]]
[2019.11.22-00.09.10:859][  0]LogConfig: Setting CVar [[r.Shadow.RadiusThreshold:0.01]]
[2019.11.22-00.09.10:859][  0]LogConfig: Setting CVar [[r.Shadow.DistanceScale:1.0]]
[2019.11.22-00.09.10:859][  0]LogConfig: Setting CVar [[r.Shadow.CSM.TransitionScale:1.0]]
[2019.11.22-00.09.10:859][  0]LogConfig: Setting CVar [[r.Shadow.PreShadowResolutionFactor:1.0]]
[2019.11.22-00.09.10:859][  0]LogConfig: Setting CVar [[r.DistanceFieldShadowing:1]]
[2019.11.22-00.09.10:859][  0]LogConfig: Setting CVar [[r.DistanceFieldAO:1]]
[2019.11.22-00.09.10:859][  0]LogConfig: Setting CVar [[r.AOQuality:2]]
[2019.11.22-00.09.10:860][  0]LogConfig: Setting CVar [[r.VolumetricFog:1]]
[2019.11.22-00.09.10:860][  0]LogConfig: Setting CVar [[r.VolumetricFog.GridPixelSize:8]]
[2019.11.22-00.09.10:860][  0]LogConfig: Setting CVar [[r.VolumetricFog.GridSizeZ:128]]
[2019.11.22-00.09.10:860][  0]LogConfig: Setting CVar [[r.VolumetricFog.HistoryMissSupersampleCount:4]]
[2019.11.22-00.09.10:860][  0]LogConfig: Setting CVar [[r.LightMaxDrawDistanceScale:1]]
[2019.11.22-00.09.10:860][  0]LogConfig: Setting CVar [[r.CapsuleShadows:1]]
[2019.11.22-00.09.10:860][  0]LogConfig: Applying CVar settings from Section [PostProcessQuality@3] File [C:/Users/W207542133/Desktop/WAR/WAR/Saved/Config/Windows/Scalability.ini]
[2019.11.22-00.09.10:860][  0]LogConfig: Setting CVar [[r.MotionBlurQuality:4]]
[2019.11.22-00.09.10:860][  0]LogConfig: Setting CVar [[r.AmbientOcclusionMipLevelFactor:0.4]]
[2019.11.22-00.09.10:860][  0]LogConfig: Setting CVar [[r.AmbientOcclusionMaxQuality:100]]
[2019.11.22-00.09.10:860][  0]LogConfig: Setting CVar [[r.AmbientOcclusionLevels:-1]]
[2019.11.22-00.09.10:860][  0]LogConfig: Setting CVar [[r.AmbientOcclusionRadiusScale:1.0]]
[2019.11.22-00.09.10:860][  0]LogConfig: Setting CVar [[r.DepthOfFieldQuality:2]]
[2019.11.22-00.09.10:860][  0]LogConfig: Setting CVar [[r.RenderTargetPoolMin:400]]
[2019.11.22-00.09.10:860][  0]LogConfig: Setting CVar [[r.LensFlareQuality:2]]
[2019.11.22-00.09.10:860][  0]LogConfig: Setting CVar [[r.SceneColorFringeQuality:1]]
[2019.11.22-00.09.10:860][  0]LogConfig: Setting CVar [[r.EyeAdaptationQuality:2]]
[2019.11.22-00.09.10:860][  0]LogConfig: Setting CVar [[r.BloomQuality:5]]
[2019.11.22-00.09.10:860][  0]LogConfig: Setting CVar [[r.FastBlurThreshold:100]]
[2019.11.22-00.09.10:860][  0]LogConfig: Setting CVar [[r.Upscale.Quality:3]]
[2019.11.22-00.09.10:860][  0]LogConfig: Setting CVar [[r.Tonemapper.GrainQuantization:1]]
[2019.11.22-00.09.10:860][  0]LogConfig: Setting CVar [[r.LightShaftQuality:1]]
[2019.11.22-00.09.10:860][  0]LogConfig: Setting CVar [[r.Filter.SizeScale:1]]
[2019.11.22-00.09.10:860][  0]LogConfig: Setting CVar [[r.Tonemapper.Quality:5]]
[2019.11.22-00.09.10:860][  0]LogConfig: Setting CVar [[r.DOF.Gather.AccumulatorQuality:1        ; higher gathering accumulator quality]]
[2019.11.22-00.09.10:860][  0]LogConfig: Setting CVar [[r.DOF.Gather.PostfilterMethod:1          ; Median3x3 postfilering method]]
[2019.11.22-00.09.10:860][  0]LogConfig: Setting CVar [[r.DOF.Gather.EnableBokehSettings:0       ; no bokeh simulation when gathering]]
[2019.11.22-00.09.10:860][  0]LogConfig: Setting CVar [[r.DOF.Gather.RingCount:4                 ; medium number of samples when gathering]]
[2019.11.22-00.09.10:860][  0]LogConfig: Setting CVar [[r.DOF.Scatter.ForegroundCompositing:1    ; additive foreground scattering]]
[2019.11.22-00.09.10:860][  0]LogConfig: Setting CVar [[r.DOF.Scatter.BackgroundCompositing:2    ; additive background scattering]]
[2019.11.22-00.09.10:860][  0]LogConfig: Setting CVar [[r.DOF.Scatter.EnableBokehSettings:1      ; bokeh simulation when scattering]]
[2019.11.22-00.09.10:860][  0]LogConfig: Setting CVar [[r.DOF.Scatter.MaxSpriteRatio:0.1         ; only a maximum of 10% of scattered bokeh]]
[2019.11.22-00.09.10:860][  0]LogConfig: Setting CVar [[r.DOF.Recombine.Quality:1                ; cheap slight out of focus]]
[2019.11.22-00.09.10:860][  0]LogConfig: Setting CVar [[r.DOF.Recombine.EnableBokehSettings:0    ; no bokeh simulation on slight out of focus]]
[2019.11.22-00.09.10:860][  0]LogConfig: Setting CVar [[r.DOF.TemporalAAQuality:1                ; more stable temporal accumulation]]
[2019.11.22-00.09.10:860][  0]LogConfig: Setting CVar [[r.DOF.Kernel.MaxForegroundRadius:0.025]]
[2019.11.22-00.09.10:860][  0]LogConfig: Setting CVar [[r.DOF.Kernel.MaxBackgroundRadius:0.025]]
[2019.11.22-00.09.10:860][  0]LogConfig: Applying CVar settings from Section [TextureQuality@3] File [C:/Users/W207542133/Desktop/WAR/WAR/Saved/Config/Windows/Scalability.ini]
[2019.11.22-00.09.10:860][  0]LogConfig: Setting CVar [[r.Streaming.MipBias:0]]
[2019.11.22-00.09.10:860][  0]LogConfig: Setting CVar [[r.Streaming.AmortizeCPUToGPUCopy:0]]
[2019.11.22-00.09.10:860][  0]LogConfig: Setting CVar [[r.Streaming.MaxNumTexturesToStreamPerFrame:0]]
[2019.11.22-00.09.10:860][  0]LogConfig: Setting CVar [[r.Streaming.Boost:1]]
[2019.11.22-00.09.10:860][  0]LogConfig: Setting CVar [[r.MaxAnisotropy:8]]
[2019.11.22-00.09.10:860][  0]LogConfig: Setting CVar [[r.Streaming.LimitPoolSizeToVRAM:0]]
[2019.11.22-00.09.10:860][  0]LogConfig: Setting CVar [[r.Streaming.PoolSize:1000]]
[2019.11.22-00.09.10:860][  0]LogConfig: Setting CVar [[r.Streaming.MaxEffectiveScreenSize:0]]
[2019.11.22-00.09.10:860][  0]LogConfig: Applying CVar settings from Section [EffectsQuality@3] File [C:/Users/W207542133/Desktop/WAR/WAR/Saved/Config/Windows/Scalability.ini]
[2019.11.22-00.09.10:860][  0]LogConfig: Setting CVar [[r.TranslucencyLightingVolumeDim:64]]
[2019.11.22-00.09.10:860][  0]LogConfig: Setting CVar [[r.RefractionQuality:2]]
[2019.11.22-00.09.10:860][  0]LogConfig: Setting CVar [[r.SSR.Quality:3]]
[2019.11.22-00.09.10:860][  0]LogConfig: Setting CVar [[r.SceneColorFormat:4]]
[2019.11.22-00.09.10:860][  0]LogConfig: Setting CVar [[r.DetailMode:2]]
[2019.11.22-00.09.10:860][  0]LogConfig: Setting CVar [[r.TranslucencyVolumeBlur:1]]
[2019.11.22-00.09.10:860][  0]LogConfig: Setting CVar [[r.MaterialQualityLevel:1 ; High quality]]
[2019.11.22-00.09.10:860][  0]LogConfig: Setting CVar [[r.SSS.Scale:1]]
[2019.11.22-00.09.10:860][  0]LogConfig: Setting CVar [[r.SSS.SampleSet:2]]
[2019.11.22-00.09.10:860][  0]LogConfig: Setting CVar [[r.SSS.Quality:1]]
[2019.11.22-00.09.10:860][  0]LogConfig: Setting CVar [[r.SSS.HalfRes:1]]
[2019.11.22-00.09.10:860][  0]LogConfig: Setting CVar [[r.EmitterSpawnRateScale:1.0]]
[2019.11.22-00.09.10:860][  0]LogConfig: Setting CVar [[r.ParticleLightQuality:2]]
[2019.11.22-00.09.10:860][  0]LogConfig: Applying CVar settings from Section [FoliageQuality@3] File [C:/Users/W207542133/Desktop/WAR/WAR/Saved/Config/Windows/Scalability.ini]
[2019.11.22-00.09.10:860][  0]LogConfig: Setting CVar [[foliage.DensityScale:1.0]]
[2019.11.22-00.09.10:860][  0]LogConfig: Setting CVar [[grass.DensityScale:1.0]]
[2019.11.22-00.09.10:860][  0]LogInit: Selected Device Profile: [Windows]
[2019.11.22-00.09.10:860][  0]LogInit: Applying CVar settings loaded from the selected device profile: [Windows]
[2019.11.22-00.09.10:914][  0]LogConfig: Warning: Failed to saved backup for config[../../../../Users/W207542133/Desktop/WAR/WAR/Intermediate/Config/CoalescedSourceConfigs/DeviceProfiles.ini]
[2019.11.22-00.09.10:917][  0]LogHAL: Display: Platform has ~ 16 GB [17119154176 / 17179869184 / 16], which maps to Larger [LargestMinGB=32, LargerMinGB=12, DefaultMinGB=8, SmallerMinGB=6, SmallestMinGB=0)
[2019.11.22-00.09.10:917][  0]LogConfig: Setting CVar [[r.Vulkan.UseRealUBs:0		; Required until we fix HLR fall-out]]
[2019.11.22-00.09.10:917][  0]LogInit: Going up to parent DeviceProfile []
[2019.11.22-00.09.10:917][  0]LogConfig: Applying CVar settings from Section [ViewDistanceQuality@3] File [C:/Users/W207542133/Desktop/WAR/WAR/Saved/Config/Windows/Scalability.ini]
[2019.11.22-00.09.10:917][  0]LogConfig: Setting CVar [[r.SkeletalMeshLODBias:0]]
[2019.11.22-00.09.10:917][  0]LogConfig: Setting CVar [[r.ViewDistanceScale:1.0]]
[2019.11.22-00.09.10:917][  0]LogConfig: Applying CVar settings from Section [AntiAliasingQuality@3] File [C:/Users/W207542133/Desktop/WAR/WAR/Saved/Config/Windows/Scalability.ini]
[2019.11.22-00.09.10:917][  0]LogConfig: Setting CVar [[r.PostProcessAAQuality:4]]
[2019.11.22-00.09.10:917][  0]LogConfig: Applying CVar settings from Section [ShadowQuality@3] File [C:/Users/W207542133/Desktop/WAR/WAR/Saved/Config/Windows/Scalability.ini]
[2019.11.22-00.09.10:917][  0]LogConfig: Setting CVar [[r.LightFunctionQuality:1]]
[2019.11.22-00.09.10:917][  0]LogConfig: Setting CVar [[r.ShadowQuality:5]]
[2019.11.22-00.09.10:917][  0]LogConfig: Setting CVar [[r.Shadow.CSM.MaxCascades:10]]
[2019.11.22-00.09.10:917][  0]LogConfig: Setting CVar [[r.Shadow.MaxResolution:2048]]
[2019.11.22-00.09.10:917][  0]LogConfig: Setting CVar [[r.Shadow.MaxCSMResolution:2048]]
[2019.11.22-00.09.10:917][  0]LogConfig: Setting CVar [[r.Shadow.RadiusThreshold:0.01]]
[2019.11.22-00.09.10:917][  0]LogConfig: Setting CVar [[r.Shadow.DistanceScale:1.0]]
[2019.11.22-00.09.10:918][  0]LogConfig: Setting CVar [[r.Shadow.CSM.TransitionScale:1.0]]
[2019.11.22-00.09.10:918][  0]LogConfig: Setting CVar [[r.Shadow.PreShadowResolutionFactor:1.0]]
[2019.11.22-00.09.10:918][  0]LogConfig: Setting CVar [[r.DistanceFieldShadowing:1]]
[2019.11.22-00.09.10:918][  0]LogConfig: Setting CVar [[r.DistanceFieldAO:1]]
[2019.11.22-00.09.10:918][  0]LogConfig: Setting CVar [[r.AOQuality:2]]
[2019.11.22-00.09.10:918][  0]LogConfig: Setting CVar [[r.VolumetricFog:1]]
[2019.11.22-00.09.10:918][  0]LogConfig: Setting CVar [[r.VolumetricFog.GridPixelSize:8]]
[2019.11.22-00.09.10:918][  0]LogConfig: Setting CVar [[r.VolumetricFog.GridSizeZ:128]]
[2019.11.22-00.09.10:918][  0]LogConfig: Setting CVar [[r.VolumetricFog.HistoryMissSupersampleCount:4]]
[2019.11.22-00.09.10:918][  0]LogConfig: Setting CVar [[r.LightMaxDrawDistanceScale:1]]
[2019.11.22-00.09.10:918][  0]LogConfig: Setting CVar [[r.CapsuleShadows:1]]
[2019.11.22-00.09.10:918][  0]LogConfig: Applying CVar settings from Section [PostProcessQuality@3] File [C:/Users/W207542133/Desktop/WAR/WAR/Saved/Config/Windows/Scalability.ini]
[2019.11.22-00.09.10:918][  0]LogConfig: Setting CVar [[r.MotionBlurQuality:4]]
[2019.11.22-00.09.10:918][  0]LogConfig: Setting CVar [[r.AmbientOcclusionMipLevelFactor:0.4]]
[2019.11.22-00.09.10:918][  0]LogConfig: Setting CVar [[r.AmbientOcclusionMaxQuality:100]]
[2019.11.22-00.09.10:918][  0]LogConfig: Setting CVar [[r.AmbientOcclusionLevels:-1]]
[2019.11.22-00.09.10:918][  0]LogConfig: Setting CVar [[r.AmbientOcclusionRadiusScale:1.0]]
[2019.11.22-00.09.10:918][  0]LogConfig: Setting CVar [[r.DepthOfFieldQuality:2]]
[2019.11.22-00.09.10:918][  0]LogConfig: Setting CVar [[r.RenderTargetPoolMin:400]]
[2019.11.22-00.09.10:918][  0]LogConfig: Setting CVar [[r.LensFlareQuality:2]]
[2019.11.22-00.09.10:918][  0]LogConfig: Setting CVar [[r.SceneColorFringeQuality:1]]
[2019.11.22-00.09.10:918][  0]LogConfig: Setting CVar [[r.EyeAdaptationQuality:2]]
[2019.11.22-00.09.10:918][  0]LogConfig: Setting CVar [[r.BloomQuality:5]]
[2019.11.22-00.09.10:918][  0]LogConfig: Setting CVar [[r.FastBlurThreshold:100]]
[2019.11.22-00.09.10:918][  0]LogConfig: Setting CVar [[r.Upscale.Quality:3]]
[2019.11.22-00.09.10:918][  0]LogConfig: Setting CVar [[r.Tonemapper.GrainQuantization:1]]
[2019.11.22-00.09.10:918][  0]LogConfig: Setting CVar [[r.LightShaftQuality:1]]
[2019.11.22-00.09.10:918][  0]LogConfig: Setting CVar [[r.Filter.SizeScale:1]]
[2019.11.22-00.09.10:918][  0]LogConfig: Setting CVar [[r.Tonemapper.Quality:5]]
[2019.11.22-00.09.10:918][  0]LogConfig: Setting CVar [[r.DOF.Gather.AccumulatorQuality:1        ; higher gathering accumulator quality]]
[2019.11.22-00.09.10:918][  0]LogConfig: Setting CVar [[r.DOF.Gather.PostfilterMethod:1          ; Median3x3 postfilering method]]
[2019.11.22-00.09.10:918][  0]LogConfig: Setting CVar [[r.DOF.Gather.EnableBokehSettings:0       ; no bokeh simulation when gathering]]
[2019.11.22-00.09.10:918][  0]LogConfig: Setting CVar [[r.DOF.Gather.RingCount:4                 ; medium number of samples when gathering]]
[2019.11.22-00.09.10:918][  0]LogConfig: Setting CVar [[r.DOF.Scatter.ForegroundCompositing:1    ; additive foreground scattering]]
[2019.11.22-00.09.10:918][  0]LogConfig: Setting CVar [[r.DOF.Scatter.BackgroundCompositing:2    ; additive background scattering]]
[2019.11.22-00.09.10:918][  0]LogConfig: Setting CVar [[r.DOF.Scatter.EnableBokehSettings:1      ; bokeh simulation when scattering]]
[2019.11.22-00.09.10:918][  0]LogConfig: Setting CVar [[r.DOF.Scatter.MaxSpriteRatio:0.1         ; only a maximum of 10% of scattered bokeh]]
[2019.11.22-00.09.10:918][  0]LogConfig: Setting CVar [[r.DOF.Recombine.Quality:1                ; cheap slight out of focus]]
[2019.11.22-00.09.10:918][  0]LogConfig: Setting CVar [[r.DOF.Recombine.EnableBokehSettings:0    ; no bokeh simulation on slight out of focus]]
[2019.11.22-00.09.10:918][  0]LogConfig: Setting CVar [[r.DOF.TemporalAAQuality:1                ; more stable temporal accumulation]]
[2019.11.22-00.09.10:918][  0]LogConfig: Setting CVar [[r.DOF.Kernel.MaxForegroundRadius:0.025]]
[2019.11.22-00.09.10:918][  0]LogConfig: Setting CVar [[r.DOF.Kernel.MaxBackgroundRadius:0.025]]
[2019.11.22-00.09.10:918][  0]LogConfig: Applying CVar settings from Section [TextureQuality@3] File [C:/Users/W207542133/Desktop/WAR/WAR/Saved/Config/Windows/Scalability.ini]
[2019.11.22-00.09.10:918][  0]LogConfig: Setting CVar [[r.Streaming.MipBias:0]]
[2019.11.22-00.09.10:918][  0]LogConfig: Setting CVar [[r.Streaming.AmortizeCPUToGPUCopy:0]]
[2019.11.22-00.09.10:919][  0]LogConfig: Setting CVar [[r.Streaming.MaxNumTexturesToStreamPerFrame:0]]
[2019.11.22-00.09.10:919][  0]LogConfig: Setting CVar [[r.Streaming.Boost:1]]
[2019.11.22-00.09.10:919][  0]LogConfig: Setting CVar [[r.MaxAnisotropy:8]]
[2019.11.22-00.09.10:919][  0]LogConfig: Setting CVar [[r.Streaming.LimitPoolSizeToVRAM:0]]
[2019.11.22-00.09.10:919][  0]LogConfig: Setting CVar [[r.Streaming.PoolSize:1000]]
[2019.11.22-00.09.10:919][  0]LogConfig: Setting CVar [[r.Streaming.MaxEffectiveScreenSize:0]]
[2019.11.22-00.09.10:919][  0]LogConfig: Applying CVar settings from Section [EffectsQuality@3] File [C:/Users/W207542133/Desktop/WAR/WAR/Saved/Config/Windows/Scalability.ini]
[2019.11.22-00.09.10:919][  0]LogConfig: Setting CVar [[r.TranslucencyLightingVolumeDim:64]]
[2019.11.22-00.09.10:919][  0]LogConfig: Setting CVar [[r.RefractionQuality:2]]
[2019.11.22-00.09.10:919][  0]LogConfig: Setting CVar [[r.SSR.Quality:3]]
[2019.11.22-00.09.10:919][  0]LogConfig: Setting CVar [[r.SceneColorFormat:4]]
[2019.11.22-00.09.10:919][  0]LogConfig: Setting CVar [[r.DetailMode:2]]
[2019.11.22-00.09.10:919][  0]LogConfig: Setting CVar [[r.TranslucencyVolumeBlur:1]]
[2019.11.22-00.09.10:919][  0]LogConfig: Setting CVar [[r.MaterialQualityLevel:1 ; High quality]]
[2019.11.22-00.09.10:919][  0]LogConfig: Setting CVar [[r.SSS.Scale:1]]
[2019.11.22-00.09.10:919][  0]LogConfig: Setting CVar [[r.SSS.SampleSet:2]]
[2019.11.22-00.09.10:919][  0]LogConfig: Setting CVar [[r.SSS.Quality:1]]
[2019.11.22-00.09.10:919][  0]LogConfig: Setting CVar [[r.SSS.HalfRes:1]]
[2019.11.22-00.09.10:919][  0]LogConfig: Setting CVar [[r.EmitterSpawnRateScale:1.0]]
[2019.11.22-00.09.10:919][  0]LogConfig: Setting CVar [[r.ParticleLightQuality:2]]
[2019.11.22-00.09.10:919][  0]LogConfig: Applying CVar settings from Section [FoliageQuality@3] File [C:/Users/W207542133/Desktop/WAR/WAR/Saved/Config/Windows/Scalability.ini]
[2019.11.22-00.09.10:919][  0]LogConfig: Setting CVar [[foliage.DensityScale:1.0]]
[2019.11.22-00.09.10:919][  0]LogConfig: Setting CVar [[grass.DensityScale:1.0]]
[2019.11.22-00.09.10:919][  0]LogConfig: Applying CVar settings from Section [Startup] File [../../../Engine/Config/ConsoleVariables.ini]
[2019.11.22-00.09.10:974][  0]LogConfig: Setting CVar [[net.UseAdaptiveNetUpdateFrequency:0]]
[2019.11.22-00.09.10:974][  0]LogConfig: Setting CVar [[p.chaos.AllowCreatePhysxBodies:1]]
[2019.11.22-00.09.10:974][  0]LogConfig: Applying CVar settings from Section [ConsoleVariables] File [C:/Users/W207542133/Desktop/WAR/WAR/Saved/Config/Windows/Engine.ini]
[2019.11.22-00.09.10:974][  0]LogInit: Computer: SW-WLC124-09
[2019.11.22-00.09.10:974][  0]LogInit: User: W207542133
[2019.11.22-00.09.10:974][  0]LogInit: CPU Page size=4096, Cores=4
[2019.11.22-00.09.10:974][  0]LogInit: High frequency timer resolution =3.312655 MHz
[2019.11.22-00.09.10:975][  0]LogMemory: Memory total: Physical=15.9GB (16GB approx)
[2019.11.22-00.09.10:975][  0]LogMemory: Platform Memory Stats for Windows
[2019.11.22-00.09.10:975][  0]LogMemory: Process Physical Memory: 96.75 MB used, 96.75 MB peak
[2019.11.22-00.09.10:975][  0]LogMemory: Process Virtual Memory: 92.93 MB used, 92.93 MB peak
[2019.11.22-00.09.10:975][  0]LogMemory: Physical Memory: 4406.98 MB used,  11919.12 MB free, 16326.10 MB total
[2019.11.22-00.09.10:975][  0]LogMemory: Virtual Memory: 532.30 MB used,  134217192.00 MB free, 134217728.00 MB total
[2019.11.22-00.09.11:132][  0]LogInit: Using OS detected language (en-US).
[2019.11.22-00.09.11:132][  0]LogInit: Using OS detected locale (en-US).
[2019.11.22-00.09.11:263][  0]LogTextLocalizationManager: No specific localization for 'en-US' exists, so the 'en' localization will be used.
[2019.11.22-00.09.14:987][  0]LogInit: Setting process to per monitor DPI aware
[2019.11.22-00.09.15:680][  0]LogSlate: New Slate User Created.  User Index 0, Is Virtual User: 0
[2019.11.22-00.09.15:680][  0]LogSlate: Slate User Registered.  User Index 0, Is Virtual User: 0
[2019.11.22-00.09.22:014][  0]LogHMD: Failed to initialize OpenVR with code 110
[2019.11.22-00.09.22:014][  0]LogD3D11RHI: D3D11 adapters:
[2019.11.22-00.09.22:043][  0]LogD3D11RHI:    0. 'AMD Radeon HD 8570' (Feature Level 11_0)
[2019.11.22-00.09.22:043][  0]LogD3D11RHI:       1005/0/8163 MB DedicatedVideo/DedicatedSystem/SharedSystem, Outputs:1, VendorId:0x1002
[2019.11.22-00.09.22:044][  0]LogD3D11RHI:    1. 'Microsoft Basic Render Driver' (Feature Level 11_0)
[2019.11.22-00.09.22:044][  0]LogD3D11RHI:       0/0/8163 MB DedicatedVideo/DedicatedSystem/SharedSystem, Outputs:0, VendorId:0x1414
[2019.11.22-00.09.22:044][  0]LogD3D11RHI: Chosen D3D11 Adapter: 0
[2019.11.22-00.09.22:058][  0]LogD3D11RHI: Creating new Direct3DDevice
[2019.11.22-00.09.22:058][  0]LogD3D11RHI:     GPU DeviceId: 0x6611 (for the marketing name, search the web for "GPU Device Id")
[2019.11.22-00.09.22:058][  0]LogWindows: EnumDisplayDevices:
[2019.11.22-00.09.22:058][  0]LogWindows:    0. 'AMD Radeon HD 8570' (P:1 D:1)
[2019.11.22-00.09.22:059][  0]LogWindows:    1. 'AMD Radeon HD 8570' (P:0 D:0)
[2019.11.22-00.09.22:059][  0]LogWindows: DebugString: FoundDriverCount:2 
[2019.11.22-00.09.22:059][  0]LogD3D11RHI:     Adapter Name: AMD Radeon HD 8570
[2019.11.22-00.09.22:059][  0]LogD3D11RHI:   Driver Version: Crimson 16.6 (internal:21.19.144.32768, unified:21.19.144.32768)
[2019.11.22-00.09.22:059][  0]LogD3D11RHI:      Driver Date: 10-25-2016
[2019.11.22-00.09.22:059][  0]LogRHI: Texture pool is 703 MB (70% of 1005 MB)
[2019.11.22-00.09.22:132][  0]LogD3D11RHI: Async texture creation enabled
[2019.11.22-00.09.22:138][  0]LogRendererCore: FGlobalReadBuffer::InitRHI
[2019.11.22-00.09.22:139][  0]LogRendererCore: FGlobalReadBuffer::InitRHI
[2019.11.22-00.09.22:139][  0]LogRendererCore: FGlobalReadBuffer::InitRHI
[2019.11.22-00.09.22:147][  0]LogD3D11RHI: GPU Timing Frequency: 27.000000 (Debug: 2 1)
[2019.11.22-00.09.25:368][  0]LogTemp: Display: Module 'AllDesktopTargetPlatform' loaded TargetPlatform 'AllDesktop'
[2019.11.22-00.09.25:390][  0]LogTemp: Display: Module 'MacClientTargetPlatform' loaded TargetPlatform 'MacClient'
[2019.11.22-00.09.25:409][  0]LogTemp: Display: Module 'MacNoEditorTargetPlatform' loaded TargetPlatform 'MacNoEditor'
[2019.11.22-00.09.25:432][  0]LogTemp: Display: Module 'MacServerTargetPlatform' loaded TargetPlatform 'MacServer'
[2019.11.22-00.09.25:449][  0]LogTemp: Display: Module 'MacTargetPlatform' loaded TargetPlatform 'Mac'
[2019.11.22-00.09.25:466][  0]LogTemp: Display: Module 'WindowsClientTargetPlatform' loaded TargetPlatform 'WindowsClient'
[2019.11.22-00.09.25:490][  0]LogTemp: Display: Module 'WindowsNoEditorTargetPlatform' loaded TargetPlatform 'WindowsNoEditor'
[2019.11.22-00.09.25:514][  0]LogTemp: Display: Module 'WindowsServerTargetPlatform' loaded TargetPlatform 'WindowsServer'
[2019.11.22-00.09.25:522][  0]LogTemp: Display: Module 'WindowsTargetPlatform' loaded TargetPlatform 'Windows'
[2019.11.22-00.09.25:616][  0]LogTemp: Display: Module 'AndroidTargetPlatform' loaded TargetPlatform 'Android'
[2019.11.22-00.09.25:616][  0]LogTemp: Display: Module 'AndroidTargetPlatform' loaded TargetPlatform 'Android_ASTC'
[2019.11.22-00.09.25:616][  0]LogTemp: Display: Module 'AndroidTargetPlatform' loaded TargetPlatform 'Android_ATC'
[2019.11.22-00.09.25:616][  0]LogTemp: Display: Module 'AndroidTargetPlatform' loaded TargetPlatform 'Android_DXT'
[2019.11.22-00.09.25:616][  0]LogTemp: Display: Module 'AndroidTargetPlatform' loaded TargetPlatform 'Android_ETC1'
[2019.11.22-00.09.25:616][  0]LogTemp: Display: Module 'AndroidTargetPlatform' loaded TargetPlatform 'Android_ETC1a'
[2019.11.22-00.09.25:616][  0]LogTemp: Display: Module 'AndroidTargetPlatform' loaded TargetPlatform 'Android_ETC2'
[2019.11.22-00.09.25:616][  0]LogTemp: Display: Module 'AndroidTargetPlatform' loaded TargetPlatform 'Android_PVRTC'
[2019.11.22-00.09.25:616][  0]LogTemp: Display: Module 'AndroidTargetPlatform' loaded TargetPlatform 'AndroidClient'
[2019.11.22-00.09.25:616][  0]LogTemp: Display: Module 'AndroidTargetPlatform' loaded TargetPlatform 'Android_ASTCClient'
[2019.11.22-00.09.25:616][  0]LogTemp: Display: Module 'AndroidTargetPlatform' loaded TargetPlatform 'Android_ATCClient'
[2019.11.22-00.09.25:617][  0]LogTemp: Display: Module 'AndroidTargetPlatform' loaded TargetPlatform 'Android_DXTClient'
[2019.11.22-00.09.25:617][  0]LogTemp: Display: Module 'AndroidTargetPlatform' loaded TargetPlatform 'Android_ETC1Client'
[2019.11.22-00.09.25:617][  0]LogTemp: Display: Module 'AndroidTargetPlatform' loaded TargetPlatform 'Android_ETC1aClient'
[2019.11.22-00.09.25:617][  0]LogTemp: Display: Module 'AndroidTargetPlatform' loaded TargetPlatform 'Android_ETC2Client'
[2019.11.22-00.09.25:617][  0]LogTemp: Display: Module 'AndroidTargetPlatform' loaded TargetPlatform 'Android_PVRTCClient'
[2019.11.22-00.09.25:617][  0]LogTemp: Display: Module 'AndroidTargetPlatform' loaded TargetPlatform 'Android_Multi'
[2019.11.22-00.09.25:617][  0]LogTemp: Display: Module 'AndroidTargetPlatform' loaded TargetPlatform 'Android_MultiClient'
[2019.11.22-00.09.25:619][  0]LogTemp: Display: Module 'HTML5TargetPlatform' loaded TargetPlatform 'HTML5'
[2019.11.22-00.09.25:682][  0]LogTemp: Display: Module 'IOSTargetPlatform' loaded TargetPlatform 'IOSClient'
[2019.11.22-00.09.25:682][  0]LogTemp: Display: Module 'IOSTargetPlatform' loaded TargetPlatform 'IOS'
[2019.11.22-00.09.25:711][  0]LogTemp: Display: Module 'TVOSTargetPlatform' loaded TargetPlatform 'TVOSClient'
[2019.11.22-00.09.25:711][  0]LogTemp: Display: Module 'TVOSTargetPlatform' loaded TargetPlatform 'TVOS'
[2019.11.22-00.09.25:730][  0]LogTemp: Display: Module 'LinuxClientTargetPlatform' loaded TargetPlatform 'LinuxClient'
[2019.11.22-00.09.25:745][  0]LogTemp: Display: Module 'LinuxNoEditorTargetPlatform' loaded TargetPlatform 'LinuxNoEditor'
[2019.11.22-00.09.25:759][  0]LogTemp: Display: Module 'LinuxServerTargetPlatform' loaded TargetPlatform 'LinuxServer'
[2019.11.22-00.09.25:782][  0]LogTemp: Display: Module 'LinuxTargetPlatform' loaded TargetPlatform 'Linux'
[2019.11.22-00.09.25:840][  0]LogTemp: Display: Module 'LuminTargetPlatform' loaded TargetPlatform 'Lumin'
[2019.11.22-00.09.25:840][  0]LogTemp: Display: Module 'LuminTargetPlatform' loaded TargetPlatform 'LuminClient'
[2019.11.22-00.09.25:840][  0]LogTargetPlatformManager: Display: Building Assets For Windows
[2019.11.22-00.09.25:853][  0]LogAudioDebug: Display: Lib vorbis DLL was dynamically loaded.
[2019.11.22-00.09.25:933][  0]LogShaderCompilers: Guid format shader working directory is 6 characters bigger than the processId version (../../../../Users/W207542133/Desktop/WAR/WAR/Intermediate/Shaders/WorkingDirectory/12556/).
[2019.11.22-00.09.25:933][  0]LogShaderCompilers: Cleaned the shader compiler working directory 'C:/Users/W207542133/AppData/Local/Temp/UnrealShaderWorkingDir/F045AEDA448B7032C5DB45AFD68B9745/'.
[2019.11.22-00.09.25:937][  0]LogXGEController: Cleaning working directory: C:/Users/W207542133/AppData/Local/Temp/UnrealXGEWorkingDir/
[2019.11.22-00.09.25:949][  0]LogShaderCompilers: Display: Using XGE Shader Compiler (Interception Interface).
[2019.11.22-00.09.36:929][  0]LogDerivedDataCache: Display: Max Cache Size: 512 MB
[2019.11.22-00.09.38:991][  0]LogDerivedDataCache: Loaded boot cache 2.06s 71MB C:/Users/W207542133/AppData/Local/UnrealEngine/4.22/DerivedDataCache/Boot.ddc.
[2019.11.22-00.09.38:991][  0]LogDerivedDataCache: Display: Loaded Boot cache: C:/Users/W207542133/AppData/Local/UnrealEngine/4.22/DerivedDataCache/Boot.ddc
[2019.11.22-00.09.38:991][  0]LogDerivedDataCache: FDerivedDataBackendGraph:  Pak pak cache file ../../../../Users/W207542133/Desktop/WAR/WAR/DerivedDataCache/DDC.ddp not found, will not use a pak cache.
[2019.11.22-00.09.38:991][  0]LogDerivedDataCache: Unable to find inner node Pak for hierarchical cache Hierarchy.
[2019.11.22-00.09.38:991][  0]LogDerivedDataCache: FDerivedDataBackendGraph:  CompressedPak pak cache file ../../../../Users/W207542133/Desktop/WAR/WAR/DerivedDataCache/Compressed.ddp not found, will not use a pak cache.
[2019.11.22-00.09.38:991][  0]LogDerivedDataCache: Unable to find inner node CompressedPak for hierarchical cache Hierarchy.
[2019.11.22-00.09.39:043][  0]LogDerivedDataCache: Display: Pak cache opened for reading ../../../Engine/DerivedDataCache/Compressed.ddp.
[2019.11.22-00.09.39:043][  0]LogDerivedDataCache: FDerivedDataBackendGraph:  EnterprisePak pak cache file ../../../Enterprise/DerivedDataCache/Compressed.ddp not found, will not use a pak cache.
[2019.11.22-00.09.39:043][  0]LogDerivedDataCache: Unable to find inner node EnterprisePak for hierarchical cache Hierarchy.
[2019.11.22-00.09.39:058][  0]LogDerivedDataCache: Using Local data cache path C:/Users/W207542133/AppData/Local/UnrealEngine/Common/DerivedDataCache: Writable
[2019.11.22-00.09.39:058][  0]LogDerivedDataCache: Shared data cache path not found in *engine.ini, will not use an Shared cache.
[2019.11.22-00.09.39:058][  0]LogDerivedDataCache: Unable to find inner node Shared for hierarchical cache Hierarchy.
[2019.11.22-00.09.39:087][  0]LogMaterial: Verifying Global Shaders for PCD3D_SM5
[2019.11.22-00.09.39:089][  0]LogSlate: Using FreeType 2.6.0
[2019.11.22-00.09.39:157][  0]LogSlate: SlateFontServices - WITH_FREETYPE: 1, WITH_HARFBUZZ: 1
[2019.11.22-00.09.43:341][  0]LogAssetRegistry: FAssetRegistry took 0.0438 seconds to start up
[2019.11.22-00.09.43:988][  0]LogInit: Selected Device Profile: [Windows]
[2019.11.22-00.09.47:353][  0]LogMeshReduction: Using QuadricMeshReduction for automatic static mesh reduction
[2019.11.22-00.09.47:353][  0]LogMeshReduction: Using SimplygonMeshReduction for automatic skeletal mesh reduction
[2019.11.22-00.09.47:353][  0]LogMeshReduction: Using ProxyLODMeshReduction for automatic mesh merging
[2019.11.22-00.09.47:353][  0]LogMeshReduction: No distributed automatic mesh merging module available
[2019.11.22-00.09.47:354][  0]LogMeshMerging: No distributed automatic mesh merging module available
[2019.11.22-00.09.48:800][  0]LogNetVersion: WAR 1.0.0, NetCL: 5660361, EngineNetVer: 10, GameNetVer: 0 (Checksum: 973192997)
[2019.11.22-00.10.04:821][  0]LogAssetRegistry: Error: Failed to open file for write ../../../../Users/W207542133/Desktop/WAR/WAR/Intermediate/AssetRegistryCache/2657c409.bin
[2019.11.22-00.10.04:825][  0]LogAssetRegistry: Error: Failed to open file for write ../../../../Users/W207542133/Desktop/WAR/WAR/Intermediate/AssetRegistryCache/866581fd.bin
[2019.11.22-00.10.04:938][  0]LogAssetRegistry: Error: Failed to open file for write ../../../../Users/W207542133/Desktop/WAR/WAR/Intermediate/AssetRegistryCache/52ed2538.bin
[2019.11.22-00.10.04:988][  0]LogPackageLocalizationCache: Processed 10 localized package path(s) for 1 prioritized culture(s) in 0.171040 seconds
[2019.11.22-00.10.04:997][  0]LogUObjectArray: 42205 objects as part of root set at end of initial load.
[2019.11.22-00.10.04:997][  0]LogUObjectAllocator: 7325032 out of 0 bytes used by permanent object pool.
[2019.11.22-00.10.04:997][  0]LogUObjectArray: CloseDisregardForGC: 0/0 objects in disregard for GC pool
[2019.11.22-00.10.59:308][  0]LogTcpMessaging: Initializing TcpMessaging bridge
[2019.11.22-00.10.59:323][  0]LogUdpMessaging: Initializing bridge on interface 0.0.0.0:0 to multicast group 230.0.0.1:6666.
[2019.11.22-00.10.59:723][  0]SourceControl: Source control is disabled
[2019.11.22-00.10.59:723][  0]SourceControl: Source control is disabled
[2019.11.22-00.10.59:726][  0]SourceControl: Source control is disabled
[2019.11.22-00.10.59:728][  0]SourceControl: Source control is disabled
[2019.11.22-00.11.00:006][  0]LogConfig: Warning: Failed to saved backup for config[../../../../Users/W207542133/Desktop/WAR/WAR/Intermediate/Config/CoalescedSourceConfigs/Encryption.ini]
[2019.11.22-00.11.00:500][  0]LogAndroidPermission: UAndroidPermissionCallbackProxy::GetInstance
[2019.11.22-00.11.00:577][  0]LogOcInput: OculusInput pre-init called
[2019.11.22-00.11.03:137][  0]LogEngine: Initializing Engine...
[2019.11.22-00.11.03:138][  0]LogHMD: Failed to initialize OpenVR with code 110
[2019.11.22-00.11.03:139][  0]LogStats: UGameplayTagsManager::InitializeManager -  0.000 s
[2019.11.22-00.11.04:928][  0]LogInit: Initializing FReadOnlyCVARCache
[2019.11.22-00.11.04:970][  0]LogAIModule: Creating AISystem for world Untitled
[2019.11.22-00.11.04:979][  0]LogInit: XAudio2 using 'Speakers / Headphones (Realtek High Definition Audio)' : 2 channels at 48 kHz using 32 bits per sample (channel mask 0x3)
[2019.11.22-00.11.05:279][  0]LogInit: FAudioDevice initialized.
[2019.11.22-00.11.05:280][  0]LogNetVersion: Set ProjectVersion to 1.0.0.0. Version Checksum will be recalculated on next use.
[2019.11.22-00.11.05:288][  0]LogDerivedDataCache: Error: Could not save memory cache C:/Users/W207542133/AppData/Local/UnrealEngine/4.22/DerivedDataCache/Boot.ddc.
[2019.11.22-00.11.05:289][  0]LogInit: Texture streaming: Enabled
[2019.11.22-00.11.05:332][  0]LogEngineSessionManager: EngineSessionManager initialized
[2019.11.22-00.11.05:403][  0]LogInit: Transaction tracking system initialized
[2019.11.22-00.11.05:469][  0]BlueprintLog: New page: Editor Load
[2019.11.22-00.11.05:707][  0]LocalizationService: Localization service is disabled
[2019.11.22-00.11.13:081][  0]LogCook: Display: Max memory allowance for cook 16384mb min free memory 0mb
[2019.11.22-00.11.13:081][  0]LogCook: Display: Mobile HDR setting 1
[2019.11.22-00.11.13:904][  0]LogFileCache: Scanning file cache for directory 'C:/Users/W207542133/Desktop/WAR/WAR/Content/' took 0.15s
[2019.11.22-00.11.20:244][  0]SourceControl: Source control is disabled
[2019.11.22-00.11.20:244][  0]Cmd: MAP LOAD FILE="../../../../Users/W207542133/Desktop/WAR/WAR/Content/WAR/WAR_hill.umap" TEMPLATE=0 SHOWPROGRESS=1 FEATURELEVEL=3
[2019.11.22-00.11.20:308][  0]LightingResults: New page: Lighting Build
[2019.11.22-00.11.20:315][  0]MapCheck: New page: Map Check
[2019.11.22-00.11.20:315][  0]LightingResults: New page: Lighting Build
[2019.11.22-00.11.20:359][  0]LogUObjectHash: Compacting FUObjectHashTables data took   1.89ms
[2019.11.22-00.11.20:418][  0]LogLinker: Warning: Can't find file '/Game/WAR/WAR_hill_BuiltData'
[2019.11.22-00.11.20:419][  0]LogLinker: Warning: Can't find file for asset '/Game/WAR/WAR_hill_BuiltData' while loading NULL.
[2019.11.22-00.11.24:942][  0]LogLinker: Warning: Can't find file '/Game/WAR/WAR_hill_BuiltData'
[2019.11.22-00.11.24:943][  0]LogLinker: Warning: Can't find file for asset '/Game/WAR/WAR_hill_BuiltData' while loading NULL.
[2019.11.22-00.11.24:946][  0]LogLinker: Warning: Can't find file '/Game/WAR/WAR_hill_BuiltData'
[2019.11.22-00.11.24:946][  0]LogLinker: Warning: Can't find file for asset '/Game/WAR/WAR_hill_BuiltData' while loading NULL.
[2019.11.22-00.11.24:946][  0]LogLinker: Warning: Can't find file '/Game/WAR/WAR_hill_BuiltData'
[2019.11.22-00.11.24:946][  0]LogLinker: Warning: Can't find file for asset '/Game/WAR/WAR_hill_BuiltData' while loading NULL.
[2019.11.22-00.11.25:377][  0]LogLinker: Warning: Can't find file '/Game/WAR/WAR_hill_BuiltData'
[2019.11.22-00.11.25:377][  0]LoadErrors: Failed to load /Game/WAR/WAR_hill_BuiltData.WAR_hill_BuiltData Referenced by PersistentLevel
[2019.11.22-00.11.25:378][  0]LogLinker: Warning: Can't find file for asset '/Game/WAR/WAR_hill_BuiltData' while loading NULL.
[2019.11.22-00.11.30:225][  0]LogAIModule: Creating AISystem for world WAR_hill
[2019.11.22-00.11.33:779][  0]LogEditorServer: Finished looking for orphan Actors (0.000 secs)
[2019.11.22-00.11.33:866][  0]LogUObjectHash: Compacting FUObjectHashTables data took   3.99ms
[2019.11.22-00.11.33:866][  0]Cmd: MAP CHECKDEP NOCLEARLOG
[2019.11.22-00.11.33:867][  0]MapCheck: Map check complete: 0 Error(s), 0 Warning(s), took 0.234ms to complete.
[2019.11.22-00.11.33:867][  0]LogFileHelpers: Loading map 'WAR_hill' took 13.623
[2019.11.22-00.11.34:387][  0]LogSlate: Updating window title bar state: overlay mode, drag disabled, window buttons hidden, title bar hidden
[2019.11.22-00.11.34:399][  0]LogSlate: Updating window title bar state: overlay mode, drag disabled, window buttons hidden, title bar hidden
[2019.11.22-00.11.34:411][  0]LogSlate: Updating window title bar state: overlay mode, drag disabled, window buttons hidden, title bar hidden
[2019.11.22-00.11.34:422][  0]LogSlate: Updating window title bar state: overlay mode, drag disabled, window buttons hidden, title bar hidden
[2019.11.22-00.11.34:540][  0]LogCollectionManager: Loaded 0 collections in 0.005296 seconds
[2019.11.22-00.11.34:570][  0]LogFileCache: Scanning file cache for directory 'C:/Users/W207542133/Desktop/WAR/WAR/Saved/Collections/' took 0.01s
[2019.11.22-00.11.34:570][  0]LogFileCache: Scanning file cache for directory 'C:/Users/W207542133/Desktop/WAR/WAR/Content/Developers/W207542133/Collections/' took 0.01s
[2019.11.22-00.11.34:570][  0]LogFileCache: Scanning file cache for directory 'C:/Users/W207542133/Desktop/WAR/WAR/Content/Collections/' took 0.00s
[2019.11.22-00.11.34:570][  0]LogCollectionManager: Rebuilt the GUID cache for 0 collections in 0.000000 seconds
[2019.11.22-00.11.34:582][  0]LogContentBrowser: Native class hierarchy populated in 0.0118 seconds. Added 2732 classes and 659 folders.
[2019.11.22-00.11.34:599][  0]LogContentBrowser: Native class hierarchy updated for 'WidgetCarousel' in 0.0004 seconds. Added 0 classes and 0 folders.
[2019.11.22-00.11.35:053][  0]LogPakFile: Registered encryption key '00000000000000000000000000000000': 0 pak files mounted, 0 remain pending
[2019.11.22-00.11.35:196][  0]LogPakFile: Registered encryption key '00000000000000000000000000000000': 0 pak files mounted, 0 remain pending
[2019.11.22-00.11.35:299][  0]LogPakFile: Registered encryption key '00000000000000000000000000000000': 0 pak files mounted, 0 remain pending
[2019.11.22-00.11.35:393][  0]LogPakFile: Registered encryption key '00000000000000000000000000000000': 0 pak files mounted, 0 remain pending
[2019.11.22-00.11.35:489][  0]LogPakFile: Registered encryption key '00000000000000000000000000000000': 0 pak files mounted, 0 remain pending
[2019.11.22-00.11.35:670][  0]LogPakFile: Registered encryption key '00000000000000000000000000000000': 0 pak files mounted, 0 remain pending
[2019.11.22-00.11.35:727][  0]LogPakFile: Registered encryption key '00000000000000000000000000000000': 0 pak files mounted, 0 remain pending
[2019.11.22-00.11.35:806][  0]LogPakFile: Registered encryption key '00000000000000000000000000000000': 0 pak files mounted, 0 remain pending
[2019.11.22-00.11.35:982][  0]LogPakFile: Registered encryption key '00000000000000000000000000000000': 0 pak files mounted, 0 remain pending
[2019.11.22-00.11.36:141][  0]LogPakFile: Registered encryption key '00000000000000000000000000000000': 0 pak files mounted, 0 remain pending
[2019.11.22-00.11.36:225][  0]LogPakFile: Registered encryption key '00000000000000000000000000000000': 0 pak files mounted, 0 remain pending
[2019.11.22-00.11.36:255][  0]LogPakFile: Registered encryption key '00000000000000000000000000000000': 0 pak files mounted, 0 remain pending
[2019.11.22-00.11.36:258][  0]LogPakFile: Registered encryption key '00000000000000000000000000000000': 0 pak files mounted, 0 remain pending
[2019.11.22-00.11.36:270][  0]LogPakFile: Registered encryption key '00000000000000000000000000000000': 0 pak files mounted, 0 remain pending
[2019.11.22-00.11.36:324][  0]LogPakFile: Registered encryption key '00000000000000000000000000000000': 0 pak files mounted, 0 remain pending
[2019.11.22-00.11.36:433][  0]LogPakFile: Registered encryption key '00000000000000000000000000000000': 0 pak files mounted, 0 remain pending
[2019.11.22-00.11.36:530][  0]LogPakFile: Registered encryption key '00000000000000000000000000000000': 0 pak files mounted, 0 remain pending
[2019.11.22-00.11.36:639][  0]LogPakFile: Registered encryption key '00000000000000000000000000000000': 0 pak files mounted, 0 remain pending
[2019.11.22-00.11.36:690][  0]LogPakFile: Registered encryption key '00000000000000000000000000000000': 0 pak files mounted, 0 remain pending
[2019.11.22-00.11.36:815][  0]LogPakFile: Registered encryption key '00000000000000000000000000000000': 0 pak files mounted, 0 remain pending
[2019.11.22-00.11.36:951][  0]LogPakFile: Registered encryption key '00000000000000000000000000000000': 0 pak files mounted, 0 remain pending
[2019.11.22-00.11.37:059][  0]LogPakFile: Registered encryption key '00000000000000000000000000000000': 0 pak files mounted, 0 remain pending
[2019.11.22-00.11.37:137][  0]LogPakFile: Registered encryption key '00000000000000000000000000000000': 0 pak files mounted, 0 remain pending
[2019.11.22-00.11.37:260][  0]LogPakFile: Registered encryption key '00000000000000000000000000000000': 0 pak files mounted, 0 remain pending
[2019.11.22-00.11.37:275][  0]LogPakFile: Registered encryption key '00000000000000000000000000000000': 0 pak files mounted, 0 remain pending
[2019.11.22-00.11.37:342][  0]LogPakFile: Registered encryption key '00000000000000000000000000000000': 0 pak files mounted, 0 remain pending
[2019.11.22-00.11.47:736][  0]LogContentBrowser: Native class hierarchy updated for 'AddContentDialog' in 0.0009 seconds. Added 0 classes and 0 folders.
[2019.11.22-00.11.47:751][  0]LogContentBrowser: Native class hierarchy updated for 'SceneOutliner' in 0.0004 seconds. Added 1 classes and 2 folders.
[2019.11.22-00.11.47:965][  0]LogSlate: Took 0.011209 seconds to synchronously load lazily loaded font '../../../Engine/Content/Slate/Fonts/Roboto-Regular.ttf' (155K)
[2019.11.22-00.11.48:011][  0]LogSlate: Took 0.044245 seconds to synchronously load lazily loaded font '../../../Engine/Content/Slate/Fonts/Roboto-Bold.ttf' (160K)
[2019.11.22-00.11.48:077][  0]LogSlate: Took 0.061702 seconds to synchronously load lazily loaded font '../../../Engine/Content/Editor/Slate/Fonts/FontAwesome.ttf' (139K)
[2019.11.22-00.11.48:808][  0]LogRenderer: Reallocating scene render targets to support 1208x576 Format 10 NumSamples 1 (Frame:1).
[2019.11.22-00.11.50:100][  0]LogContentBrowser: Native class hierarchy updated for 'HierarchicalLODOutliner' in 0.0005 seconds. Added 0 classes and 0 folders.
[2019.11.22-00.11.50:100][  0]LogLoad: (Engine Initialization) Total time: 340.08 seconds
[2019.11.22-00.11.50:100][  0]LogLoad: (Engine Initialization) Total Blueprint compile time: 0.00 seconds
[2019.11.22-00.11.50:168][  0]LogContentStreaming: Texture pool size now 1000 MB
[2019.11.22-00.11.50:171][  0]LogSlate: FSceneViewport::OnFocusLost() reason 2
[2019.11.22-00.11.50:349][  0]LogSlate: Took 0.000255 seconds to synchronously load lazily loaded font '../../../Engine/Content/Slate/Fonts/Roboto-Light.ttf' (167K)
[2019.11.22-00.11.50:398][  1]LogAssetRegistry: Asset discovery search completed in 127.0751 seconds
[2019.11.22-00.11.50:401][  1]LogCollectionManager: Rebuilt the object cache for 0 collections in 0.000001 seconds (found 0 objects)
[2019.11.22-00.11.50:401][  1]LogCollectionManager: Fixed up redirectors for 0 collections in 0.000075 seconds (updated 0 objects)
[2019.11.22-00.12.09:339][102]LogSlate: Window 'Message Log' being destroyed
[2019.11.22-00.12.09:372][102]LogSlate: Window 'Message Log' being destroyed
[2019.11.22-00.12.13:312][238]LogSlate: FSceneViewport::OnFocusLost() reason 0
[2019.11.22-00.12.30:583][832]LogEditorViewport: Clicking on Actor (LMB): StaticMeshActor (Plane)
[2019.11.22-00.12.32:445][876]Cmd: DELETE
[2019.11.22-00.12.32:445][876]Cmd: ACTOR DELETE
[2019.11.22-00.12.32:452][876]LogEditorActor: Deleted Actor: StaticMeshActor
[2019.11.22-00.12.32:478][876]LogUObjectHash: Compacting FUObjectHashTables data took   0.64ms
[2019.11.22-00.12.32:479][876]LogEditorActor: Deleted 1 Actors (0.033 secs)
[2019.11.22-00.12.40:295][140]LogSlate: FSceneViewport::OnFocusLost() reason 0
[2019.11.22-00.13.29:466][266]Cmd: DELETE
[2019.11.22-00.13.29:466][266]Cmd: ACTOR DELETE
[2019.11.22-00.13.29:483][266]LogEditorActor: Deleted Actor: StaticMeshActor
[2019.11.22-00.13.29:483][266]LogEditorActor: Deleted Actor: StaticMeshActor
[2019.11.22-00.13.29:484][266]LogEditorActor: Deleted Actor: StaticMeshActor
[2019.11.22-00.13.29:484][266]LogEditorActor: Deleted Actor: StaticMeshActor
[2019.11.22-00.13.29:484][266]LogEditorActor: Deleted Actor: StaticMeshActor
[2019.11.22-00.13.29:484][266]LogEditorActor: Deleted Actor: StaticMeshActor
[2019.11.22-00.13.29:485][266]LogEditorActor: Deleted Actor: StaticMeshActor
[2019.11.22-00.13.29:485][266]LogEditorActor: Deleted Actor: StaticMeshActor
[2019.11.22-00.13.29:485][266]LogEditorActor: Deleted Actor: StaticMeshActor
[2019.11.22-00.13.29:485][266]LogEditorActor: Deleted Actor: StaticMeshActor
[2019.11.22-00.13.29:486][266]LogEditorActor: Deleted Actor: StaticMeshActor
[2019.11.22-00.13.29:486][266]LogEditorActor: Deleted Actor: StaticMeshActor
[2019.11.22-00.13.29:486][266]LogEditorActor: Deleted Actor: StaticMeshActor
[2019.11.22-00.13.29:486][266]LogEditorActor: Deleted Actor: StaticMeshActor
[2019.11.22-00.13.29:487][266]LogEditorActor: Deleted Actor: StaticMeshActor
[2019.11.22-00.13.29:487][266]LogEditorActor: Deleted Actor: StaticMeshActor
[2019.11.22-00.13.29:487][266]LogEditorActor: Deleted Actor: StaticMeshActor
[2019.11.22-00.13.29:487][266]LogEditorActor: Deleted Actor: StaticMeshActor
[2019.11.22-00.13.29:488][266]LogEditorActor: Deleted Actor: StaticMeshActor
[2019.11.22-00.13.29:488][266]LogEditorActor: Deleted Actor: StaticMeshActor
[2019.11.22-00.13.29:488][266]LogEditorActor: Deleted Actor: StaticMeshActor
[2019.11.22-00.13.29:488][266]LogEditorActor: Deleted Actor: StaticMeshActor
[2019.11.22-00.13.29:489][266]LogEditorActor: Deleted Actor: StaticMeshActor
[2019.11.22-00.13.29:489][266]LogEditorActor: Deleted Actor: StaticMeshActor
[2019.11.22-00.13.29:489][266]LogEditorActor: Deleted Actor: StaticMeshActor
[2019.11.22-00.13.29:489][266]LogEditorActor: Deleted Actor: StaticMeshActor
[2019.11.22-00.13.29:489][266]LogEditorActor: Deleted Actor: StaticMeshActor
[2019.11.22-00.13.29:490][266]LogEditorActor: Deleted Actor: StaticMeshActor
[2019.11.22-00.13.29:490][266]LogEditorActor: Deleted Actor: StaticMeshActor
[2019.11.22-00.13.29:490][266]LogEditorActor: Deleted Actor: StaticMeshActor
[2019.11.22-00.13.29:490][266]LogEditorActor: Deleted Actor: StaticMeshActor
[2019.11.22-00.13.29:491][266]LogEditorActor: Deleted Actor: StaticMeshActor
[2019.11.22-00.13.29:491][266]LogEditorActor: Deleted Actor: StaticMeshActor
[2019.11.22-00.13.29:491][266]LogEditorActor: Deleted Actor: StaticMeshActor
[2019.11.22-00.13.29:491][266]LogEditorActor: Deleted Actor: StaticMeshActor
[2019.11.22-00.13.29:492][266]LogEditorActor: Deleted Actor: StaticMeshActor
[2019.11.22-00.13.29:492][266]LogEditorActor: Deleted Actor: StaticMeshActor
[2019.11.22-00.13.29:492][266]LogEditorActor: Deleted Actor: StaticMeshActor
[2019.11.22-00.13.29:493][266]LogEditorActor: Deleted Actor: StaticMeshActor
[2019.11.22-00.13.29:493][266]LogEditorActor: Deleted Actor: StaticMeshActor
[2019.11.22-00.13.29:493][266]LogEditorActor: Deleted Actor: StaticMeshActor
[2019.11.22-00.13.29:493][266]LogEditorActor: Deleted Actor: StaticMeshActor
[2019.11.22-00.13.29:494][266]LogEditorActor: Deleted Actor: StaticMeshActor
[2019.11.22-00.13.29:494][266]LogEditorActor: Deleted Actor: StaticMeshActor
[2019.11.22-00.13.29:494][266]LogEditorActor: Deleted Actor: StaticMeshActor
[2019.11.22-00.13.29:494][266]LogEditorActor: Deleted Actor: StaticMeshActor
[2019.11.22-00.13.29:495][266]LogEditorActor: Deleted Actor: StaticMeshActor
[2019.11.22-00.13.29:495][266]LogEditorActor: Deleted Actor: StaticMeshActor
[2019.11.22-00.13.29:495][266]LogEditorActor: Deleted Actor: StaticMeshActor
[2019.11.22-00.13.29:495][266]LogEditorActor: Deleted Actor: StaticMeshActor
[2019.11.22-00.13.29:495][266]LogEditorActor: Deleted Actor: StaticMeshActor
[2019.11.22-00.13.29:496][266]LogEditorActor: Deleted Actor: StaticMeshActor
[2019.11.22-00.13.29:496][266]LogEditorActor: Deleted Actor: StaticMeshActor
[2019.11.22-00.13.29:496][266]LogEditorActor: Deleted Actor: StaticMeshActor
[2019.11.22-00.13.29:496][266]LogEditorActor: Deleted Actor: StaticMeshActor
[2019.11.22-00.13.29:497][266]LogEditorActor: Deleted Actor: StaticMeshActor
[2019.11.22-00.13.29:497][266]LogEditorActor: Deleted Actor: StaticMeshActor
[2019.11.22-00.13.29:497][266]LogEditorActor: Deleted Actor: StaticMeshActor
[2019.11.22-00.13.29:497][266]LogEditorActor: Deleted Actor: StaticMeshActor
[2019.11.22-00.13.29:498][266]LogEditorActor: Deleted Actor: StaticMeshActor
[2019.11.22-00.13.29:498][266]LogEditorActor: Deleted Actor: StaticMeshActor
[2019.11.22-00.13.29:498][266]LogEditorActor: Deleted Actor: StaticMeshActor
[2019.11.22-00.13.29:499][266]LogEditorActor: Deleted Actor: StaticMeshActor
[2019.11.22-00.13.29:499][266]LogEditorActor: Deleted Actor: StaticMeshActor
[2019.11.22-00.13.29:499][266]LogEditorActor: Deleted Actor: StaticMeshActor
[2019.11.22-00.13.29:523][266]LogUObjectHash: Compacting FUObjectHashTables data took   0.73ms
[2019.11.22-00.13.29:524][266]LogEditorActor: Deleted 65 Actors (0.058 secs)
[2019.11.22-00.13.37:890][561]LogSlate: FSceneViewport::OnFocusLost() reason 0
[2019.11.22-00.13.49:564][962]LogEditorViewport: Clicking on Actor (LMB): Landscape (Landscape)
[2019.11.22-00.13.56:882][185]LogSlate: FSceneViewport::OnFocusLost() reason 0
[2019.11.22-00.13.58:552][191]LogTexture: Display: Building textures: Texture2D_2 (G8, 128X128)
[2019.11.22-00.17.41:666][951]LogSlate: FSceneViewport::OnFocusLost() reason 2
[2019.11.22-00.18.42:925][ 29]LogSlate: FSceneViewport::OnFocusLost() reason 2
[2019.11.22-00.19.49:722][509]LogSlate: FSceneViewport::OnFocusLost() reason 0
[2019.11.22-00.20.23:600][676]LogSlate: FSceneViewport::OnFocusLost() reason 0
[2019.11.22-00.20.23:661][678]LogTemp: Repeating last play command: Selected Viewport
[2019.11.22-00.20.23:670][678]LogBlueprintUserMessages: Early PlayInEditor Detection: Level '/Game/WAR/WAR_hill.WAR_hill:PersistentLevel' has LevelScriptBlueprint '/Game/WAR/WAR_hill.WAR_hill:PersistentLevel.WAR_hill' with GeneratedClass '/Game/WAR/WAR_hill.WAR_hill_C' with ClassGeneratedBy '/Game/WAR/WAR_hill.WAR_hill:PersistentLevel.WAR_hill'
[2019.11.22-00.20.23:670][678]LogPlayLevel: PlayLevel: No blueprints needed recompiling
[2019.11.22-00.20.23:704][678]PIE: New page: PIE session: WAR_hill (Nov 21, 2019, 12:20:23 PM)
[2019.11.22-00.20.23:716][678]LogPlayLevel: Creating play world package: /Game/WAR/UEDPIE_0_WAR_hill
[2019.11.22-00.20.23:743][678]LogPlayLevel: PIE: StaticDuplicateObject took: (0.026651s)
[2019.11.22-00.20.23:744][678]LogAIModule: Creating AISystem for world WAR_hill
[2019.11.22-00.20.23:744][678]LogPlayLevel: PIE: World Init took: (0.001108s)
[2019.11.22-00.20.23:744][678]LogPlayLevel: PIE: Created PIE world by copying editor world from /Game/WAR/WAR_hill.WAR_hill to /Game/WAR/UEDPIE_0_WAR_hill.WAR_hill (0.028186s)
[2019.11.22-00.20.23:769][678]LogUObjectHash: Compacting FUObjectHashTables data took   1.25ms
[2019.11.22-00.20.23:816][678]LogInit: XAudio2 using 'Speakers / Headphones (Realtek High Definition Audio)' : 2 channels at 48 kHz using 32 bits per sample (channel mask 0x3)
[2019.11.22-00.20.23:841][678]LogInit: FAudioDevice initialized.
[2019.11.22-00.20.25:640][678]LogLoad: Game class is 'FirstPersonGameMode_C'
[2019.11.22-00.20.25:658][678]LogWorld: Bringing World /Game/WAR/UEDPIE_0_WAR_hill.WAR_hill up for play (max tick rate 0) at 2019.11.21-18.20.25
[2019.11.22-00.20.25:659][678]LogWorld: Bringing up level for play took: 0.011123
[2019.11.22-00.20.25:710][678]LogContentBrowser: Native class hierarchy updated for 'MovieSceneCapture' in 0.0005 seconds. Added 20 classes and 0 folders.
[2019.11.22-00.20.25:714][678]PIE: Play in editor start time for /Game/WAR/UEDPIE_0_WAR_hill 1.52
[2019.11.22-00.20.25:714][678]LogBlueprintUserMessages: Late PlayInEditor Detection: Level '/Game/WAR/WAR_hill.WAR_hill:PersistentLevel' has LevelScriptBlueprint '/Game/WAR/WAR_hill.WAR_hill:PersistentLevel.WAR_hill' with GeneratedClass '/Game/WAR/WAR_hill.WAR_hill_C' with ClassGeneratedBy '/Game/WAR/WAR_hill.WAR_hill:PersistentLevel.WAR_hill'
[2019.11.22-00.20.59:875][ 12]LogBlueprintUserMessages: Early EndPlayMap Detection: Level '/Game/WAR/WAR_hill.WAR_hill:PersistentLevel' has LevelScriptBlueprint '/Game/WAR/WAR_hill.WAR_hill:PersistentLevel.WAR_hill' with GeneratedClass '/Game/WAR/WAR_hill.WAR_hill_C' with ClassGeneratedBy '/Game/WAR/WAR_hill.WAR_hill:PersistentLevel.WAR_hill'
[2019.11.22-00.20.59:875][ 12]LogSlate: Updating window title bar state: overlay mode, drag disabled, window buttons hidden, title bar hidden
[2019.11.22-00.20.59:926][ 12]LogPlayLevel: Display: Shutting down PIE online subsystems
[2019.11.22-00.20.59:926][ 12]LogBlueprintUserMessages: Late EndPlayMap Detection: Level '/Game/WAR/WAR_hill.WAR_hill:PersistentLevel' has LevelScriptBlueprint '/Game/WAR/WAR_hill.WAR_hill:PersistentLevel.WAR_hill' with GeneratedClass '/Game/WAR/WAR_hill.WAR_hill_C' with ClassGeneratedBy '/Game/WAR/WAR_hill.WAR_hill:PersistentLevel.WAR_hill'
[2019.11.22-00.20.59:952][ 12]LogSlate: Updating window title bar state: overlay mode, drag disabled, window buttons hidden, title bar hidden
[2019.11.22-00.20.59:958][ 12]LogUObjectHash: Compacting FUObjectHashTables data took   2.28ms
[2019.11.22-00.20.59:992][ 13]LogPlayLevel: Display: Destroying online subsystem :Context_3
[2019.11.22-00.21.18:551][606]LogSlate: FSceneViewport::OnFocusLost() reason 2
[2019.11.22-00.22.18:458][559]LogSlate: Took 0.000213 seconds to synchronously load lazily loaded font '../../../Engine/Content/Slate/Fonts/Roboto-Light.ttf' (167K)
[2019.11.22-00.22.27:456][846]LogSlate: FSceneViewport::OnFocusLost() reason 2
[2019.11.22-00.22.27:536][846]LogUObjectHash: Compacting FUObjectHashTables data took   1.79ms
[2019.11.22-00.22.27:537][846]Cmd: OBJ SAVEPACKAGE PACKAGE="/Game/WAR/WAR_hill" FILE="../../../../Users/W207542133/Desktop/WAR/WAR/Saved/Autosaves/Game/WAR/WAR_hill_Auto1.umap" SILENT=true AUTOSAVING=true KEEPDIRTY=false
[2019.11.22-00.22.27:554][846]LogTexture: Display: Building textures: Texture2D_0 (BGRA8, 256X256)
[2019.11.22-00.22.27:960][846]LogSavePackage: Moving '../../../../Users/W207542133/Desktop/WAR/WAR/Saved/WAR_hill_Auto157B3335A4A291833F64C5FB297F3B32B.tmp' to '../../../../Users/W207542133/Desktop/WAR/WAR/Saved/Autosaves/Game/WAR/WAR_hill_Auto1.umap'
[2019.11.22-00.22.28:022][846]LogFileHelpers: Editor autosave (incl. sublevels) for '/Game/WAR/WAR_hill' took 0.516
[2019.11.22-00.22.28:022][846]LogFileHelpers: Editor autosave (incl. sublevels) for all levels took 0.516
[2019.11.22-00.22.48:065][509]LogSlate: FSceneViewport::OnFocusLost() reason 2
[2019.11.22-00.23.26:668][784]LogSlate: FSceneViewport::OnFocusLost() reason 2
[2019.11.22-00.24.03:203][ 19]LogSlate: FSceneViewport::OnFocusLost() reason 0
[2019.11.22-00.25.39:285][282]LogSlate: FSceneViewport::OnFocusLost() reason 2
[2019.11.22-00.25.47:649][559]LogSlate: FSceneViewport::OnFocusLost() reason 2
[2019.11.22-00.26.45:561][475]LogSlate: FSceneViewport::OnFocusLost() reason 0
[2019.11.22-00.26.45:652][478]LogTemp: Repeating last play command: Selected Viewport
[2019.11.22-00.26.45:661][478]LogBlueprintUserMessages: Early PlayInEditor Detection: Level '/Game/WAR/WAR_hill.WAR_hill:PersistentLevel' has LevelScriptBlueprint '/Game/WAR/WAR_hill.WAR_hill:PersistentLevel.WAR_hill' with GeneratedClass '/Game/WAR/WAR_hill.WAR_hill_C' with ClassGeneratedBy '/Game/WAR/WAR_hill.WAR_hill:PersistentLevel.WAR_hill'
[2019.11.22-00.26.45:661][478]LogPlayLevel: PlayLevel: No blueprints needed recompiling
[2019.11.22-00.26.45:661][478]PIE: New page: PIE session: WAR_hill (Nov 21, 2019, 12:26:45 PM)
[2019.11.22-00.26.45:661][478]LogPlayLevel: Creating play world package: /Game/WAR/UEDPIE_0_WAR_hill
[2019.11.22-00.26.45:698][478]LogPlayLevel: PIE: StaticDuplicateObject took: (0.037261s)
[2019.11.22-00.26.45:699][478]LogAIModule: Creating AISystem for world WAR_hill
[2019.11.22-00.26.45:699][478]LogPlayLevel: PIE: World Init took: (0.000877s)
[2019.11.22-00.26.45:699][478]LogPlayLevel: PIE: Created PIE world by copying editor world from /Game/WAR/WAR_hill.WAR_hill to /Game/WAR/UEDPIE_0_WAR_hill.WAR_hill (0.038314s)
[2019.11.22-00.26.45:723][478]LogUObjectHash: Compacting FUObjectHashTables data took   2.04ms
[2019.11.22-00.26.45:726][478]LogInit: XAudio2 using 'Speakers / Headphones (Realtek High Definition Audio)' : 2 channels at 48 kHz using 32 bits per sample (channel mask 0x3)
[2019.11.22-00.26.45:750][478]LogInit: FAudioDevice initialized.
[2019.11.22-00.26.45:780][478]LogLoad: Game class is 'FirstPersonGameMode_C'
[2019.11.22-00.26.45:783][478]LogWorld: Bringing World /Game/WAR/UEDPIE_0_WAR_hill.WAR_hill up for play (max tick rate 0) at 2019.11.21-18.26.45
[2019.11.22-00.26.45:784][478]LogWorld: Bringing up level for play took: 0.002401
[2019.11.22-00.26.45:797][478]PIE: Play in editor start time for /Game/WAR/UEDPIE_0_WAR_hill -0.409
[2019.11.22-00.26.45:797][478]LogBlueprintUserMessages: Late PlayInEditor Detection: Level '/Game/WAR/WAR_hill.WAR_hill:PersistentLevel' has LevelScriptBlueprint '/Game/WAR/WAR_hill.WAR_hill:PersistentLevel.WAR_hill' with GeneratedClass '/Game/WAR/WAR_hill.WAR_hill_C' with ClassGeneratedBy '/Game/WAR/WAR_hill.WAR_hill:PersistentLevel.WAR_hill'
[2019.11.22-00.26.47:329][543]LogBlueprintUserMessages: Early EndPlayMap Detection: Level '/Game/WAR/WAR_hill.WAR_hill:PersistentLevel' has LevelScriptBlueprint '/Game/WAR/WAR_hill.WAR_hill:PersistentLevel.WAR_hill' with GeneratedClass '/Game/WAR/WAR_hill.WAR_hill_C' with ClassGeneratedBy '/Game/WAR/WAR_hill.WAR_hill:PersistentLevel.WAR_hill'
[2019.11.22-00.26.47:329][543]LogSlate: Updating window title bar state: overlay mode, drag disabled, window buttons hidden, title bar hidden
[2019.11.22-00.26.47:381][543]LogPlayLevel: Display: Shutting down PIE online subsystems
[2019.11.22-00.26.47:382][543]LogBlueprintUserMessages: Late EndPlayMap Detection: Level '/Game/WAR/WAR_hill.WAR_hill:PersistentLevel' has LevelScriptBlueprint '/Game/WAR/WAR_hill.WAR_hill:PersistentLevel.WAR_hill' with GeneratedClass '/Game/WAR/WAR_hill.WAR_hill_C' with ClassGeneratedBy '/Game/WAR/WAR_hill.WAR_hill:PersistentLevel.WAR_hill'
[2019.11.22-00.26.47:410][543]LogSlate: Updating window title bar state: overlay mode, drag disabled, window buttons hidden, title bar hidden
[2019.11.22-00.26.47:414][543]LogUObjectHash: Compacting FUObjectHashTables data took   2.03ms
[2019.11.22-00.26.47:431][544]LogPlayLevel: Display: Destroying online subsystem :Context_4
[2019.11.22-00.26.50:979][677]LogSlate: FSceneViewport::OnFocusLost() reason 0
[2019.11.22-00.26.52:805][744]LogSlate: FSceneViewport::OnFocusLost() reason 0
[2019.11.22-00.27.08:743][314]LogSlate: FSceneViewport::OnFocusLost() reason 0
[2019.11.22-00.27.12:337][432]LogSlate: FSceneViewport::OnFocusLost() reason 0
[2019.11.22-00.27.12:429][435]LogTemp: Repeating last play command: Selected Viewport
[2019.11.22-00.27.12:437][435]LogBlueprintUserMessages: Early PlayInEditor Detection: Level '/Game/WAR/WAR_hill.WAR_hill:PersistentLevel' has LevelScriptBlueprint '/Game/WAR/WAR_hill.WAR_hill:PersistentLevel.WAR_hill' with GeneratedClass '/Game/WAR/WAR_hill.WAR_hill_C' with ClassGeneratedBy '/Game/WAR/WAR_hill.WAR_hill:PersistentLevel.WAR_hill'
[2019.11.22-00.27.12:437][435]LogPlayLevel: PlayLevel: No blueprints needed recompiling
[2019.11.22-00.27.12:438][435]PIE: New page: PIE session: WAR_hill (Nov 21, 2019, 12:27:12 PM)
[2019.11.22-00.27.12:438][435]LogPlayLevel: Creating play world package: /Game/WAR/UEDPIE_0_WAR_hill
[2019.11.22-00.27.12:469][435]LogPlayLevel: PIE: StaticDuplicateObject took: (0.031175s)
[2019.11.22-00.27.12:470][435]LogAIModule: Creating AISystem for world WAR_hill
[2019.11.22-00.27.12:470][435]LogPlayLevel: PIE: World Init took: (0.000877s)
[2019.11.22-00.27.12:470][435]LogPlayLevel: PIE: Created PIE world by copying editor world from /Game/WAR/WAR_hill.WAR_hill to /Game/WAR/UEDPIE_0_WAR_hill.WAR_hill (0.032299s)
[2019.11.22-00.27.12:491][435]LogUObjectHash: Compacting FUObjectHashTables data took   1.05ms
[2019.11.22-00.27.12:493][435]LogInit: XAudio2 using 'Speakers / Headphones (Realtek High Definition Audio)' : 2 channels at 48 kHz using 32 bits per sample (channel mask 0x3)
[2019.11.22-00.27.12:516][435]LogInit: FAudioDevice initialized.
[2019.11.22-00.27.12:545][435]LogLoad: Game class is 'FirstPersonGameMode_C'
[2019.11.22-00.27.12:548][435]LogWorld: Bringing World /Game/WAR/UEDPIE_0_WAR_hill.WAR_hill up for play (max tick rate 0) at 2019.11.21-18.27.12
[2019.11.22-00.27.12:548][435]LogWorld: Bringing up level for play took: 0.002232
[2019.11.22-00.27.12:562][435]PIE: Play in editor start time for /Game/WAR/UEDPIE_0_WAR_hill 0.355
[2019.11.22-00.27.12:562][435]LogBlueprintUserMessages: Late PlayInEditor Detection: Level '/Game/WAR/WAR_hill.WAR_hill:PersistentLevel' has LevelScriptBlueprint '/Game/WAR/WAR_hill.WAR_hill:PersistentLevel.WAR_hill' with GeneratedClass '/Game/WAR/WAR_hill.WAR_hill_C' with ClassGeneratedBy '/Game/WAR/WAR_hill.WAR_hill:PersistentLevel.WAR_hill'
[2019.11.22-00.27.13:889][493]LogBlueprintUserMessages: Early EndPlayMap Detection: Level '/Game/WAR/WAR_hill.WAR_hill:PersistentLevel' has LevelScriptBlueprint '/Game/WAR/WAR_hill.WAR_hill:PersistentLevel.WAR_hill' with GeneratedClass '/Game/WAR/WAR_hill.WAR_hill_C' with ClassGeneratedBy '/Game/WAR/WAR_hill.WAR_hill:PersistentLevel.WAR_hill'
[2019.11.22-00.27.13:889][493]LogSlate: Updating window title bar state: overlay mode, drag disabled, window buttons hidden, title bar hidden
[2019.11.22-00.27.13:942][493]LogPlayLevel: Display: Shutting down PIE online subsystems
[2019.11.22-00.27.13:943][493]LogBlueprintUserMessages: Late EndPlayMap Detection: Level '/Game/WAR/WAR_hill.WAR_hill:PersistentLevel' has LevelScriptBlueprint '/Game/WAR/WAR_hill.WAR_hill:PersistentLevel.WAR_hill' with GeneratedClass '/Game/WAR/WAR_hill.WAR_hill_C' with ClassGeneratedBy '/Game/WAR/WAR_hill.WAR_hill:PersistentLevel.WAR_hill'
[2019.11.22-00.27.13:969][493]LogSlate: Updating window title bar state: overlay mode, drag disabled, window buttons hidden, title bar hidden
[2019.11.22-00.27.13:972][493]LogUObjectHash: Compacting FUObjectHashTables data took   1.08ms
[2019.11.22-00.27.13:993][495]LogPlayLevel: Display: Destroying online subsystem :Context_5
[2019.11.22-00.27.18:422][660]LogNavigationPoint: PostEditMove Clear paths rebuilt
[2019.11.22-00.27.19:532][698]LogSlate: FSceneViewport::OnFocusLost() reason 0
[2019.11.22-00.27.19:588][700]LogTemp: Repeating last play command: Selected Viewport
[2019.11.22-00.27.19:596][700]LogBlueprintUserMessages: Early PlayInEditor Detection: Level '/Game/WAR/WAR_hill.WAR_hill:PersistentLevel' has LevelScriptBlueprint '/Game/WAR/WAR_hill.WAR_hill:PersistentLevel.WAR_hill' with GeneratedClass '/Game/WAR/WAR_hill.WAR_hill_C' with ClassGeneratedBy '/Game/WAR/WAR_hill.WAR_hill:PersistentLevel.WAR_hill'
[2019.11.22-00.27.19:596][700]LogPlayLevel: PlayLevel: No blueprints needed recompiling
[2019.11.22-00.27.19:596][700]PIE: New page: PIE session: WAR_hill (Nov 21, 2019, 12:27:19 PM)
[2019.11.22-00.27.19:596][700]LogPlayLevel: Creating play world package: /Game/WAR/UEDPIE_0_WAR_hill
[2019.11.22-00.27.19:622][700]LogPlayLevel: PIE: StaticDuplicateObject took: (0.026060s)
[2019.11.22-00.27.19:623][700]LogAIModule: Creating AISystem for world WAR_hill
[2019.11.22-00.27.19:623][700]LogPlayLevel: PIE: World Init took: (0.000510s)
[2019.11.22-00.27.19:623][700]LogPlayLevel: PIE: Created PIE world by copying editor world from /Game/WAR/WAR_hill.WAR_hill to /Game/WAR/UEDPIE_0_WAR_hill.WAR_hill (0.026704s)
[2019.11.22-00.27.19:646][700]LogUObjectHash: Compacting FUObjectHashTables data took   1.19ms
[2019.11.22-00.27.19:648][700]LogInit: XAudio2 using 'Speakers / Headphones (Realtek High Definition Audio)' : 2 channels at 48 kHz using 32 bits per sample (channel mask 0x3)
[2019.11.22-00.27.19:671][700]LogInit: FAudioDevice initialized.
[2019.11.22-00.27.19:696][700]LogLoad: Game class is 'FirstPersonGameMode_C'
[2019.11.22-00.27.19:699][700]LogWorld: Bringing World /Game/WAR/UEDPIE_0_WAR_hill.WAR_hill up for play (max tick rate 0) at 2019.11.21-18.27.19
[2019.11.22-00.27.19:699][700]LogWorld: Bringing up level for play took: 0.002140
[2019.11.22-00.27.19:712][700]PIE: Play in editor start time for /Game/WAR/UEDPIE_0_WAR_hill -0.495
[2019.11.22-00.27.19:713][700]LogBlueprintUserMessages: Late PlayInEditor Detection: Level '/Game/WAR/WAR_hill.WAR_hill:PersistentLevel' has LevelScriptBlueprint '/Game/WAR/WAR_hill.WAR_hill:PersistentLevel.WAR_hill' with GeneratedClass '/Game/WAR/WAR_hill.WAR_hill_C' with ClassGeneratedBy '/Game/WAR/WAR_hill.WAR_hill:PersistentLevel.WAR_hill'
[2019.11.22-00.27.42:604][606]LogBlueprintUserMessages: Early EndPlayMap Detection: Level '/Game/WAR/WAR_hill.WAR_hill:PersistentLevel' has LevelScriptBlueprint '/Game/WAR/WAR_hill.WAR_hill:PersistentLevel.WAR_hill' with GeneratedClass '/Game/WAR/WAR_hill.WAR_hill_C' with ClassGeneratedBy '/Game/WAR/WAR_hill.WAR_hill:PersistentLevel.WAR_hill'
[2019.11.22-00.27.42:604][606]LogSlate: Updating window title bar state: overlay mode, drag disabled, window buttons hidden, title bar hidden
[2019.11.22-00.27.42:655][606]LogPlayLevel: Display: Shutting down PIE online subsystems
[2019.11.22-00.27.42:655][606]LogBlueprintUserMessages: Late EndPlayMap Detection: Level '/Game/WAR/WAR_hill.WAR_hill:PersistentLevel' has LevelScriptBlueprint '/Game/WAR/WAR_hill.WAR_hill:PersistentLevel.WAR_hill' with GeneratedClass '/Game/WAR/WAR_hill.WAR_hill_C' with ClassGeneratedBy '/Game/WAR/WAR_hill.WAR_hill:PersistentLevel.WAR_hill'
[2019.11.22-00.27.42:683][606]LogSlate: Updating window title bar state: overlay mode, drag disabled, window buttons hidden, title bar hidden
[2019.11.22-00.27.42:685][606]LogUObjectHash: Compacting FUObjectHashTables data took   1.09ms
[2019.11.22-00.27.42:721][607]LogPlayLevel: Display: Destroying online subsystem :Context_6
[2019.11.22-00.28.04:879][385]LogSlate: FSceneViewport::OnFocusLost() reason 0
[2019.11.22-00.28.12:320][627]LogSlate: FSceneViewport::OnFocusLost() reason 0
[2019.11.22-00.28.21:656][941]LogSlate: FSceneViewport::OnFocusLost() reason 2
[2019.11.22-00.28.24:465][ 32]LogSlate: FSceneViewport::OnFocusLost() reason 0
[2019.11.22-00.28.32:583][306]LogSlate: FSceneViewport::OnFocusLost() reason 0
[2019.11.22-00.28.51:046][914]LogSlate: FSceneViewport::OnFocusLost() reason 2
[2019.11.22-00.29.01:511][254]LogSlate: FSceneViewport::OnFocusLost() reason 0
[2019.11.22-00.29.02:111][274]LogTemp: Repeating last play command: Selected Viewport
[2019.11.22-00.29.02:119][274]LogBlueprintUserMessages: Early PlayInEditor Detection: Level '/Game/WAR/WAR_hill.WAR_hill:PersistentLevel' has LevelScriptBlueprint '/Game/WAR/WAR_hill.WAR_hill:PersistentLevel.WAR_hill' with GeneratedClass '/Game/WAR/WAR_hill.WAR_hill_C' with ClassGeneratedBy '/Game/WAR/WAR_hill.WAR_hill:PersistentLevel.WAR_hill'
[2019.11.22-00.29.02:119][274]LogPlayLevel: PlayLevel: No blueprints needed recompiling
[2019.11.22-00.29.02:119][274]PIE: New page: PIE session: WAR_hill (Nov 21, 2019, 12:29:02 PM)
[2019.11.22-00.29.02:120][274]LogPlayLevel: Creating play world package: /Game/WAR/UEDPIE_0_WAR_hill
[2019.11.22-00.29.02:156][274]LogPlayLevel: PIE: StaticDuplicateObject took: (0.036592s)
[2019.11.22-00.29.02:157][274]LogAIModule: Creating AISystem for world WAR_hill
[2019.11.22-00.29.02:157][274]LogPlayLevel: PIE: World Init took: (0.000767s)
[2019.11.22-00.29.02:157][274]LogPlayLevel: PIE: Created PIE world by copying editor world from /Game/WAR/WAR_hill.WAR_hill to /Game/WAR/UEDPIE_0_WAR_hill.WAR_hill (0.037534s)
[2019.11.22-00.29.02:180][274]LogUObjectHash: Compacting FUObjectHashTables data took   1.21ms
[2019.11.22-00.29.02:187][274]LogInit: XAudio2 using 'Speakers / Headphones (Realtek High Definition Audio)' : 2 channels at 48 kHz using 32 bits per sample (channel mask 0x3)
[2019.11.22-00.29.02:212][274]LogInit: FAudioDevice initialized.
[2019.11.22-00.29.02:241][274]LogLoad: Game class is 'FirstPersonGameMode_C'
[2019.11.22-00.29.02:244][274]LogWorld: Bringing World /Game/WAR/UEDPIE_0_WAR_hill.WAR_hill up for play (max tick rate 0) at 2019.11.21-18.29.02
[2019.11.22-00.29.02:244][274]LogWorld: Bringing up level for play took: 0.002125
[2019.11.22-00.29.02:257][274]PIE: Play in editor start time for /Game/WAR/UEDPIE_0_WAR_hill 0.046
[2019.11.22-00.29.02:257][274]LogBlueprintUserMessages: Late PlayInEditor Detection: Level '/Game/WAR/WAR_hill.WAR_hill:PersistentLevel' has LevelScriptBlueprint '/Game/WAR/WAR_hill.WAR_hill:PersistentLevel.WAR_hill' with GeneratedClass '/Game/WAR/WAR_hill.WAR_hill_C' with ClassGeneratedBy '/Game/WAR/WAR_hill.WAR_hill:PersistentLevel.WAR_hill'
[2019.11.22-00.29.03:825][342]LogBlueprintUserMessages: Early EndPlayMap Detection: Level '/Game/WAR/WAR_hill.WAR_hill:PersistentLevel' has LevelScriptBlueprint '/Game/WAR/WAR_hill.WAR_hill:PersistentLevel.WAR_hill' with GeneratedClass '/Game/WAR/WAR_hill.WAR_hill_C' with ClassGeneratedBy '/Game/WAR/WAR_hill.WAR_hill:PersistentLevel.WAR_hill'
[2019.11.22-00.29.03:825][342]LogSlate: Updating window title bar state: overlay mode, drag disabled, window buttons hidden, title bar hidden
[2019.11.22-00.29.03:875][342]LogPlayLevel: Display: Shutting down PIE online subsystems
[2019.11.22-00.29.03:875][342]LogBlueprintUserMessages: Late EndPlayMap Detection: Level '/Game/WAR/WAR_hill.WAR_hill:PersistentLevel' has LevelScriptBlueprint '/Game/WAR/WAR_hill.WAR_hill:PersistentLevel.WAR_hill' with GeneratedClass '/Game/WAR/WAR_hill.WAR_hill_C' with ClassGeneratedBy '/Game/WAR/WAR_hill.WAR_hill:PersistentLevel.WAR_hill'
[2019.11.22-00.29.03:901][342]LogSlate: Updating window title bar state: overlay mode, drag disabled, window buttons hidden, title bar hidden
[2019.11.22-00.29.03:904][342]LogUObjectHash: Compacting FUObjectHashTables data took   1.11ms
[2019.11.22-00.29.03:931][344]LogPlayLevel: Display: Destroying online subsystem :Context_7
[2019.11.22-00.29.06:542][442]LogSlate: FSceneViewport::OnFocusLost() reason 0
[2019.11.22-00.29.10:407][586]LogNavigationPoint: PostEditMove Clear paths rebuilt
[2019.11.22-00.29.13:047][690]LogNavigationPoint: PostEditMove Clear paths rebuilt
[2019.11.22-00.29.15:198][776]LogSlate: FSceneViewport::OnFocusLost() reason 0
[2019.11.22-00.29.15:298][780]LogTemp: Repeating last play command: Selected Viewport
[2019.11.22-00.29.15:308][780]LogBlueprintUserMessages: Early PlayInEditor Detection: Level '/Game/WAR/WAR_hill.WAR_hill:PersistentLevel' has LevelScriptBlueprint '/Game/WAR/WAR_hill.WAR_hill:PersistentLevel.WAR_hill' with GeneratedClass '/Game/WAR/WAR_hill.WAR_hill_C' with ClassGeneratedBy '/Game/WAR/WAR_hill.WAR_hill:PersistentLevel.WAR_hill'
[2019.11.22-00.29.15:308][780]LogPlayLevel: PlayLevel: No blueprints needed recompiling
[2019.11.22-00.29.15:308][780]PIE: New page: PIE session: WAR_hill (Nov 21, 2019, 12:29:15 PM)
[2019.11.22-00.29.15:308][780]LogPlayLevel: Creating play world package: /Game/WAR/UEDPIE_0_WAR_hill
[2019.11.22-00.29.15:344][780]LogPlayLevel: PIE: StaticDuplicateObject took: (0.035774s)
[2019.11.22-00.29.15:344][780]LogAIModule: Creating AISystem for world WAR_hill
[2019.11.22-00.29.15:344][780]LogPlayLevel: PIE: World Init took: (0.000456s)
[2019.11.22-00.29.15:344][780]LogPlayLevel: PIE: Created PIE world by copying editor world from /Game/WAR/WAR_hill.WAR_hill to /Game/WAR/UEDPIE_0_WAR_hill.WAR_hill (0.036353s)
[2019.11.22-00.29.15:367][780]LogUObjectHash: Compacting FUObjectHashTables data took   1.11ms
[2019.11.22-00.29.15:369][780]LogInit: XAudio2 using 'Speakers / Headphones (Realtek High Definition Audio)' : 2 channels at 48 kHz using 32 bits per sample (channel mask 0x3)
[2019.11.22-00.29.15:392][780]LogInit: FAudioDevice initialized.
[2019.11.22-00.29.15:416][780]LogLoad: Game class is 'FirstPersonGameMode_C'
[2019.11.22-00.29.15:419][780]LogWorld: Bringing World /Game/WAR/UEDPIE_0_WAR_hill.WAR_hill up for play (max tick rate 0) at 2019.11.21-18.29.15
[2019.11.22-00.29.15:419][780]LogWorld: Bringing up level for play took: 0.002263
[2019.11.22-00.29.15:433][780]PIE: Play in editor start time for /Game/WAR/UEDPIE_0_WAR_hill -0.778
[2019.11.22-00.29.15:434][780]LogBlueprintUserMessages: Late PlayInEditor Detection: Level '/Game/WAR/WAR_hill.WAR_hill:PersistentLevel' has LevelScriptBlueprint '/Game/WAR/WAR_hill.WAR_hill:PersistentLevel.WAR_hill' with GeneratedClass '/Game/WAR/WAR_hill.WAR_hill_C' with ClassGeneratedBy '/Game/WAR/WAR_hill.WAR_hill:PersistentLevel.WAR_hill'
[2019.11.22-00.29.51:633][232]LogBlueprintUserMessages: Early EndPlayMap Detection: Level '/Game/WAR/WAR_hill.WAR_hill:PersistentLevel' has LevelScriptBlueprint '/Game/WAR/WAR_hill.WAR_hill:PersistentLevel.WAR_hill' with GeneratedClass '/Game/WAR/WAR_hill.WAR_hill_C' with ClassGeneratedBy '/Game/WAR/WAR_hill.WAR_hill:PersistentLevel.WAR_hill'
[2019.11.22-00.29.51:633][232]LogSlate: Updating window title bar state: overlay mode, drag disabled, window buttons hidden, title bar hidden
[2019.11.22-00.29.51:684][232]LogPlayLevel: Display: Shutting down PIE online subsystems
[2019.11.22-00.29.51:684][232]LogBlueprintUserMessages: Late EndPlayMap Detection: Level '/Game/WAR/WAR_hill.WAR_hill:PersistentLevel' has LevelScriptBlueprint '/Game/WAR/WAR_hill.WAR_hill:PersistentLevel.WAR_hill' with GeneratedClass '/Game/WAR/WAR_hill.WAR_hill_C' with ClassGeneratedBy '/Game/WAR/WAR_hill.WAR_hill:PersistentLevel.WAR_hill'
[2019.11.22-00.29.51:712][232]LogSlate: Updating window title bar state: overlay mode, drag disabled, window buttons hidden, title bar hidden
[2019.11.22-00.29.51:715][232]LogUObjectHash: Compacting FUObjectHashTables data took   1.13ms
[2019.11.22-00.29.51:749][233]LogPlayLevel: Display: Destroying online subsystem :Context_8
[2019.11.22-00.30.09:958][849]LogSlate: FSceneViewport::OnFocusLost() reason 0
[2019.11.22-00.30.18:593][135]LogSlate: FSceneViewport::OnFocusLost() reason 0
[2019.11.22-00.30.31:375][559]LogSlate: FSceneViewport::OnFocusLost() reason 2
[2019.11.22-00.30.40:101][837]LogSlate: FSceneViewport::OnFocusLost() reason 0
[2019.11.22-00.30.47:860][ 20]Cmd: TRANSACTION UNDO
[2019.11.22-00.30.47:860][ 20]LogEditorTransaction: Undo Landscape Editing: Hydraulic Erosion
[2019.11.22-00.30.48:014][ 20]LogTexture: Display: Building textures: Texture2D_0 (BGRA8, 256X256)
[2019.11.22-00.30.48:724][ 43]Cmd: TRANSACTION UNDO
[2019.11.22-00.30.48:724][ 43]LogEditorTransaction: Undo Edit Tool Strength
[2019.11.22-00.30.51:570][136]Cmd: TRANSACTION UNDO
[2019.11.22-00.30.51:570][136]LogEditorTransaction: Undo Landscape Editing: Hydraulic Erosion
[2019.11.22-00.30.51:796][136]LogTexture: Display: Building textures: Texture2D_0 (BGRA8, 256X256)
[2019.11.22-00.30.54:507][225]Cmd: TRANSACTION UNDO
[2019.11.22-00.30.54:507][225]LogEditorTransaction: Undo Landscape Editing: Smooth
[2019.11.22-00.30.54:675][225]LogTexture: Display: Building textures: Texture2D_0 (BGRA8, 256X256)
[2019.11.22-00.30.57:841][325]LogSlate: FSceneViewport::OnFocusLost() reason 2
[2019.11.22-00.31.02:603][484]LogSlate: FSceneViewport::OnFocusLost() reason 0
[2019.11.22-00.31.02:693][487]LogTemp: Repeating last play command: Selected Viewport
[2019.11.22-00.31.02:701][487]LogBlueprintUserMessages: Early PlayInEditor Detection: Level '/Game/WAR/WAR_hill.WAR_hill:PersistentLevel' has LevelScriptBlueprint '/Game/WAR/WAR_hill.WAR_hill:PersistentLevel.WAR_hill' with GeneratedClass '/Game/WAR/WAR_hill.WAR_hill_C' with ClassGeneratedBy '/Game/WAR/WAR_hill.WAR_hill:PersistentLevel.WAR_hill'
[2019.11.22-00.31.02:702][487]LogPlayLevel: PlayLevel: No blueprints needed recompiling
[2019.11.22-00.31.02:702][487]PIE: New page: PIE session: WAR_hill (Nov 21, 2019, 12:31:02 PM)
[2019.11.22-00.31.02:702][487]LogPlayLevel: Creating play world package: /Game/WAR/UEDPIE_0_WAR_hill
[2019.11.22-00.31.02:735][487]LogPlayLevel: PIE: StaticDuplicateObject took: (0.032965s)
[2019.11.22-00.31.02:735][487]LogAIModule: Creating AISystem for world WAR_hill
[2019.11.22-00.31.02:736][487]LogPlayLevel: PIE: World Init took: (0.000724s)
[2019.11.22-00.31.02:736][487]LogPlayLevel: PIE: Created PIE world by copying editor world from /Game/WAR/WAR_hill.WAR_hill to /Game/WAR/UEDPIE_0_WAR_hill.WAR_hill (0.033927s)
[2019.11.22-00.31.02:758][487]LogUObjectHash: Compacting FUObjectHashTables data took   1.16ms
[2019.11.22-00.31.02:766][487]LogInit: XAudio2 using 'Speakers / Headphones (Realtek High Definition Audio)' : 2 channels at 48 kHz using 32 bits per sample (channel mask 0x3)
[2019.11.22-00.31.02:790][487]LogInit: FAudioDevice initialized.
[2019.11.22-00.31.02:822][487]LogLoad: Game class is 'FirstPersonGameMode_C'
[2019.11.22-00.31.02:824][487]LogWorld: Bringing World /Game/WAR/UEDPIE_0_WAR_hill.WAR_hill up for play (max tick rate 0) at 2019.11.21-18.31.02
[2019.11.22-00.31.02:824][487]LogWorld: Bringing up level for play took: 0.002165
[2019.11.22-00.31.02:837][487]PIE: Play in editor start time for /Game/WAR/UEDPIE_0_WAR_hill 0.623
[2019.11.22-00.31.02:838][487]LogBlueprintUserMessages: Late PlayInEditor Detection: Level '/Game/WAR/WAR_hill.WAR_hill:PersistentLevel' has LevelScriptBlueprint '/Game/WAR/WAR_hill.WAR_hill:PersistentLevel.WAR_hill' with GeneratedClass '/Game/WAR/WAR_hill.WAR_hill_C' with ClassGeneratedBy '/Game/WAR/WAR_hill.WAR_hill:PersistentLevel.WAR_hill'
[2019.11.22-00.31.50:536][445]LogBlueprintUserMessages: Early EndPlayMap Detection: Level '/Game/WAR/WAR_hill.WAR_hill:PersistentLevel' has LevelScriptBlueprint '/Game/WAR/WAR_hill.WAR_hill:PersistentLevel.WAR_hill' with GeneratedClass '/Game/WAR/WAR_hill.WAR_hill_C' with ClassGeneratedBy '/Game/WAR/WAR_hill.WAR_hill:PersistentLevel.WAR_hill'
[2019.11.22-00.31.50:536][445]LogSlate: Updating window title bar state: overlay mode, drag disabled, window buttons hidden, title bar hidden
[2019.11.22-00.31.50:593][445]LogPlayLevel: Display: Shutting down PIE online subsystems
[2019.11.22-00.31.50:593][445]LogBlueprintUserMessages: Late EndPlayMap Detection: Level '/Game/WAR/WAR_hill.WAR_hill:PersistentLevel' has LevelScriptBlueprint '/Game/WAR/WAR_hill.WAR_hill:PersistentLevel.WAR_hill' with GeneratedClass '/Game/WAR/WAR_hill.WAR_hill_C' with ClassGeneratedBy '/Game/WAR/WAR_hill.WAR_hill:PersistentLevel.WAR_hill'
[2019.11.22-00.31.50:622][445]LogSlate: Updating window title bar state: overlay mode, drag disabled, window buttons hidden, title bar hidden
[2019.11.22-00.31.50:624][445]LogUObjectHash: Compacting FUObjectHashTables data took   1.26ms
[2019.11.22-00.31.50:661][446]LogPlayLevel: Display: Destroying online subsystem :Context_9
[2019.11.22-00.31.54:804][586]LogSlate: FSceneViewport::OnFocusLost() reason 2
[2019.11.22-00.31.57:248][668]LogSlate: FSceneViewport::OnFocusLost() reason 0
[2019.11.22-00.32.20:235][458]LogSlate: FSceneViewport::OnFocusLost() reason 0
[2019.11.22-00.34.35:092][974]LogSlate: FSceneViewport::OnFocusLost() reason 2
[2019.11.22-00.34.45:967][327]Cmd: TRANSACTION UNDO
[2019.11.22-00.34.45:967][327]LogEditorTransaction: Undo Landscape Editing: Smooth
[2019.11.22-00.34.46:031][327]LogTexture: Display: Building textures: Texture2D_0 (BGRA8, 256X256)
[2019.11.22-00.34.46:231][333]Cmd: TRANSACTION UNDO
[2019.11.22-00.34.46:231][333]LogEditorTransaction: Undo Landscape Editing: Sculpt
[2019.11.22-00.34.46:334][333]LogTexture: Display: Building textures: Texture2D_0 (BGRA8, 256X256)
[2019.11.22-00.34.46:586][334]Cmd: TRANSACTION UNDO
[2019.11.22-00.34.46:586][334]LogEditorTransaction: Undo Landscape Editing: Sculpt
[2019.11.22-00.34.46:640][334]LogTexture: Display: Building textures: Texture2D_0 (BGRA8, 256X256)
[2019.11.22-00.34.53:087][539]LogSlate: FSceneViewport::OnFocusLost() reason 2
[2019.11.22-00.35.01:312][812]Cmd: TRANSACTION UNDO
[2019.11.22-00.35.01:312][812]LogEditorTransaction: Undo Landscape Editing: Sculpt
[2019.11.22-00.36.02:551][854]LogSlate: FSceneViewport::OnFocusLost() reason 0
[2019.11.22-00.36.02:704][857]Cmd: OBJ SAVEPACKAGE PACKAGE="/Game/WAR/WAR_hill" FILE="../../../../Users/W207542133/Desktop/WAR/WAR/Content/WAR/WAR_hill.umap" SILENT=true AUTOSAVING=false KEEPDIRTY=false
[2019.11.22-00.36.02:732][857]LogUObjectHash: Compacting FUObjectHashTables data took   1.26ms
[2019.11.22-00.36.02:880][857]LogTexture: Display: Building textures: Texture2D_0 (BGRA8, 256X256)
[2019.11.22-00.36.03:172][857]LogSavePackage: Moving '../../../../Users/W207542133/Desktop/WAR/WAR/Saved/WAR_hillB042079D462A0DB1D0E79287AD432854.tmp' to '../../../../Users/W207542133/Desktop/WAR/WAR/Content/WAR/WAR_hill.umap'
